TpTrace Verbose: 0 : 13176, 1, 2025/01/19, 20:31:44.322, 21846925770968, vstest.console.dll, Version: 17.12.0-release-24508-01 Current process architecture: X64
TpTrace Verbose: 0 : 13176, 1, 2025/01/19, 20:31:44.326, 21846925808507, vstest.console.dll, Runtime location: C:\Program Files\dotnet\shared\Microsoft.NETCore.App\9.0.0
TpTrace Verbose: 0 : 13176, 1, 2025/01/19, 20:31:44.329, 21846925841479, vstest.console.dll, ArtifactProcessingPostProcessModeProcessorExecutor.Initialize: ArtifactProcessingMode.Collect
TpTrace Verbose: 0 : 13176, 1, 2025/01/19, 20:31:44.329, 21846925842803, vstest.console.dll, TestSessionCorrelationIdProcessorModeProcessorExecutor.Initialize: TestSessionCorrelationId '2036_c19503a0-912a-41cc-bf65-c3399d66292a'
TpTrace Information: 0 : 13176, 1, 2025/01/19, 20:31:44.337, 21846925923044, vstest.console.dll, FilePatternParser: The given file C:\Users\ahmed\Desktop\VVS\VVSProjekatDio3\bin\Debug\net8.0\fine-code-coverage\build-output\VVSProjekatDio3.dll is a full path.
TpTrace Verbose: 0 : 13176, 1, 2025/01/19, 20:31:44.343, 21846925985149, vstest.console.dll, TestPluginCache.DiscoverTestExtensions: finding test extensions in assemblies ends with: RuntimeProvider.dll TPluginInfo: Microsoft.VisualStudio.TestPlatform.Common.ExtensionFramework.Utilities.TestRuntimePluginInformation TExtension: Microsoft.VisualStudio.TestPlatform.ObjectModel.Host.ITestRuntimeProvider
TpTrace Verbose: 0 : 13176, 1, 2025/01/19, 20:31:44.344, 21846925988838, vstest.console.dll, TestPluginCache.GetExtensionPaths: Filtered extension paths: 
TpTrace Verbose: 0 : 13176, 1, 2025/01/19, 20:31:44.344, 21846925989643, vstest.console.dll, TestPluginCache.GetExtensionPaths: Added default extension paths: C:\Program Files\dotnet\sdk\9.0.100\Extensions\Microsoft.Diagnostics.NETCore.Client.dll
C:\Program Files\dotnet\sdk\9.0.100\Extensions\Microsoft.TestPlatform.Extensions.BlameDataCollector.dll
C:\Program Files\dotnet\sdk\9.0.100\Extensions\Microsoft.TestPlatform.Extensions.EventLogCollector.dll
C:\Program Files\dotnet\sdk\9.0.100\Extensions\Microsoft.TestPlatform.TestHostRuntimeProvider.dll
C:\Program Files\dotnet\sdk\9.0.100\Extensions\Microsoft.VisualStudio.TestPlatform.Extensions.Html.TestLogger.dll
C:\Program Files\dotnet\sdk\9.0.100\Extensions\Microsoft.VisualStudio.TestPlatform.Extensions.Trx.TestLogger.dll
TpTrace Verbose: 0 : 13176, 1, 2025/01/19, 20:31:44.344, 21846925989937, vstest.console.dll, TestPluginCache.GetExtensionPaths: Added unfilterableExtensionPaths: 
TpTrace Information: 0 : 13176, 1, 2025/01/19, 20:31:44.344, 21846925995922, vstest.console.dll, AssemblyResolver.ctor: Creating AssemblyResolver with searchDirectories C:\Program Files\dotnet\sdk\9.0.100\Extensions,C:\Program Files\dotnet\sdk\9.0.100
TpTrace Verbose: 0 : 13176, 1, 2025/01/19, 20:31:44.346, 21846926009762, vstest.console.dll, TestPluginCache.DiscoverTestExtensions: Discovering the extensions using extension path.
TpTrace Verbose: 0 : 13176, 1, 2025/01/19, 20:31:44.346, 21846926011146, vstest.console.dll, TestPluginCache.GetExtensionPaths: Filtered extension paths: 
TpTrace Verbose: 0 : 13176, 1, 2025/01/19, 20:31:44.346, 21846926011560, vstest.console.dll, TestPluginCache.GetExtensionPaths: Added default extension paths: C:\Program Files\dotnet\sdk\9.0.100\Extensions\Microsoft.Diagnostics.NETCore.Client.dll
C:\Program Files\dotnet\sdk\9.0.100\Extensions\Microsoft.TestPlatform.Extensions.BlameDataCollector.dll
C:\Program Files\dotnet\sdk\9.0.100\Extensions\Microsoft.TestPlatform.Extensions.EventLogCollector.dll
C:\Program Files\dotnet\sdk\9.0.100\Extensions\Microsoft.TestPlatform.TestHostRuntimeProvider.dll
C:\Program Files\dotnet\sdk\9.0.100\Extensions\Microsoft.VisualStudio.TestPlatform.Extensions.Html.TestLogger.dll
C:\Program Files\dotnet\sdk\9.0.100\Extensions\Microsoft.VisualStudio.TestPlatform.Extensions.Trx.TestLogger.dll
TpTrace Verbose: 0 : 13176, 1, 2025/01/19, 20:31:44.346, 21846926011825, vstest.console.dll, TestPluginCache.GetExtensionPaths: Added unfilterableExtensionPaths: 
TpTrace Verbose: 0 : 13176, 1, 2025/01/19, 20:31:44.346, 21846926012403, vstest.console.dll, TestPluginCache.DiscoverTestExtensions: Discovering the extensions using allExtensionPaths: C:\Program Files\dotnet\sdk\9.0.100\Extensions\Microsoft.Diagnostics.NETCore.Client.dll
C:\Program Files\dotnet\sdk\9.0.100\Extensions\Microsoft.TestPlatform.Extensions.BlameDataCollector.dll
C:\Program Files\dotnet\sdk\9.0.100\Extensions\Microsoft.TestPlatform.Extensions.EventLogCollector.dll
C:\Program Files\dotnet\sdk\9.0.100\Extensions\Microsoft.TestPlatform.TestHostRuntimeProvider.dll
C:\Program Files\dotnet\sdk\9.0.100\Extensions\Microsoft.VisualStudio.TestPlatform.Extensions.Html.TestLogger.dll
C:\Program Files\dotnet\sdk\9.0.100\Extensions\Microsoft.VisualStudio.TestPlatform.Extensions.Trx.TestLogger.dll
TpTrace Information: 0 : 13176, 1, 2025/01/19, 20:31:44.346, 21846926014087, vstest.console.dll, AssemblyResolver.AddSearchDirectories: Adding more searchDirectories C:\Program Files\dotnet\sdk\9.0.100\Extensions,C:\Program Files\dotnet\sdk\9.0.100
TpTrace Information: 0 : 13176, 1, 2025/01/19, 20:31:44.346, 21846926014616, vstest.console.dll, AssemblyResolver.AddSearchDirectories: Adding more searchDirectories C:\Program Files\dotnet\sdk\9.0.100\Extensions,C:\Program Files\dotnet\sdk\9.0.100
TpTrace Information: 0 : 13176, 1, 2025/01/19, 20:31:44.346, 21846926014935, vstest.console.dll, AssemblyResolver.AddSearchDirectories: Adding more searchDirectories C:\Program Files\dotnet\sdk\9.0.100\Extensions,C:\Program Files\dotnet\sdk\9.0.100
TpTrace Information: 0 : 13176, 1, 2025/01/19, 20:31:44.346, 21846926015190, vstest.console.dll, AssemblyResolver.AddSearchDirectories: Adding more searchDirectories C:\Program Files\dotnet\sdk\9.0.100\Extensions,C:\Program Files\dotnet\sdk\9.0.100
TpTrace Information: 0 : 13176, 1, 2025/01/19, 20:31:44.346, 21846926015441, vstest.console.dll, AssemblyResolver.AddSearchDirectories: Adding more searchDirectories C:\Program Files\dotnet\sdk\9.0.100\Extensions,C:\Program Files\dotnet\sdk\9.0.100
TpTrace Information: 0 : 13176, 1, 2025/01/19, 20:31:44.346, 21846926015689, vstest.console.dll, AssemblyResolver.AddSearchDirectories: Adding more searchDirectories C:\Program Files\dotnet\sdk\9.0.100\Extensions,C:\Program Files\dotnet\sdk\9.0.100
TpTrace Information: 0 : 13176, 1, 2025/01/19, 20:31:44.347, 21846926021250, vstest.console.dll, AssemblyResolver.OnResolve: Microsoft.Diagnostics.NETCore.Client: Resolving assembly.
TpTrace Information: 0 : 13176, 1, 2025/01/19, 20:31:44.347, 21846926022094, vstest.console.dll, AssemblyResolver.OnResolve: Microsoft.Diagnostics.NETCore.Client: Searching in: 'C:\Program Files\dotnet\sdk\9.0.100\Extensions'.
TpTrace Information: 0 : 13176, 1, 2025/01/19, 20:31:44.363, 21846926178931, vstest.console.dll, AssemblyResolver.OnResolve: Microsoft.Diagnostics.NETCore.Client: Loading assembly 'C:\Program Files\dotnet\sdk\9.0.100\Extensions\Microsoft.Diagnostics.NETCore.Client.dll'.
TpTrace Information: 0 : 13176, 1, 2025/01/19, 20:31:44.364, 21846926187995, vstest.console.dll, AssemblyResolver.OnResolve: Resolved assembly: Microsoft.Diagnostics.NETCore.Client, from path: C:\Program Files\dotnet\sdk\9.0.100\Extensions\Microsoft.Diagnostics.NETCore.Client.dll
TpTrace Verbose: 0 : 13176, 1, 2025/01/19, 20:31:44.365, 21846926199371, vstest.console.dll, MetadataReaderExtensionsHelper: Discovering extensions inside assembly 'Microsoft.Diagnostics.NETCore.Client, Version=0.2.10.41601, Culture=neutral, PublicKeyToken=31bf3856ad364e35' file path 'C:\Program Files\dotnet\sdk\9.0.100\Extensions\Microsoft.Diagnostics.NETCore.Client.dll'
TpTrace Information: 0 : 13176, 1, 2025/01/19, 20:31:44.369, 21846926239992, vstest.console.dll, AssemblyResolver.OnResolve: Microsoft.Bcl.AsyncInterfaces: Resolving assembly.
TpTrace Information: 0 : 13176, 1, 2025/01/19, 20:31:44.369, 21846926240706, vstest.console.dll, AssemblyResolver.OnResolve: Microsoft.Bcl.AsyncInterfaces: Searching in: 'C:\Program Files\dotnet\sdk\9.0.100\Extensions'.
TpTrace Information: 0 : 13176, 1, 2025/01/19, 20:31:44.369, 21846926241458, vstest.console.dll, AssemblyResolver.OnResolve: Microsoft.Bcl.AsyncInterfaces: Assembly path does not exist: 'C:\Program Files\dotnet\sdk\9.0.100\Extensions\Microsoft.Bcl.AsyncInterfaces.dll', returning.
TpTrace Information: 0 : 13176, 1, 2025/01/19, 20:31:44.369, 21846926242670, vstest.console.dll, AssemblyResolver.OnResolve: Microsoft.Bcl.AsyncInterfaces: Assembly path does not exist: 'C:\Program Files\dotnet\sdk\9.0.100\Extensions\Microsoft.Bcl.AsyncInterfaces.exe', returning.
TpTrace Information: 0 : 13176, 1, 2025/01/19, 20:31:44.369, 21846926243053, vstest.console.dll, AssemblyResolver.OnResolve: Microsoft.Bcl.AsyncInterfaces: Searching in: 'C:\Program Files\dotnet\sdk\9.0.100'.
TpTrace Information: 0 : 13176, 1, 2025/01/19, 20:31:44.369, 21846926243592, vstest.console.dll, AssemblyResolver.OnResolve: Microsoft.Bcl.AsyncInterfaces: Assembly path does not exist: 'C:\Program Files\dotnet\sdk\9.0.100\Microsoft.Bcl.AsyncInterfaces.dll', returning.
TpTrace Information: 0 : 13176, 1, 2025/01/19, 20:31:44.369, 21846926244090, vstest.console.dll, AssemblyResolver.OnResolve: Microsoft.Bcl.AsyncInterfaces: Assembly path does not exist: 'C:\Program Files\dotnet\sdk\9.0.100\Microsoft.Bcl.AsyncInterfaces.exe', returning.
TpTrace Information: 0 : 13176, 1, 2025/01/19, 20:31:44.369, 21846926244352, vstest.console.dll, AssemblyResolver.OnResolve: Microsoft.Bcl.AsyncInterfaces: Failed to load assembly.
TpTrace Verbose: 0 : 13176, 1, 2025/01/19, 20:31:44.369, 21846926244751, vstest.console.dll, CurrentDomainAssemblyResolve: Resolving assembly 'Microsoft.Bcl.AsyncInterfaces'.
TpTrace Information: 0 : 13176, 1, 2025/01/19, 20:31:44.369, 21846926245294, vstest.console.dll, AssemblyResolver.OnResolve: Microsoft.Bcl.AsyncInterfaces: Resolving assembly.
TpTrace Information: 0 : 13176, 1, 2025/01/19, 20:31:44.369, 21846926245603, vstest.console.dll, AssemblyResolver.OnResolve: Microsoft.Bcl.AsyncInterfaces: Resolved from cache.
TpTrace Verbose: 0 : 13176, 1, 2025/01/19, 20:31:44.369, 21846926245841, vstest.console.dll, CurrentDomainAssemblyResolve: Resolving assembly 'Microsoft.Bcl.AsyncInterfaces'.
TpTrace Verbose: 0 : 13176, 1, 2025/01/19, 20:31:44.369, 21846926246243, vstest.console.dll, CurrentDomainAssemblyResolve: Failed to resolve assembly 'Microsoft.Bcl.AsyncInterfaces'.
TpTrace Verbose: 0 : 13176, 1, 2025/01/19, 20:31:44.370, 21846926253149, vstest.console.dll, CurrentDomainAssemblyResolve: Failed to resolve assembly 'Microsoft.Bcl.AsyncInterfaces'.
TpTrace Warning: 0 : 13176, 1, 2025/01/19, 20:31:44.380, 21846926356344, vstest.console.dll, TestPluginDiscoverer: Failed to get types from assembly 'Microsoft.Diagnostics.NETCore.Client, Version=0.2.10.41601, Culture=neutral, PublicKeyToken=31bf3856ad364e35'. Error: System.Reflection.ReflectionTypeLoadException: Unable to load one or more of the requested types.
Could not load file or assembly 'Microsoft.Bcl.AsyncInterfaces, Version=6.0.0.0, Culture=neutral, PublicKeyToken=cc7b13ffcd2ddd51'. The system cannot find the file specified.
   at System.Reflection.RuntimeModule.GetDefinedTypes()
   at System.Reflection.RuntimeModule.GetTypes()
   at Microsoft.VisualStudio.TestPlatform.Common.ExtensionFramework.TestPluginDiscoverer.GetTestExtensionsFromAssembly[TPluginInfo,TExtension](Assembly assembly, Dictionary`2 pluginInfos, String filePath) in /_/src/Microsoft.TestPlatform.Common/ExtensionFramework/TestPluginDiscoverer.cs:line 159
System.IO.FileNotFoundException: Could not load file or assembly 'Microsoft.Bcl.AsyncInterfaces, Version=6.0.0.0, Culture=neutral, PublicKeyToken=cc7b13ffcd2ddd51'. The system cannot find the file specified.
File name: 'Microsoft.Bcl.AsyncInterfaces, Version=6.0.0.0, Culture=neutral, PublicKeyToken=cc7b13ffcd2ddd51'
 ---> System.IO.FileNotFoundException: Could not load file or assembly 'Microsoft.Bcl.AsyncInterfaces, Culture=neutral, PublicKeyToken=null'. The system cannot find the file specified.
File name: 'Microsoft.Bcl.AsyncInterfaces, Culture=neutral, PublicKeyToken=null'
   at System.Reflection.RuntimeAssembly.InternalLoad(AssemblyName assemblyName, StackCrawlMark& stackMark, AssemblyLoadContext assemblyLoadContext, RuntimeAssembly requestingAssembly, Boolean throwOnFileNotFound)
   at System.Reflection.Assembly.Load(AssemblyName assemblyRef)
   at Microsoft.VisualStudio.TestPlatform.Common.ExtensionFramework.TestPluginCache.CurrentDomainAssemblyResolve(Object sender, AssemblyResolveEventArgs args) in /_/src/Microsoft.TestPlatform.Common/ExtensionFramework/TestPluginCache.cs:line 514
   at System.Runtime.Loader.AssemblyLoadContext.GetFirstResolvedAssemblyFromResolvingEvent(AssemblyName assemblyName)
   at System.Runtime.Loader.AssemblyLoadContext.ResolveUsingEvent(AssemblyName assemblyName)
   at System.Runtime.Loader.AssemblyLoadContext.ResolveUsingResolvingEvent(IntPtr gchManagedAssemblyLoadContext, AssemblyName assemblyName)
TpTrace Warning: 0 : 13176, 1, 2025/01/19, 20:31:44.381, 21846926359651, vstest.console.dll, LoaderExceptions: System.IO.FileNotFoundException: Could not load file or assembly 'Microsoft.Bcl.AsyncInterfaces, Version=6.0.0.0, Culture=neutral, PublicKeyToken=cc7b13ffcd2ddd51'. The system cannot find the file specified.
File name: 'Microsoft.Bcl.AsyncInterfaces, Version=6.0.0.0, Culture=neutral, PublicKeyToken=cc7b13ffcd2ddd51'
 ---> System.IO.FileNotFoundException: Could not load file or assembly 'Microsoft.Bcl.AsyncInterfaces, Culture=neutral, PublicKeyToken=null'. The system cannot find the file specified.
File name: 'Microsoft.Bcl.AsyncInterfaces, Culture=neutral, PublicKeyToken=null'
   at System.Reflection.RuntimeAssembly.InternalLoad(AssemblyName assemblyName, StackCrawlMark& stackMark, AssemblyLoadContext assemblyLoadContext, RuntimeAssembly requestingAssembly, Boolean throwOnFileNotFound)
   at System.Reflection.Assembly.Load(AssemblyName assemblyRef)
   at Microsoft.VisualStudio.TestPlatform.Common.ExtensionFramework.TestPluginCache.CurrentDomainAssemblyResolve(Object sender, AssemblyResolveEventArgs args) in /_/src/Microsoft.TestPlatform.Common/ExtensionFramework/TestPluginCache.cs:line 514
   at System.Runtime.Loader.AssemblyLoadContext.GetFirstResolvedAssemblyFromResolvingEvent(AssemblyName assemblyName)
   at System.Runtime.Loader.AssemblyLoadContext.ResolveUsingEvent(AssemblyName assemblyName)
   at System.Runtime.Loader.AssemblyLoadContext.ResolveUsingResolvingEvent(IntPtr gchManagedAssemblyLoadContext, AssemblyName assemblyName)
TpTrace Information: 0 : 13176, 1, 2025/01/19, 20:31:44.381, 21846926361027, vstest.console.dll, AssemblyResolver.OnResolve: Microsoft.TestPlatform.Extensions.BlameDataCollector: Resolving assembly.
TpTrace Information: 0 : 13176, 1, 2025/01/19, 20:31:44.381, 21846926361395, vstest.console.dll, AssemblyResolver.OnResolve: Microsoft.TestPlatform.Extensions.BlameDataCollector: Searching in: 'C:\Program Files\dotnet\sdk\9.0.100\Extensions'.
TpTrace Information: 0 : 13176, 1, 2025/01/19, 20:31:44.382, 21846926372222, vstest.console.dll, AssemblyResolver.OnResolve: Microsoft.TestPlatform.Extensions.BlameDataCollector: Loading assembly 'C:\Program Files\dotnet\sdk\9.0.100\Extensions\Microsoft.TestPlatform.Extensions.BlameDataCollector.dll'.
TpTrace Information: 0 : 13176, 1, 2025/01/19, 20:31:44.383, 21846926382325, vstest.console.dll, AssemblyResolver.OnResolve: Resolved assembly: Microsoft.TestPlatform.Extensions.BlameDataCollector, from path: C:\Program Files\dotnet\sdk\9.0.100\Extensions\Microsoft.TestPlatform.Extensions.BlameDataCollector.dll
TpTrace Verbose: 0 : 13176, 1, 2025/01/19, 20:31:44.383, 21846926383450, vstest.console.dll, MetadataReaderExtensionsHelper: Discovering extensions inside assembly 'Microsoft.TestPlatform.Extensions.BlameDataCollector, Version=15.0.0.0, Culture=neutral, PublicKeyToken=b03f5f7f11d50a3a' file path 'C:\Program Files\dotnet\sdk\9.0.100\Extensions\Microsoft.TestPlatform.Extensions.BlameDataCollector.dll'
TpTrace Information: 0 : 13176, 1, 2025/01/19, 20:31:44.385, 21846926404775, vstest.console.dll, AssemblyResolver.OnResolve: Microsoft.TestPlatform.Extensions.EventLogCollector: Resolving assembly.
TpTrace Information: 0 : 13176, 1, 2025/01/19, 20:31:44.385, 21846926405521, vstest.console.dll, AssemblyResolver.OnResolve: Microsoft.TestPlatform.Extensions.EventLogCollector: Searching in: 'C:\Program Files\dotnet\sdk\9.0.100\Extensions'.
TpTrace Information: 0 : 13176, 1, 2025/01/19, 20:31:44.386, 21846926414107, vstest.console.dll, AssemblyResolver.OnResolve: Microsoft.TestPlatform.Extensions.EventLogCollector: Loading assembly 'C:\Program Files\dotnet\sdk\9.0.100\Extensions\Microsoft.TestPlatform.Extensions.EventLogCollector.dll'.
TpTrace Information: 0 : 13176, 1, 2025/01/19, 20:31:44.387, 21846926420847, vstest.console.dll, AssemblyResolver.OnResolve: Resolved assembly: Microsoft.TestPlatform.Extensions.EventLogCollector, from path: C:\Program Files\dotnet\sdk\9.0.100\Extensions\Microsoft.TestPlatform.Extensions.EventLogCollector.dll
TpTrace Verbose: 0 : 13176, 1, 2025/01/19, 20:31:44.387, 21846926421629, vstest.console.dll, MetadataReaderExtensionsHelper: Discovering extensions inside assembly 'Microsoft.TestPlatform.Extensions.EventLogCollector, Version=15.0.0.0, Culture=neutral, PublicKeyToken=b03f5f7f11d50a3a' file path 'C:\Program Files\dotnet\sdk\9.0.100\Extensions\Microsoft.TestPlatform.Extensions.EventLogCollector.dll'
TpTrace Information: 0 : 13176, 1, 2025/01/19, 20:31:44.390, 21846926448115, vstest.console.dll, AssemblyResolver.OnResolve: Microsoft.TestPlatform.TestHostRuntimeProvider: Resolving assembly.
TpTrace Information: 0 : 13176, 1, 2025/01/19, 20:31:44.390, 21846926449005, vstest.console.dll, AssemblyResolver.OnResolve: Microsoft.TestPlatform.TestHostRuntimeProvider: Searching in: 'C:\Program Files\dotnet\sdk\9.0.100\Extensions'.
TpTrace Information: 0 : 13176, 1, 2025/01/19, 20:31:44.390, 21846926455007, vstest.console.dll, AssemblyResolver.OnResolve: Microsoft.TestPlatform.TestHostRuntimeProvider: Loading assembly 'C:\Program Files\dotnet\sdk\9.0.100\Extensions\Microsoft.TestPlatform.TestHostRuntimeProvider.dll'.
TpTrace Information: 0 : 13176, 1, 2025/01/19, 20:31:44.391, 21846926461848, vstest.console.dll, AssemblyResolver.OnResolve: Resolved assembly: Microsoft.TestPlatform.TestHostRuntimeProvider, from path: C:\Program Files\dotnet\sdk\9.0.100\Extensions\Microsoft.TestPlatform.TestHostRuntimeProvider.dll
TpTrace Verbose: 0 : 13176, 1, 2025/01/19, 20:31:44.391, 21846926462676, vstest.console.dll, MetadataReaderExtensionsHelper: Discovering extensions inside assembly 'Microsoft.TestPlatform.TestHostRuntimeProvider, Version=15.0.0.0, Culture=neutral, PublicKeyToken=b03f5f7f11d50a3a' file path 'C:\Program Files\dotnet\sdk\9.0.100\Extensions\Microsoft.TestPlatform.TestHostRuntimeProvider.dll'
TpTrace Information: 0 : 13176, 1, 2025/01/19, 20:31:44.393, 21846926481355, vstest.console.dll, GetTestExtensionFromType: Register extension with identifier data 'HostProvider://DefaultTestHost' and type 'Microsoft.VisualStudio.TestPlatform.CrossPlatEngine.Hosting.DefaultTestHostManager, Microsoft.TestPlatform.TestHostRuntimeProvider, Version=15.0.0.0, Culture=neutral, PublicKeyToken=b03f5f7f11d50a3a' inside file 'C:\Program Files\dotnet\sdk\9.0.100\Extensions\Microsoft.TestPlatform.TestHostRuntimeProvider.dll'
TpTrace Information: 0 : 13176, 1, 2025/01/19, 20:31:44.393, 21846926484645, vstest.console.dll, GetTestExtensionFromType: Register extension with identifier data 'HostProvider://DotnetTestHost' and type 'Microsoft.VisualStudio.TestPlatform.CrossPlatEngine.Hosting.DotnetTestHostManager, Microsoft.TestPlatform.TestHostRuntimeProvider, Version=15.0.0.0, Culture=neutral, PublicKeyToken=b03f5f7f11d50a3a' inside file 'C:\Program Files\dotnet\sdk\9.0.100\Extensions\Microsoft.TestPlatform.TestHostRuntimeProvider.dll'
TpTrace Information: 0 : 13176, 1, 2025/01/19, 20:31:44.393, 21846926485640, vstest.console.dll, AssemblyResolver.OnResolve: Microsoft.VisualStudio.TestPlatform.Extensions.Html.TestLogger: Resolving assembly.
TpTrace Information: 0 : 13176, 1, 2025/01/19, 20:31:44.393, 21846926486042, vstest.console.dll, AssemblyResolver.OnResolve: Microsoft.VisualStudio.TestPlatform.Extensions.Html.TestLogger: Searching in: 'C:\Program Files\dotnet\sdk\9.0.100\Extensions'.
TpTrace Information: 0 : 13176, 1, 2025/01/19, 20:31:44.394, 21846926492475, vstest.console.dll, AssemblyResolver.OnResolve: Microsoft.VisualStudio.TestPlatform.Extensions.Html.TestLogger: Loading assembly 'C:\Program Files\dotnet\sdk\9.0.100\Extensions\Microsoft.VisualStudio.TestPlatform.Extensions.Html.TestLogger.dll'.
TpTrace Information: 0 : 13176, 1, 2025/01/19, 20:31:44.395, 21846926499475, vstest.console.dll, AssemblyResolver.OnResolve: Resolved assembly: Microsoft.VisualStudio.TestPlatform.Extensions.Html.TestLogger, from path: C:\Program Files\dotnet\sdk\9.0.100\Extensions\Microsoft.VisualStudio.TestPlatform.Extensions.Html.TestLogger.dll
TpTrace Verbose: 0 : 13176, 1, 2025/01/19, 20:31:44.395, 21846926500452, vstest.console.dll, MetadataReaderExtensionsHelper: Discovering extensions inside assembly 'Microsoft.VisualStudio.TestPlatform.Extensions.Html.TestLogger, Version=15.0.0.0, Culture=neutral, PublicKeyToken=b03f5f7f11d50a3a' file path 'C:\Program Files\dotnet\sdk\9.0.100\Extensions\Microsoft.VisualStudio.TestPlatform.Extensions.Html.TestLogger.dll'
TpTrace Information: 0 : 13176, 1, 2025/01/19, 20:31:44.396, 21846926512574, vstest.console.dll, AssemblyResolver.OnResolve: Microsoft.VisualStudio.TestPlatform.Extensions.Trx.TestLogger: Resolving assembly.
TpTrace Information: 0 : 13176, 1, 2025/01/19, 20:31:44.396, 21846926513387, vstest.console.dll, AssemblyResolver.OnResolve: Microsoft.VisualStudio.TestPlatform.Extensions.Trx.TestLogger: Searching in: 'C:\Program Files\dotnet\sdk\9.0.100\Extensions'.
TpTrace Information: 0 : 13176, 1, 2025/01/19, 20:31:44.397, 21846926519662, vstest.console.dll, AssemblyResolver.OnResolve: Microsoft.VisualStudio.TestPlatform.Extensions.Trx.TestLogger: Loading assembly 'C:\Program Files\dotnet\sdk\9.0.100\Extensions\Microsoft.VisualStudio.TestPlatform.Extensions.Trx.TestLogger.dll'.
TpTrace Information: 0 : 13176, 1, 2025/01/19, 20:31:44.398, 21846926526750, vstest.console.dll, AssemblyResolver.OnResolve: Resolved assembly: Microsoft.VisualStudio.TestPlatform.Extensions.Trx.TestLogger, from path: C:\Program Files\dotnet\sdk\9.0.100\Extensions\Microsoft.VisualStudio.TestPlatform.Extensions.Trx.TestLogger.dll
TpTrace Verbose: 0 : 13176, 1, 2025/01/19, 20:31:44.398, 21846926527576, vstest.console.dll, MetadataReaderExtensionsHelper: Discovering extensions inside assembly 'Microsoft.VisualStudio.TestPlatform.Extensions.Trx.TestLogger, Version=15.0.0.0, Culture=neutral, PublicKeyToken=b03f5f7f11d50a3a' file path 'C:\Program Files\dotnet\sdk\9.0.100\Extensions\Microsoft.VisualStudio.TestPlatform.Extensions.Trx.TestLogger.dll'
TpTrace Verbose: 0 : 13176, 1, 2025/01/19, 20:31:44.399, 21846926544263, vstest.console.dll, TestPluginCache: Discovered the extensions using extension path ''.
TpTrace Verbose: 0 : 13176, 1, 2025/01/19, 20:31:44.399, 21846926545104, vstest.console.dll, TestPluginCache: Discoverers are ''.
TpTrace Verbose: 0 : 13176, 1, 2025/01/19, 20:31:44.399, 21846926545349, vstest.console.dll, TestPluginCache: Executors are ''.
TpTrace Verbose: 0 : 13176, 1, 2025/01/19, 20:31:44.399, 21846926545566, vstest.console.dll, TestPluginCache: Executors2 are ''.
TpTrace Verbose: 0 : 13176, 1, 2025/01/19, 20:31:44.399, 21846926545776, vstest.console.dll, TestPluginCache: Setting providers are ''.
TpTrace Verbose: 0 : 13176, 1, 2025/01/19, 20:31:44.399, 21846926546188, vstest.console.dll, TestPluginCache: Loggers are ''.
TpTrace Verbose: 0 : 13176, 1, 2025/01/19, 20:31:44.400, 21846926547922, vstest.console.dll, TestPluginCache: TestHosts are 'HostProvider://DefaultTestHost,HostProvider://DotnetTestHost'.
TpTrace Verbose: 0 : 13176, 1, 2025/01/19, 20:31:44.400, 21846926548270, vstest.console.dll, TestPluginCache: DataCollectors are ''.
TpTrace Information: 0 : 13176, 1, 2025/01/19, 20:31:44.415, 21846926703461, vstest.console.dll, RunTestsArgumentProcessor:Execute: Test run is starting.
TpTrace Verbose: 0 : 13176, 1, 2025/01/19, 20:31:44.415, 21846926704164, vstest.console.dll, RunTestsArgumentProcessor:Execute: Queuing Test run.
TpTrace Information: 0 : 13176, 1, 2025/01/19, 20:31:44.415, 21846926706339, vstest.console.dll, TestRequestManager.RunTests: run tests started.
TpTrace Information: 0 : 13176, 1, 2025/01/19, 20:31:44.417, 21846926718075, vstest.console.dll, AssemblyMetadataProvider.GetFrameworkName: Determined framework:'.NETCoreApp,Version=v8.0' for source: 'C:\Users\ahmed\Desktop\VVS\VVSProjekatDio3\bin\Debug\net8.0\fine-code-coverage\build-output\VVSProjekatDio3.dll'
TpTrace Information: 0 : 13176, 1, 2025/01/19, 20:31:44.417, 21846926719768, vstest.console.dll, Determined framework for all sources: .NETCoreApp,Version=v8.0
TpTrace Verbose: 0 : 13176, 1, 2025/01/19, 20:31:44.417, 21846926723003, vstest.console.dll, TestRequestManager.UpdateRunSettingsIfRequired: Default architecture: X64 IsDefaultTargetArchitecture: True, Current process architecture: X64 OperatingSystem: Windows.
TpTrace Information: 0 : 13176, 1, 2025/01/19, 20:31:44.419, 21846926740273, vstest.console.dll, AssemblyMetadataProvider.GetArchitecture: Determined architecture:AnyCPU info for assembly: C:\Users\ahmed\Desktop\VVS\VVSProjekatDio3\bin\Debug\net8.0\fine-code-coverage\build-output\VVSProjekatDio3.dll
TpTrace Information: 0 : 13176, 1, 2025/01/19, 20:31:44.419, 21846926740937, vstest.console.dll, Determined platform for source 'C:\Users\ahmed\Desktop\VVS\VVSProjekatDio3\bin\Debug\net8.0\fine-code-coverage\build-output\VVSProjekatDio3.dll' was AnyCPU and it will use the default plaform X64.
TpTrace Information: 0 : 13176, 1, 2025/01/19, 20:31:44.419, 21846926741193, vstest.console.dll, None of the sources provided any runnable platform, using the default platform: X64
TpTrace Information: 0 : 13176, 1, 2025/01/19, 20:31:44.419, 21846926742085, vstest.console.dll, Platform was updated to 'X64'.
TpTrace Information: 0 : 13176, 1, 2025/01/19, 20:31:44.422, 21846926774831, vstest.console.dll, InferRunSettingsHelper.IsTestSettingsEnabled: Unable to navigate to RunSettings/MSTest. Current node: RunSettings
TpTrace Information: 0 : 13176, 1, 2025/01/19, 20:31:44.423, 21846926781224, vstest.console.dll, AssemblyResolver.OnResolve: Microsoft.VisualStudio.TestPlatform.Fakes: Resolving assembly.
TpTrace Information: 0 : 13176, 1, 2025/01/19, 20:31:44.423, 21846926781931, vstest.console.dll, AssemblyResolver.OnResolve: Microsoft.VisualStudio.TestPlatform.Fakes: Searching in: 'C:\Program Files\dotnet\sdk\9.0.100\Extensions'.
TpTrace Information: 0 : 13176, 1, 2025/01/19, 20:31:44.423, 21846926782754, vstest.console.dll, AssemblyResolver.OnResolve: Microsoft.VisualStudio.TestPlatform.Fakes: Assembly path does not exist: 'C:\Program Files\dotnet\sdk\9.0.100\Extensions\Microsoft.VisualStudio.TestPlatform.Fakes.dll', returning.
TpTrace Information: 0 : 13176, 1, 2025/01/19, 20:31:44.423, 21846926783384, vstest.console.dll, AssemblyResolver.OnResolve: Microsoft.VisualStudio.TestPlatform.Fakes: Assembly path does not exist: 'C:\Program Files\dotnet\sdk\9.0.100\Extensions\Microsoft.VisualStudio.TestPlatform.Fakes.exe', returning.
TpTrace Information: 0 : 13176, 1, 2025/01/19, 20:31:44.423, 21846926783661, vstest.console.dll, AssemblyResolver.OnResolve: Microsoft.VisualStudio.TestPlatform.Fakes: Searching in: 'C:\Program Files\dotnet\sdk\9.0.100'.
TpTrace Information: 0 : 13176, 1, 2025/01/19, 20:31:44.423, 21846926784197, vstest.console.dll, AssemblyResolver.OnResolve: Microsoft.VisualStudio.TestPlatform.Fakes: Assembly path does not exist: 'C:\Program Files\dotnet\sdk\9.0.100\Microsoft.VisualStudio.TestPlatform.Fakes.dll', returning.
TpTrace Information: 0 : 13176, 1, 2025/01/19, 20:31:44.423, 21846926784689, vstest.console.dll, AssemblyResolver.OnResolve: Microsoft.VisualStudio.TestPlatform.Fakes: Assembly path does not exist: 'C:\Program Files\dotnet\sdk\9.0.100\Microsoft.VisualStudio.TestPlatform.Fakes.exe', returning.
TpTrace Information: 0 : 13176, 1, 2025/01/19, 20:31:44.423, 21846926784950, vstest.console.dll, AssemblyResolver.OnResolve: Microsoft.VisualStudio.TestPlatform.Fakes: Failed to load assembly.
TpTrace Information: 0 : 13176, 1, 2025/01/19, 20:31:44.424, 21846926787583, vstest.console.dll, Failed to load assembly Microsoft.VisualStudio.TestPlatform.Fakes, Version=17.0.0.0, Culture=neutral. Reason:System.IO.FileNotFoundException: Could not load file or assembly 'Microsoft.VisualStudio.TestPlatform.Fakes, Version=17.0.0.0, Culture=neutral, PublicKeyToken=null'. The system cannot find the file specified.
File name: 'Microsoft.VisualStudio.TestPlatform.Fakes, Version=17.0.0.0, Culture=neutral, PublicKeyToken=null'
   at System.Reflection.RuntimeAssembly.InternalLoad(AssemblyName assemblyName, StackCrawlMark& stackMark, AssemblyLoadContext assemblyLoadContext, RuntimeAssembly requestingAssembly, Boolean throwOnFileNotFound)
   at System.Reflection.Assembly.Load(AssemblyName assemblyRef)
   at Microsoft.VisualStudio.TestPlatform.Common.Utilities.FakesUtilities.LoadTestPlatformAssembly() in /_/src/Microsoft.TestPlatform.Common/Utilities/FakesUtilities.cs:line 273
TpTrace Verbose: 0 : 13176, 1, 2025/01/19, 20:31:44.427, 21846926821941, vstest.console.dll, TestPluginCache.DiscoverTestExtensions: finding test extensions in assemblies ends with: TestLogger.dll TPluginInfo: Microsoft.VisualStudio.TestPlatform.Common.ExtensionFramework.Utilities.TestLoggerPluginInformation TExtension: Microsoft.VisualStudio.TestPlatform.ObjectModel.Client.ITestLogger
TpTrace Verbose: 0 : 13176, 1, 2025/01/19, 20:31:44.427, 21846926822856, vstest.console.dll, TestPluginCache.GetExtensionPaths: Filtered extension paths: 
TpTrace Verbose: 0 : 13176, 1, 2025/01/19, 20:31:44.427, 21846926823195, vstest.console.dll, TestPluginCache.GetExtensionPaths: Added default extension paths: C:\Program Files\dotnet\sdk\9.0.100\Extensions\Microsoft.Diagnostics.NETCore.Client.dll
C:\Program Files\dotnet\sdk\9.0.100\Extensions\Microsoft.TestPlatform.Extensions.BlameDataCollector.dll
C:\Program Files\dotnet\sdk\9.0.100\Extensions\Microsoft.TestPlatform.Extensions.EventLogCollector.dll
C:\Program Files\dotnet\sdk\9.0.100\Extensions\Microsoft.TestPlatform.TestHostRuntimeProvider.dll
C:\Program Files\dotnet\sdk\9.0.100\Extensions\Microsoft.VisualStudio.TestPlatform.Extensions.Html.TestLogger.dll
C:\Program Files\dotnet\sdk\9.0.100\Extensions\Microsoft.VisualStudio.TestPlatform.Extensions.Trx.TestLogger.dll
TpTrace Verbose: 0 : 13176, 1, 2025/01/19, 20:31:44.427, 21846926823450, vstest.console.dll, TestPluginCache.GetExtensionPaths: Added unfilterableExtensionPaths: 
TpTrace Information: 0 : 13176, 1, 2025/01/19, 20:31:44.427, 21846926824644, vstest.console.dll, AssemblyResolver.AddSearchDirectories: Adding more searchDirectories C:\Program Files\dotnet\sdk\9.0.100\Extensions,C:\Program Files\dotnet\sdk\9.0.100
TpTrace Verbose: 0 : 13176, 1, 2025/01/19, 20:31:44.427, 21846926825059, vstest.console.dll, TestPluginCache.DiscoverTestExtensions: Discovering the extensions using extension path.
TpTrace Verbose: 0 : 13176, 1, 2025/01/19, 20:31:44.427, 21846926825463, vstest.console.dll, TestPluginCache.GetExtensionPaths: Filtered extension paths: 
TpTrace Verbose: 0 : 13176, 1, 2025/01/19, 20:31:44.427, 21846926825761, vstest.console.dll, TestPluginCache.GetExtensionPaths: Added default extension paths: C:\Program Files\dotnet\sdk\9.0.100\Extensions\Microsoft.Diagnostics.NETCore.Client.dll
C:\Program Files\dotnet\sdk\9.0.100\Extensions\Microsoft.TestPlatform.Extensions.BlameDataCollector.dll
C:\Program Files\dotnet\sdk\9.0.100\Extensions\Microsoft.TestPlatform.Extensions.EventLogCollector.dll
C:\Program Files\dotnet\sdk\9.0.100\Extensions\Microsoft.TestPlatform.TestHostRuntimeProvider.dll
C:\Program Files\dotnet\sdk\9.0.100\Extensions\Microsoft.VisualStudio.TestPlatform.Extensions.Html.TestLogger.dll
C:\Program Files\dotnet\sdk\9.0.100\Extensions\Microsoft.VisualStudio.TestPlatform.Extensions.Trx.TestLogger.dll
TpTrace Verbose: 0 : 13176, 1, 2025/01/19, 20:31:44.427, 21846926826013, vstest.console.dll, TestPluginCache.GetExtensionPaths: Added unfilterableExtensionPaths: 
TpTrace Verbose: 0 : 13176, 1, 2025/01/19, 20:31:44.427, 21846926826306, vstest.console.dll, TestPluginCache.DiscoverTestExtensions: Discovering the extensions using allExtensionPaths: C:\Program Files\dotnet\sdk\9.0.100\Extensions\Microsoft.Diagnostics.NETCore.Client.dll
C:\Program Files\dotnet\sdk\9.0.100\Extensions\Microsoft.TestPlatform.Extensions.BlameDataCollector.dll
C:\Program Files\dotnet\sdk\9.0.100\Extensions\Microsoft.TestPlatform.Extensions.EventLogCollector.dll
C:\Program Files\dotnet\sdk\9.0.100\Extensions\Microsoft.TestPlatform.TestHostRuntimeProvider.dll
C:\Program Files\dotnet\sdk\9.0.100\Extensions\Microsoft.VisualStudio.TestPlatform.Extensions.Html.TestLogger.dll
C:\Program Files\dotnet\sdk\9.0.100\Extensions\Microsoft.VisualStudio.TestPlatform.Extensions.Trx.TestLogger.dll
TpTrace Information: 0 : 13176, 1, 2025/01/19, 20:31:44.428, 21846926827291, vstest.console.dll, AssemblyResolver.AddSearchDirectories: Adding more searchDirectories C:\Program Files\dotnet\sdk\9.0.100\Extensions,C:\Program Files\dotnet\sdk\9.0.100
TpTrace Information: 0 : 13176, 1, 2025/01/19, 20:31:44.428, 21846926827703, vstest.console.dll, AssemblyResolver.AddSearchDirectories: Adding more searchDirectories C:\Program Files\dotnet\sdk\9.0.100\Extensions,C:\Program Files\dotnet\sdk\9.0.100
TpTrace Information: 0 : 13176, 1, 2025/01/19, 20:31:44.428, 21846926828005, vstest.console.dll, AssemblyResolver.AddSearchDirectories: Adding more searchDirectories C:\Program Files\dotnet\sdk\9.0.100\Extensions,C:\Program Files\dotnet\sdk\9.0.100
TpTrace Information: 0 : 13176, 1, 2025/01/19, 20:31:44.428, 21846926828256, vstest.console.dll, AssemblyResolver.AddSearchDirectories: Adding more searchDirectories C:\Program Files\dotnet\sdk\9.0.100\Extensions,C:\Program Files\dotnet\sdk\9.0.100
TpTrace Information: 0 : 13176, 1, 2025/01/19, 20:31:44.428, 21846926828505, vstest.console.dll, AssemblyResolver.AddSearchDirectories: Adding more searchDirectories C:\Program Files\dotnet\sdk\9.0.100\Extensions,C:\Program Files\dotnet\sdk\9.0.100
TpTrace Information: 0 : 13176, 1, 2025/01/19, 20:31:44.428, 21846926828780, vstest.console.dll, AssemblyResolver.AddSearchDirectories: Adding more searchDirectories C:\Program Files\dotnet\sdk\9.0.100\Extensions,C:\Program Files\dotnet\sdk\9.0.100
TpTrace Verbose: 0 : 13176, 1, 2025/01/19, 20:31:44.428, 21846926829838, vstest.console.dll, MetadataReaderExtensionsHelper: Discovering extensions inside assembly 'Microsoft.Diagnostics.NETCore.Client, Version=0.2.10.41601, Culture=neutral, PublicKeyToken=31bf3856ad364e35' file path 'C:\Program Files\dotnet\sdk\9.0.100\Extensions\Microsoft.Diagnostics.NETCore.Client.dll'
TpTrace Information: 0 : 13176, 1, 2025/01/19, 20:31:44.429, 21846926840603, vstest.console.dll, AssemblyResolver.OnResolve: Microsoft.Bcl.AsyncInterfaces: Resolving assembly.
TpTrace Information: 0 : 13176, 1, 2025/01/19, 20:31:44.429, 21846926841329, vstest.console.dll, AssemblyResolver.OnResolve: Microsoft.Bcl.AsyncInterfaces: Resolved from cache.
TpTrace Verbose: 0 : 13176, 1, 2025/01/19, 20:31:44.429, 21846926841593, vstest.console.dll, CurrentDomainAssemblyResolve: Resolving assembly 'Microsoft.Bcl.AsyncInterfaces'.
TpTrace Information: 0 : 13176, 1, 2025/01/19, 20:31:44.429, 21846926841994, vstest.console.dll, AssemblyResolver.OnResolve: Microsoft.Bcl.AsyncInterfaces: Resolving assembly.
TpTrace Information: 0 : 13176, 1, 2025/01/19, 20:31:44.429, 21846926842276, vstest.console.dll, AssemblyResolver.OnResolve: Microsoft.Bcl.AsyncInterfaces: Resolved from cache.
TpTrace Verbose: 0 : 13176, 1, 2025/01/19, 20:31:44.429, 21846926842504, vstest.console.dll, CurrentDomainAssemblyResolve: Resolving assembly 'Microsoft.Bcl.AsyncInterfaces'.
TpTrace Verbose: 0 : 13176, 1, 2025/01/19, 20:31:44.429, 21846926842729, vstest.console.dll, CurrentDomainAssemblyResolve: Failed to resolve assembly 'Microsoft.Bcl.AsyncInterfaces'.
TpTrace Verbose: 0 : 13176, 1, 2025/01/19, 20:31:44.429, 21846926844037, vstest.console.dll, CurrentDomainAssemblyResolve: Failed to resolve assembly 'Microsoft.Bcl.AsyncInterfaces'.
TpTrace Warning: 0 : 13176, 1, 2025/01/19, 20:31:44.430, 21846926847540, vstest.console.dll, TestPluginDiscoverer: Failed to get types from assembly 'Microsoft.Diagnostics.NETCore.Client, Version=0.2.10.41601, Culture=neutral, PublicKeyToken=31bf3856ad364e35'. Error: System.Reflection.ReflectionTypeLoadException: Unable to load one or more of the requested types.
Could not load file or assembly 'Microsoft.Bcl.AsyncInterfaces, Version=6.0.0.0, Culture=neutral, PublicKeyToken=cc7b13ffcd2ddd51'. The system cannot find the file specified.
   at System.Reflection.RuntimeModule.GetDefinedTypes()
   at System.Reflection.RuntimeModule.GetTypes()
   at Microsoft.VisualStudio.TestPlatform.Common.ExtensionFramework.TestPluginDiscoverer.GetTestExtensionsFromAssembly[TPluginInfo,TExtension](Assembly assembly, Dictionary`2 pluginInfos, String filePath) in /_/src/Microsoft.TestPlatform.Common/ExtensionFramework/TestPluginDiscoverer.cs:line 159
System.IO.FileNotFoundException: Could not load file or assembly 'Microsoft.Bcl.AsyncInterfaces, Version=6.0.0.0, Culture=neutral, PublicKeyToken=cc7b13ffcd2ddd51'. The system cannot find the file specified.
File name: 'Microsoft.Bcl.AsyncInterfaces, Version=6.0.0.0, Culture=neutral, PublicKeyToken=cc7b13ffcd2ddd51'
 ---> System.IO.FileNotFoundException: Could not load file or assembly 'Microsoft.Bcl.AsyncInterfaces, Culture=neutral, PublicKeyToken=null'. The system cannot find the file specified.
File name: 'Microsoft.Bcl.AsyncInterfaces, Culture=neutral, PublicKeyToken=null'
   at System.Reflection.RuntimeAssembly.InternalLoad(AssemblyName assemblyName, StackCrawlMark& stackMark, AssemblyLoadContext assemblyLoadContext, RuntimeAssembly requestingAssembly, Boolean throwOnFileNotFound)
   at System.Reflection.Assembly.Load(AssemblyName assemblyRef)
   at Microsoft.VisualStudio.TestPlatform.Common.ExtensionFramework.TestPluginCache.CurrentDomainAssemblyResolve(Object sender, AssemblyResolveEventArgs args) in /_/src/Microsoft.TestPlatform.Common/ExtensionFramework/TestPluginCache.cs:line 514
   at System.Runtime.Loader.AssemblyLoadContext.GetFirstResolvedAssemblyFromResolvingEvent(AssemblyName assemblyName)
   at System.Runtime.Loader.AssemblyLoadContext.ResolveUsingEvent(AssemblyName assemblyName)
   at System.Runtime.Loader.AssemblyLoadContext.ResolveUsingResolvingEvent(IntPtr gchManagedAssemblyLoadContext, AssemblyName assemblyName)
TpTrace Warning: 0 : 13176, 1, 2025/01/19, 20:31:44.430, 21846926848986, vstest.console.dll, LoaderExceptions: System.IO.FileNotFoundException: Could not load file or assembly 'Microsoft.Bcl.AsyncInterfaces, Version=6.0.0.0, Culture=neutral, PublicKeyToken=cc7b13ffcd2ddd51'. The system cannot find the file specified.
File name: 'Microsoft.Bcl.AsyncInterfaces, Version=6.0.0.0, Culture=neutral, PublicKeyToken=cc7b13ffcd2ddd51'
 ---> System.IO.FileNotFoundException: Could not load file or assembly 'Microsoft.Bcl.AsyncInterfaces, Culture=neutral, PublicKeyToken=null'. The system cannot find the file specified.
File name: 'Microsoft.Bcl.AsyncInterfaces, Culture=neutral, PublicKeyToken=null'
   at System.Reflection.RuntimeAssembly.InternalLoad(AssemblyName assemblyName, StackCrawlMark& stackMark, AssemblyLoadContext assemblyLoadContext, RuntimeAssembly requestingAssembly, Boolean throwOnFileNotFound)
   at System.Reflection.Assembly.Load(AssemblyName assemblyRef)
   at Microsoft.VisualStudio.TestPlatform.Common.ExtensionFramework.TestPluginCache.CurrentDomainAssemblyResolve(Object sender, AssemblyResolveEventArgs args) in /_/src/Microsoft.TestPlatform.Common/ExtensionFramework/TestPluginCache.cs:line 514
   at System.Runtime.Loader.AssemblyLoadContext.GetFirstResolvedAssemblyFromResolvingEvent(AssemblyName assemblyName)
   at System.Runtime.Loader.AssemblyLoadContext.ResolveUsingEvent(AssemblyName assemblyName)
   at System.Runtime.Loader.AssemblyLoadContext.ResolveUsingResolvingEvent(IntPtr gchManagedAssemblyLoadContext, AssemblyName assemblyName)
TpTrace Verbose: 0 : 13176, 1, 2025/01/19, 20:31:44.430, 21846926849809, vstest.console.dll, MetadataReaderExtensionsHelper: Discovering extensions inside assembly 'Microsoft.TestPlatform.Extensions.BlameDataCollector, Version=15.0.0.0, Culture=neutral, PublicKeyToken=b03f5f7f11d50a3a' file path 'C:\Program Files\dotnet\sdk\9.0.100\Extensions\Microsoft.TestPlatform.Extensions.BlameDataCollector.dll'
TpTrace Information: 0 : 13176, 1, 2025/01/19, 20:31:44.431, 21846926858517, vstest.console.dll, GetTestExtensionFromType: Register extension with identifier data 'logger://Microsoft/TestPlatform/Extensions/Blame/v1' and type 'Microsoft.TestPlatform.Extensions.BlameDataCollector.BlameLogger, Microsoft.TestPlatform.Extensions.BlameDataCollector, Version=15.0.0.0, Culture=neutral, PublicKeyToken=b03f5f7f11d50a3a' inside file 'C:\Program Files\dotnet\sdk\9.0.100\Extensions\Microsoft.TestPlatform.Extensions.BlameDataCollector.dll'
TpTrace Verbose: 0 : 13176, 1, 2025/01/19, 20:31:44.431, 21846926859336, vstest.console.dll, MetadataReaderExtensionsHelper: Discovering extensions inside assembly 'Microsoft.TestPlatform.Extensions.EventLogCollector, Version=15.0.0.0, Culture=neutral, PublicKeyToken=b03f5f7f11d50a3a' file path 'C:\Program Files\dotnet\sdk\9.0.100\Extensions\Microsoft.TestPlatform.Extensions.EventLogCollector.dll'
TpTrace Verbose: 0 : 13176, 1, 2025/01/19, 20:31:44.432, 21846926866735, vstest.console.dll, MetadataReaderExtensionsHelper: Discovering extensions inside assembly 'Microsoft.TestPlatform.TestHostRuntimeProvider, Version=15.0.0.0, Culture=neutral, PublicKeyToken=b03f5f7f11d50a3a' file path 'C:\Program Files\dotnet\sdk\9.0.100\Extensions\Microsoft.TestPlatform.TestHostRuntimeProvider.dll'
TpTrace Verbose: 0 : 13176, 1, 2025/01/19, 20:31:44.432, 21846926873607, vstest.console.dll, MetadataReaderExtensionsHelper: Discovering extensions inside assembly 'Microsoft.VisualStudio.TestPlatform.Extensions.Html.TestLogger, Version=15.0.0.0, Culture=neutral, PublicKeyToken=b03f5f7f11d50a3a' file path 'C:\Program Files\dotnet\sdk\9.0.100\Extensions\Microsoft.VisualStudio.TestPlatform.Extensions.Html.TestLogger.dll'
TpTrace Information: 0 : 13176, 1, 2025/01/19, 20:31:44.433, 21846926884290, vstest.console.dll, GetTestExtensionFromType: Register extension with identifier data 'logger://Microsoft/TestPlatform/HtmlLogger/v1' and type 'Microsoft.VisualStudio.TestPlatform.Extensions.HtmlLogger.HtmlLogger, Microsoft.VisualStudio.TestPlatform.Extensions.Html.TestLogger, Version=15.0.0.0, Culture=neutral, PublicKeyToken=b03f5f7f11d50a3a' inside file 'C:\Program Files\dotnet\sdk\9.0.100\Extensions\Microsoft.VisualStudio.TestPlatform.Extensions.Html.TestLogger.dll'
TpTrace Verbose: 0 : 13176, 1, 2025/01/19, 20:31:44.433, 21846926885254, vstest.console.dll, MetadataReaderExtensionsHelper: Discovering extensions inside assembly 'Microsoft.VisualStudio.TestPlatform.Extensions.Trx.TestLogger, Version=15.0.0.0, Culture=neutral, PublicKeyToken=b03f5f7f11d50a3a' file path 'C:\Program Files\dotnet\sdk\9.0.100\Extensions\Microsoft.VisualStudio.TestPlatform.Extensions.Trx.TestLogger.dll'
TpTrace Information: 0 : 13176, 1, 2025/01/19, 20:31:44.434, 21846926895360, vstest.console.dll, GetTestExtensionFromType: Register extension with identifier data 'logger://Microsoft/TestPlatform/TrxLogger/v1' and type 'Microsoft.VisualStudio.TestPlatform.Extensions.TrxLogger.TrxLogger, Microsoft.VisualStudio.TestPlatform.Extensions.Trx.TestLogger, Version=15.0.0.0, Culture=neutral, PublicKeyToken=b03f5f7f11d50a3a' inside file 'C:\Program Files\dotnet\sdk\9.0.100\Extensions\Microsoft.VisualStudio.TestPlatform.Extensions.Trx.TestLogger.dll'
TpTrace Verbose: 0 : 13176, 1, 2025/01/19, 20:31:44.434, 21846926896304, vstest.console.dll, TestPluginCache: Discovered the extensions using extension path ''.
TpTrace Verbose: 0 : 13176, 1, 2025/01/19, 20:31:44.435, 21846926896577, vstest.console.dll, TestPluginCache: Discoverers are ''.
TpTrace Verbose: 0 : 13176, 1, 2025/01/19, 20:31:44.435, 21846926896799, vstest.console.dll, TestPluginCache: Executors are ''.
TpTrace Verbose: 0 : 13176, 1, 2025/01/19, 20:31:44.435, 21846926897014, vstest.console.dll, TestPluginCache: Executors2 are ''.
TpTrace Verbose: 0 : 13176, 1, 2025/01/19, 20:31:44.435, 21846926897223, vstest.console.dll, TestPluginCache: Setting providers are ''.
TpTrace Verbose: 0 : 13176, 1, 2025/01/19, 20:31:44.435, 21846926897982, vstest.console.dll, TestPluginCache: Loggers are 'logger://Microsoft/TestPlatform/Extensions/Blame/v1,logger://Microsoft/TestPlatform/HtmlLogger/v1,logger://Microsoft/TestPlatform/TrxLogger/v1'.
TpTrace Verbose: 0 : 13176, 1, 2025/01/19, 20:31:44.435, 21846926898403, vstest.console.dll, TestPluginCache: TestHosts are 'HostProvider://DefaultTestHost,HostProvider://DotnetTestHost'.
TpTrace Verbose: 0 : 13176, 1, 2025/01/19, 20:31:44.435, 21846926898645, vstest.console.dll, TestPluginCache: DataCollectors are ''.
TpTrace Information: 0 : 13176, 1, 2025/01/19, 20:31:44.436, 21846926907342, vstest.console.dll, TestPluginManager.CreateTestExtension: Attempting to load test extension: Microsoft.TestPlatform.Extensions.BlameDataCollector.BlameLogger
TpTrace Verbose: 0 : 13176, 1, 2025/01/19, 20:31:44.446, 21846927006686, vstest.console.dll, TestEngine: Initializing Parallel Execution as MaxCpuCount is set to: 1
TpTrace Information: 0 : 13176, 1, 2025/01/19, 20:31:44.447, 21846927025168, vstest.console.dll, TestPluginManager.CreateTestExtension: Attempting to load test extension: Microsoft.VisualStudio.TestPlatform.CrossPlatEngine.Hosting.DefaultTestHostManager
TpTrace Information: 0 : 13176, 1, 2025/01/19, 20:31:44.448, 21846927032545, vstest.console.dll, TestPluginManager.CreateTestExtension: Attempting to load test extension: Microsoft.VisualStudio.TestPlatform.CrossPlatEngine.Hosting.DotnetTestHostManager
TpTrace Verbose: 0 : 13176, 1, 2025/01/19, 20:31:44.448, 21846927035003, vstest.console.dll, TestHostManagerCallbacks.ctor: Forwarding output is enabled.
TpTrace Information: 0 : 13176, 1, 2025/01/19, 20:31:44.449, 21846927039361, vstest.console.dll, InferRunSettingsHelper.IsTestSettingsEnabled: Unable to navigate to RunSettings/MSTest. Current node: RunSettings
TpTrace Verbose: 0 : 13176, 1, 2025/01/19, 20:31:44.449, 21846927044761, vstest.console.dll, ParallelOperationManager.ClearSlots: Clearing all slots. Slots should accept more work: True
TpTrace Verbose: 0 : 13176, 1, 2025/01/19, 20:31:44.450, 21846927050427, vstest.console.dll, ParallelOperationManager.SetOccupiedSlotCount: Setting slot counts AvailableSlotCount = 1, OccupiedSlotCount = 0.
TpTrace Verbose: 0 : 13176, 1, 2025/01/19, 20:31:44.450, 21846927054680, vstest.console.dll, Occupied slots:

TpTrace Verbose: 0 : 13176, 1, 2025/01/19, 20:31:44.454, 21846927091972, vstest.console.dll, TestEngine.GetExecutionManager: Chosen execution manager 'Microsoft.VisualStudio.TestPlatform.CrossPlatEngine.Client.Parallel.ParallelProxyExecutionManager, Microsoft.TestPlatform.CrossPlatEngine, Version=15.0.0.0, Culture=neutral, PublicKeyToken=b03f5f7f11d50a3a' ParallelLevel '1'.
TpTrace Verbose: 0 : 13176, 1, 2025/01/19, 20:31:44.454, 21846927093839, vstest.console.dll, TestPlatform.GetSkipDefaultAdapters: Not skipping default adapters SkipDefaultAdapters was false.
TpTrace Verbose: 0 : 13176, 1, 2025/01/19, 20:31:44.454, 21846927094685, vstest.console.dll, TestRunRequest.ExecuteAsync: Creating test run request.
TpTrace Verbose: 0 : 13176, 1, 2025/01/19, 20:31:44.455, 21846927097388, vstest.console.dll, TestRunRequest.ExecuteAsync: Starting.
TpTrace Information: 0 : 13176, 1, 2025/01/19, 20:31:44.456, 21846927109602, vstest.console.dll, TestRunRequest.ExecuteAsync: Starting run with settings:TestRunCriteria:
   KeepAlive=False,FrequencyOfRunStatsChangeEvent=10,RunStatsChangeEventTimeout=00:00:01.5000000,TestCaseFilter=,TestExecutorLauncher=
   Settingsxml=<RunSettings>
  <RunConfiguration>
    <ResultsDirectory>C:\Users\ahmed\Desktop\VVS\VVSProjekatDio3\bin\Debug\net8.0\fine-code-coverage\coverage-tool-output</ResultsDirectory>
    <TargetPlatform>X64</TargetPlatform>
    <TargetFrameworkVersion>.NETCoreApp,Version=v8.0</TargetFrameworkVersion>
    <DesignMode>False</DesignMode>
    <CollectSourceInformation>False</CollectSourceInformation>
  </RunConfiguration>
  <LoggerRunSettings>
    <Loggers>
      <Logger friendlyName="blame" enabled="True" />
      <Logger friendlyName="Console" uri="logger://microsoft/TestPlatform/ConsoleLogger/v1" assemblyQualifiedName="Microsoft.VisualStudio.TestPlatform.CommandLine.Internal.ConsoleLogger, vstest.console, Version=15.0.0.0, Culture=neutral, PublicKeyToken=b03f5f7f11d50a3a" codeBase="C:\Program Files\dotnet\sdk\9.0.100\vstest.console.dll" enabled="True" />
    </Loggers>
  </LoggerRunSettings>
  <DataCollectionRunSettings>
    <DataCollectors>
      <DataCollector friendlyName="blame" enabled="True">
        <Configuration>
          <ResultsDirectory>C:\Users\ahmed\Desktop\VVS\VVSProjekatDio3\bin\Debug\net8.0\fine-code-coverage\coverage-tool-output</ResultsDirectory>
        </Configuration>
      </DataCollector>
    </DataCollectors>
  </DataCollectionRunSettings>
</RunSettings>

TpTrace Verbose: 0 : 13176, 1, 2025/01/19, 20:31:44.456, 21846927110328, vstest.console.dll, TestRunRequest.ExecuteAsync: Wait for the first run request is over.
TpTrace Verbose: 0 : 13176, 1, 2025/01/19, 20:31:44.456, 21846927113101, vstest.console.dll, MulticastDelegateUtilities.SafeInvoke: TestRun.TestRunStart: Invoking callbacks was skipped because there are no subscribers.
TpTrace Verbose: 0 : 13176, 4, 2025/01/19, 20:31:44.456, 21846927115495, vstest.console.dll, MulticastDelegateUtilities.SafeInvoke: InternalTestLoggerEvents.SendTestRunStart: Invoking callback 1/1 for Microsoft.VisualStudio.TestPlatform.CommandLine.Internal.ConsoleLogger., took 0 ms.
TpTrace Verbose: 0 : 13176, 1, 2025/01/19, 20:31:44.457, 21846927125937, vstest.console.dll, ParallelProxyExecutionManager: Start execution. Total sources: 1
TpTrace Verbose: 0 : 13176, 1, 2025/01/19, 20:31:44.458, 21846927129702, vstest.console.dll, ParallelOperationManager.StartWork: Starting adding 1 workloads.
TpTrace Verbose: 0 : 13176, 1, 2025/01/19, 20:31:44.458, 21846927130536, vstest.console.dll, ParallelOperationManager.ClearSlots: Clearing all slots. Slots should accept more work: True
TpTrace Verbose: 0 : 13176, 1, 2025/01/19, 20:31:44.458, 21846927131194, vstest.console.dll, ParallelOperationManager.SetOccupiedSlotCount: Setting slot counts AvailableSlotCount = 1, OccupiedSlotCount = 0.
TpTrace Verbose: 0 : 13176, 1, 2025/01/19, 20:31:44.458, 21846927131500, vstest.console.dll, Occupied slots:

TpTrace Verbose: 0 : 13176, 1, 2025/01/19, 20:31:44.459, 21846927143850, vstest.console.dll, TestHostManagerCallbacks.ctor: Forwarding output is enabled.
TpTrace Verbose: 0 : 13176, 1, 2025/01/19, 20:31:44.459, 21846927146189, vstest.console.dll, TestRequestSender is acting as server.
TpTrace Verbose: 0 : 13176, 1, 2025/01/19, 20:31:44.461, 21846927157472, vstest.console.dll, ParallelOperationManager.RunWorkInParallel: Adding 1 workload to slot, remaining workloads 0.
TpTrace Verbose: 0 : 13176, 1, 2025/01/19, 20:31:44.461, 21846927158269, vstest.console.dll, ParallelOperationManager.SetOccupiedSlotCount: Setting slot counts AvailableSlotCount = 0, OccupiedSlotCount = 1.
TpTrace Verbose: 0 : 13176, 1, 2025/01/19, 20:31:44.461, 21846927159332, vstest.console.dll, Occupied slots:
0: C:\Users\ahmed\Desktop\VVS\VVSProjekatDio3\bin\Debug\net8.0\fine-code-coverage\build-output\VVSProjekatDio3.dll
TpTrace Verbose: 0 : 13176, 1, 2025/01/19, 20:31:44.462, 21846927174116, vstest.console.dll, ParallelOperationManager.RunWorkInParallel: Started host in slot number 0 for work (source): C:\Users\ahmed\Desktop\VVS\VVSProjekatDio3\bin\Debug\net8.0\fine-code-coverage\build-output\VVSProjekatDio3.dll.
TpTrace Verbose: 0 : 13176, 1, 2025/01/19, 20:31:44.463, 21846927183132, vstest.console.dll, ParallelOperationManager.RunWorkInParallel: We started 1 work items, which is the max parallel level. Won't start more work.
TpTrace Verbose: 0 : 13176, 5, 2025/01/19, 20:31:44.463, 21846927183136, vstest.console.dll, ParallelProxyExecutionManager.StartTestRunOnConcurrentManager: Initializing uninitialized client. Started clients: 0
TpTrace Verbose: 0 : 13176, 1, 2025/01/19, 20:31:44.463, 21846927183852, vstest.console.dll, ParallelOperationManager.RunWorkInParallel: We started 1 work items in here, returning True.
TpTrace Verbose: 0 : 13176, 5, 2025/01/19, 20:31:44.463, 21846927185379, vstest.console.dll, DataCollectionRequestSender.InitializeCommunication : Initialize communication. 
TpTrace Information: 0 : 13176, 1, 2025/01/19, 20:31:44.463, 21846927185749, vstest.console.dll, TestRunRequest.ExecuteAsync: Started.
TpTrace Verbose: 0 : 13176, 1, 2025/01/19, 20:31:44.464, 21846927192448, vstest.console.dll, TestRunRequest.WaitForCompletion: Waiting with timeout -1.
TpTrace Information: 0 : 13176, 5, 2025/01/19, 20:31:44.472, 21846927274373, vstest.console.dll, Listening on Endpoint : 127.0.0.1:51667
TpTrace Verbose: 0 : 13176, 5, 2025/01/19, 20:31:44.480, 21846927351492, vstest.console.dll, DotnetDataCollectionLauncher: Adding  --runtimeconfig "C:\Program Files\dotnet\sdk\9.0.100\datacollector.runtimeconfig.json" in args
TpTrace Verbose: 0 : 13176, 5, 2025/01/19, 20:31:44.480, 21846927352949, vstest.console.dll, DotnetDataCollectionLauncher: Adding  --depsfile "C:\Program Files\dotnet\sdk\9.0.100\datacollector.deps.json" in args
TpTrace Verbose: 0 : 13176, 5, 2025/01/19, 20:31:44.480, 21846927354685, vstest.console.dll, DotnetDataCollectionLauncher: Full path of dotnet.exe is C:\Program Files\dotnet\dotnet.exe
TpTrace Information: 0 : 13176, 5, 2025/01/19, 20:31:44.488, 21846927431291, vstest.console.dll, ProxyDataCollectionManager.Initialize: Launched datacollector processId: 15584 port: 51667
TpTrace Information: 0 : 13176, 5, 2025/01/19, 20:31:44.488, 21846927432489, vstest.console.dll, ProxyDataCollectionManager.Initialize: waiting for connection with timeout: 90 seconds
TpTrace Verbose: 0 : 13176, 5, 2025/01/19, 20:31:44.488, 21846927432896, vstest.console.dll, DataCollectionRequestSender.WaitForRequestHandlerConnection : Waiting for connection with timeout: 90000
TpTrace Information: 0 : 13176, 10, 2025/01/19, 20:31:44.650, 21846929052934, vstest.console.dll, Using the buffer size of 16384 bytes
TpTrace Verbose: 0 : 13176, 5, 2025/01/19, 20:31:44.650, 21846929053943, vstest.console.dll, SocketCommunicationManager.WaitForClientConnection took: 162 ms, with 90000 ms timeout, and finished with True.
TpTrace Verbose: 0 : 13176, 5, 2025/01/19, 20:31:44.650, 21846929055966, vstest.console.dll, ProxyDataCollectionManager.InvokeDataCollectionServiceAction: Starting.
TpTrace Information: 0 : 13176, 5, 2025/01/19, 20:31:44.651, 21846929057211, vstest.console.dll, ProxyDataCollectionManager.BeforeTestRunStart: Get environment variable and port for datacollector processId: 15584 port: 51667
TpTrace Information: 0 : 13176, 10, 2025/01/19, 20:31:44.650, 21846929054301, vstest.console.dll, Accepted Client request and set the flag
TpTrace Verbose: 0 : 13176, 5, 2025/01/19, 20:31:44.651, 21846929058429, vstest.console.dll, DataCollectionRequestSender.SendBeforeTestRunStartAndGetResult: Send BeforeTestRunStart message with settingsXml <RunSettings><RunConfiguration><ResultsDirectory>C:\Users\ahmed\Desktop\VVS\VVSProjekatDio3\bin\Debug\net8.0\fine-code-coverage\coverage-tool-output</ResultsDirectory><TargetPlatform>X64</TargetPlatform><TargetFrameworkVersion>.NETCoreApp,Version=v8.0</TargetFrameworkVersion><DesignMode>False</DesignMode><CollectSourceInformation>False</CollectSourceInformation><TestAdaptersPaths>C:\Program Files\dotnet\sdk\9.0.100\Extensions</TestAdaptersPaths></RunConfiguration><LoggerRunSettings><Loggers><Logger friendlyName="blame" enabled="True" /><Logger friendlyName="Console" uri="logger://microsoft/TestPlatform/ConsoleLogger/v1" assemblyQualifiedName="Microsoft.VisualStudio.TestPlatform.CommandLine.Internal.ConsoleLogger, vstest.console, Version=15.0.0.0, Culture=neutral, PublicKeyToken=b03f5f7f11d50a3a" codeBase="C:\Program Files\dotnet\sdk\9.0.100\vstest.console.dll" enabled="True" /></Loggers></LoggerRunSettings><DataCollectionRunSettings><DataCollectors><DataCollector friendlyName="blame" enabled="True"><Configuration><ResultsDirectory>C:\Users\ahmed\Desktop\VVS\VVSProjekatDio3\bin\Debug\net8.0\fine-code-coverage\coverage-tool-output</ResultsDirectory></Configuration></DataCollector></DataCollectors></DataCollectionRunSettings></RunSettings> and sources System.Collections.Generic.List`1[System.String]: 
TpTrace Verbose: 0 : 13176, 5, 2025/01/19, 20:31:44.708, 21846929630716, vstest.console.dll, DataCollectionRequestSender.SendBeforeTestRunStartAndGetResult: Received message: (DataCollection.SendMessage) -> {"MessageType":"DataCollection.SendMessage","Payload":{"FriendlyName":null,"Uri":null,"TestCaseId":"00000000-0000-0000-0000-000000000000","Message":"Logging DataCollector Diagnostics in file: C:\\Users\\ahmed\\Desktop\\VVS\\VVSProjekatDio3\\bin\\Debug\\net8.0\\fine-code-coverage\\coverage-tool-output\\diagnostics.datacollector.25-01-19_20-31-44_48023_5.log","Level":0}}
TpTrace Verbose: 0 : 13176, 5, 2025/01/19, 20:31:44.804, 21846930587604, vstest.console.dll, DataCollectionRequestSender.SendBeforeTestRunStartAndGetResult: Received message: (DataCollection.BeforeTestRunStartResult) -> {"MessageType":"DataCollection.BeforeTestRunStartResult","Payload":{"EnvironmentVariables":{},"DataCollectionEventsPort":51673}}
TpTrace Information: 0 : 13176, 5, 2025/01/19, 20:31:44.809, 21846930640447, vstest.console.dll, ProxyDataCollectionManager.BeforeTestRunStart: SendBeforeTestRunStartAndGetResult successful, env variable from datacollector:   and testhost port: 51673
TpTrace Information: 0 : 13176, 5, 2025/01/19, 20:31:44.809, 21846930641276, vstest.console.dll, ProxyDataCollectionManager.InvokeDataCollectionServiceAction: Completed.
TpTrace Verbose: 0 : 13176, 5, 2025/01/19, 20:31:44.809, 21846930641670, vstest.console.dll, ParallelProxyExecutionManager.StartTestRunOnConcurrentManager: Initializing test run. Started clients: 0
TpTrace Verbose: 0 : 13176, 5, 2025/01/19, 20:31:44.809, 21846930642625, vstest.console.dll, ProxyExecutionManager: Test host is always Lazy initialize.
TpTrace Verbose: 0 : 13176, 5, 2025/01/19, 20:31:44.809, 21846930644811, vstest.console.dll, TestRequestSender.InitializeCommunication: initialize communication. 
TpTrace Information: 0 : 13176, 5, 2025/01/19, 20:31:44.810, 21846930650060, vstest.console.dll, SocketServer.Start: Listening on endpoint : 127.0.0.1:51674
TpTrace Verbose: 0 : 13176, 5, 2025/01/19, 20:31:44.811, 21846930658544, vstest.console.dll, DotnetTestHostmanager.GetTestHostProcessStartInfo: Platform environment 'X64' target architecture 'X64' framework '.NETCoreApp,Version=v8.0' OS 'Windows'
TpTrace Verbose: 0 : 13176, 5, 2025/01/19, 20:31:44.811, 21846930662715, vstest.console.dll, DotnetTestHostmanager: Adding  --runtimeconfig "C:\Users\ahmed\Desktop\VVS\VVSProjekatDio3\bin\Debug\net8.0\fine-code-coverage\build-output\VVSProjekatDio3.runtimeconfig.json" in args
TpTrace Verbose: 0 : 13176, 5, 2025/01/19, 20:31:44.811, 21846930664297, vstest.console.dll, DotnetTestHostmanager: Adding  --depsfile "C:\Users\ahmed\Desktop\VVS\VVSProjekatDio3\bin\Debug\net8.0\fine-code-coverage\build-output\VVSProjekatDio3.deps.json" in args
TpTrace Verbose: 0 : 13176, 5, 2025/01/19, 20:31:44.812, 21846930666576, vstest.console.dll, DotnetTestHostmanager.IsWinOnArm: Current PROCESSOR_ARCHITECTURE from environment variable 'AMD64'
TpTrace Verbose: 0 : 13176, 5, 2025/01/19, 20:31:44.812, 21846930667273, vstest.console.dll, DotnetTestHostmanager.IsWinOnArm: Is Windows on ARM 'False'
TpTrace Verbose: 0 : 13176, 5, 2025/01/19, 20:31:44.812, 21846930668257, vstest.console.dll, DotnetTestHostManager: testhost.exe found at path: C:\Users\ahmed\Desktop\VVS\VVSProjekatDio3\bin\Debug\net8.0\fine-code-coverage\build-output\testhost.exe
TpTrace Verbose: 0 : 13176, 5, 2025/01/19, 20:31:44.812, 21846930668729, vstest.console.dll, DotnetTestHostmanager: Full path of host exe is C:\Users\ahmed\Desktop\VVS\VVSProjekatDio3\bin\Debug\net8.0\fine-code-coverage\build-output\testhost.exe
TpTrace Verbose: 0 : 13176, 5, 2025/01/19, 20:31:44.812, 21846930670059, vstest.console.dll, DotnetTestHostmanager.LaunchTestHostAsync: Found 'VSTEST_WINAPPHOST_DOTNET_ROOT' in env variables, value 'C:\Program Files\dotnet', forwarding to 'DOTNET_ROOT'
TpTrace Verbose: 0 : 13176, 5, 2025/01/19, 20:31:44.812, 21846930671482, vstest.console.dll, DotnetTestHostManager: Starting process 'C:\Users\ahmed\Desktop\VVS\VVSProjekatDio3\bin\Debug\net8.0\fine-code-coverage\build-output\testhost.exe' with command line ' --runtimeconfig "C:\Users\ahmed\Desktop\VVS\VVSProjekatDio3\bin\Debug\net8.0\fine-code-coverage\build-output\VVSProjekatDio3.runtimeconfig.json" --depsfile "C:\Users\ahmed\Desktop\VVS\VVSProjekatDio3\bin\Debug\net8.0\fine-code-coverage\build-output\VVSProjekatDio3.deps.json" --port 51674 --endpoint 127.0.0.1:051674 --role client --parentprocessid 13176 --diag "C:\Users\ahmed\Desktop\VVS\VVSProjekatDio3\bin\Debug\net8.0\fine-code-coverage\coverage-tool-output\diagnostics.host.25-01-19_20-31-44_81078_5.log" --tracelevel 4 --datacollectionport 51673 --telemetryoptedin false'
TpTrace Verbose: 0 : 13176, 5, 2025/01/19, 20:31:44.819, 21846930739032, vstest.console.dll, MulticastDelegateUtilities.SafeInvoke: HostProviderEvents.OnHostLaunched: Invoking callback 1/2 for Microsoft.VisualStudio.TestPlatform.CrossPlatEngine.Client.ProxyExecutionManagerWithDataCollection., took 1 ms.
TpTrace Verbose: 0 : 13176, 5, 2025/01/19, 20:31:44.819, 21846930742620, vstest.console.dll, Test Runtime launched
TpTrace Verbose: 0 : 13176, 5, 2025/01/19, 20:31:44.819, 21846930743590, vstest.console.dll, MulticastDelegateUtilities.SafeInvoke: HostProviderEvents.OnHostLaunched: Invoking callback 2/2 for Microsoft.VisualStudio.TestPlatform.CrossPlatEngine.Client.ProxyOperationManager., took 0 ms.
TpTrace Verbose: 0 : 13176, 5, 2025/01/19, 20:31:44.819, 21846930745130, vstest.console.dll, TestRequestSender.WaitForRequestHandlerConnection: waiting for connection with timeout: 90000.
TpTrace Verbose: 0 : 13176, 13, 2025/01/19, 20:31:44.998, 21846932529891, vstest.console.dll, MulticastDelegateUtilities.SafeInvoke: SocketServer: ClientConnected: Invoking callback 1/1 for Microsoft.VisualStudio.TestPlatform.CommunicationUtilities.TestRequestSender., took 0 ms.
TpTrace Verbose: 0 : 13176, 5, 2025/01/19, 20:31:44.998, 21846932530392, vstest.console.dll, TestRequestSender.WaitForRequestHandlerConnection: waiting took 178 ms, with timeout 90000 ms, and result 0, which is success.
TpTrace Verbose: 0 : 13176, 13, 2025/01/19, 20:31:44.998, 21846932532471, vstest.console.dll, SocketServer.OnClientConnected: Client connected for endPoint: 127.0.0.1:51674, starting MessageLoopAsync:
TpTrace Verbose: 0 : 13176, 14, 2025/01/19, 20:31:44.999, 21846932537839, vstest.console.dll, TcpClientExtensions.MessageLoopAsync: Polling on remoteEndPoint: 127.0.0.1:51676 localEndPoint: 127.0.0.1:51674 after 0 ms
TpTrace Verbose: 0 : 13176, 5, 2025/01/19, 20:31:44.999, 21846932539211, vstest.console.dll, TestRequestSender.CheckVersionWithTestHost: Sending check version message: {"MessageType":"ProtocolVersion","Payload":7}
TpTrace Verbose: 0 : 13176, 14, 2025/01/19, 20:31:45.121, 21846933763678, vstest.console.dll, TcpClientExtensions.MessageLoopAsync: NotifyDataAvailable remoteEndPoint: 127.0.0.1:51676 localEndPoint: 127.0.0.1:51674
TpTrace Verbose: 0 : 13176, 14, 2025/01/19, 20:31:45.122, 21846933767329, vstest.console.dll, TestRequestSender.CheckVersionWithTestHost: onMessageReceived received message: (ProtocolVersion) -> {"MessageType":"ProtocolVersion","Payload":7}
TpTrace Verbose: 0 : 13176, 14, 2025/01/19, 20:31:45.122, 21846933775513, vstest.console.dll, MulticastDelegateUtilities.SafeInvoke: LengthPrefixCommunicationChannel: MessageReceived: Invoking callback 1/1 for Microsoft.VisualStudio.TestPlatform.CommunicationUtilities.TestRequestSender+<>c__DisplayClass29_0., took 0 ms.
TpTrace Verbose: 0 : 13176, 14, 2025/01/19, 20:31:45.123, 21846933776770, vstest.console.dll, TcpClientExtensions.MessageLoopAsync: Polling on remoteEndPoint: 127.0.0.1:51676 localEndPoint: 127.0.0.1:51674 after 123 ms
TpTrace Verbose: 0 : 13176, 5, 2025/01/19, 20:31:45.123, 21846933778341, vstest.console.dll, TestPluginCache.GetExtensionPaths: Filtered extension paths: 
TpTrace Verbose: 0 : 13176, 5, 2025/01/19, 20:31:45.123, 21846933779317, vstest.console.dll, TestPluginCache.GetExtensionPaths: Added default extension paths: C:\Program Files\dotnet\sdk\9.0.100\Extensions\Microsoft.Diagnostics.NETCore.Client.dll
C:\Program Files\dotnet\sdk\9.0.100\Extensions\Microsoft.TestPlatform.Extensions.BlameDataCollector.dll
C:\Program Files\dotnet\sdk\9.0.100\Extensions\Microsoft.TestPlatform.Extensions.EventLogCollector.dll
C:\Program Files\dotnet\sdk\9.0.100\Extensions\Microsoft.TestPlatform.TestHostRuntimeProvider.dll
C:\Program Files\dotnet\sdk\9.0.100\Extensions\Microsoft.VisualStudio.TestPlatform.Extensions.Html.TestLogger.dll
C:\Program Files\dotnet\sdk\9.0.100\Extensions\Microsoft.VisualStudio.TestPlatform.Extensions.Trx.TestLogger.dll
TpTrace Verbose: 0 : 13176, 5, 2025/01/19, 20:31:45.123, 21846933780566, vstest.console.dll, TestPluginCache.GetExtensionPaths: Added unfilterableExtensionPaths: 
TpTrace Verbose: 0 : 13176, 5, 2025/01/19, 20:31:45.126, 21846933810169, vstest.console.dll, TestRequestSender.InitializeExecution: Sending initialize execution with message: {"Version":7,"MessageType":"TestExecution.Initialize","Payload":["C:\\Users\\ahmed\\Desktop\\VVS\\VVSProjekatDio3\\bin\\Debug\\net8.0\\fine-code-coverage\\build-output\\NUnit3.TestAdapter.dll"]}
TpTrace Verbose: 0 : 13176, 5, 2025/01/19, 20:31:45.126, 21846933811903, vstest.console.dll, ParallelProxyExecutionManager.StartTestRunOnConcurrentManager: Execution starting. Started clients: 1
TpTrace Verbose: 0 : 13176, 5, 2025/01/19, 20:31:45.126, 21846933814978, vstest.console.dll, TestRunRequest:SendTestRunMessage: Starting.
TpTrace Verbose: 0 : 13176, 5, 2025/01/19, 20:31:45.127, 21846933816763, vstest.console.dll, MulticastDelegateUtilities.SafeInvoke: TestRun.LogMessages: Invoking callback 1/1 for Microsoft.VisualStudio.TestPlatform.CommandLine.TestRunResultAggregator., took 0 ms.
TpTrace Information: 0 : 13176, 5, 2025/01/19, 20:31:45.127, 21846933817162, vstest.console.dll, TestRunRequest:SendTestRunMessage: Completed.
TpTrace Verbose: 0 : 13176, 4, 2025/01/19, 20:31:45.127, 21846933819458, vstest.console.dll, MulticastDelegateUtilities.SafeInvoke: InternalTestLoggerEvents.SendTestRunMessage: Invoking callback 1/1 for Microsoft.VisualStudio.TestPlatform.CommandLine.Internal.ConsoleLogger., took 0 ms.
TpTrace Warning: 0 : 13176, 5, 2025/01/19, 20:31:45.127, 21846933821375, vstest.console.dll, InferRunSettingsHelper.MakeRunsettingsCompatible: Removing the following settings: TargetPlatform from RunSettings file. To use those settings please move to latest version of Microsoft.NET.Test.Sdk
TpTrace Verbose: 0 : 13176, 14, 2025/01/19, 20:31:45.128, 21846933828477, vstest.console.dll, TcpClientExtensions.MessageLoopAsync: NotifyDataAvailable remoteEndPoint: 127.0.0.1:51676 localEndPoint: 127.0.0.1:51674
TpTrace Verbose: 0 : 13176, 14, 2025/01/19, 20:31:45.128, 21846933832297, vstest.console.dll, TestRequestSender.OnExecutionMessageReceived: Received message: {"Version":7,"MessageType":"TestSession.Message","Payload":{"MessageLevel":0,"Message":"Logging TestHost Diagnostics in file: C:\\Users\\ahmed\\Desktop\\VVS\\VVSProjekatDio3\\bin\\Debug\\net8.0\\fine-code-coverage\\coverage-tool-output\\diagnostics.host.25-01-19_20-31-44_81078_5.log"}}
TpTrace Verbose: 0 : 13176, 14, 2025/01/19, 20:31:45.131, 21846933861194, vstest.console.dll, TestRunRequest:SendTestRunMessage: Starting.
TpTrace Verbose: 0 : 13176, 14, 2025/01/19, 20:31:45.131, 21846933862314, vstest.console.dll, MulticastDelegateUtilities.SafeInvoke: TestRun.LogMessages: Invoking callback 1/1 for Microsoft.VisualStudio.TestPlatform.CommandLine.TestRunResultAggregator., took 0 ms.
TpTrace Information: 0 : 13176, 14, 2025/01/19, 20:31:45.131, 21846933862710, vstest.console.dll, TestRunRequest:SendTestRunMessage: Completed.
TpTrace Verbose: 0 : 13176, 4, 2025/01/19, 20:31:45.131, 21846933862795, vstest.console.dll, MulticastDelegateUtilities.SafeInvoke: InternalTestLoggerEvents.SendTestRunMessage: Invoking callback 1/1 for Microsoft.VisualStudio.TestPlatform.CommandLine.Internal.ConsoleLogger., took 0 ms.
TpTrace Verbose: 0 : 13176, 14, 2025/01/19, 20:31:45.131, 21846933864623, vstest.console.dll, MulticastDelegateUtilities.SafeInvoke: LengthPrefixCommunicationChannel: MessageReceived: Invoking callback 1/1 for Microsoft.VisualStudio.TestPlatform.CommunicationUtilities.TestRequestSender+<>c__DisplayClass34_0., took 3 ms.
TpTrace Verbose: 0 : 13176, 14, 2025/01/19, 20:31:45.132, 21846933866506, vstest.console.dll, TcpClientExtensions.MessageLoopAsync: Polling on remoteEndPoint: 127.0.0.1:51676 localEndPoint: 127.0.0.1:51674 after 8 ms
TpTrace Verbose: 0 : 13176, 5, 2025/01/19, 20:31:45.135, 21846933900823, vstest.console.dll, TestRequestSender.StartTestRun: Sending test run with message: {"Version":7,"MessageType":"TestExecution.StartWithSources","Payload":{"AdapterSourceMap":{"_none_":["C:\\Users\\ahmed\\Desktop\\VVS\\VVSProjekatDio3\\bin\\Debug\\net8.0\\fine-code-coverage\\build-output\\VVSProjekatDio3.dll"]},"RunSettings":"<RunSettings>\r\n  <RunConfiguration>\r\n    <ResultsDirectory>C:\\Users\\ahmed\\Desktop\\VVS\\VVSProjekatDio3\\bin\\Debug\\net8.0\\fine-code-coverage\\coverage-tool-output</ResultsDirectory>\r\n    <TargetFrameworkVersion>.NETCoreApp,Version=v8.0</TargetFrameworkVersion>\r\n    <DesignMode>False</DesignMode>\r\n    <CollectSourceInformation>False</CollectSourceInformation>\r\n  </RunConfiguration>\r\n  <LoggerRunSettings>\r\n    <Loggers>\r\n      <Logger friendlyName=\"blame\" enabled=\"True\" />\r\n      <Logger friendlyName=\"Console\" uri=\"logger://microsoft/TestPlatform/ConsoleLogger/v1\" assemblyQualifiedName=\"Microsoft.VisualStudio.TestPlatform.CommandLine.Internal.ConsoleLogger, vstest.console, Version=15.0.0.0, Culture=neutral, PublicKeyToken=b03f5f7f11d50a3a\" codeBase=\"C:\\Program Files\\dotnet\\sdk\\9.0.100\\vstest.console.dll\" enabled=\"True\" />\r\n    </Loggers>\r\n  </LoggerRunSettings>\r\n  <DataCollectionRunSettings>\r\n    <DataCollectors>\r\n      <DataCollector friendlyName=\"blame\" enabled=\"True\">\r\n        <Configuration>\r\n          <ResultsDirectory>C:\\Users\\ahmed\\Desktop\\VVS\\VVSProjekatDio3\\bin\\Debug\\net8.0\\fine-code-coverage\\coverage-tool-output</ResultsDirectory>\r\n        </Configuration>\r\n      </DataCollector>\r\n    </DataCollectors>\r\n  </DataCollectionRunSettings>\r\n</RunSettings>","TestExecutionContext":{"FrequencyOfRunStatsChangeEvent":10,"RunStatsChangeEventTimeout":"00:00:01.5000000","InIsolation":false,"KeepAlive":false,"AreTestCaseLevelEventsRequired":false,"IsDebug":false,"TestCaseFilter":null,"FilterOptions":null},"Package":null}}
TpTrace Verbose: 0 : 13176, 5, 2025/01/19, 20:31:45.135, 21846933902429, vstest.console.dll, ParallelProxyExecutionManager.StartTestRunOnConcurrentManager: Execution started. Started clients: 1
TpTrace Verbose: 0 : 13176, 14, 2025/01/19, 20:31:45.292, 21846935470524, vstest.console.dll, TcpClientExtensions.MessageLoopAsync: NotifyDataAvailable remoteEndPoint: 127.0.0.1:51676 localEndPoint: 127.0.0.1:51674
TpTrace Verbose: 0 : 13176, 14, 2025/01/19, 20:31:45.292, 21846935472830, vstest.console.dll, TestRequestSender.OnExecutionMessageReceived: Received message: {"Version":7,"MessageType":"TestSession.Message","Payload":{"MessageLevel":0,"Message":"NUnit Adapter 4.6.0.0: Test execution started"}}
TpTrace Verbose: 0 : 13176, 14, 2025/01/19, 20:31:45.292, 21846935475270, vstest.console.dll, TestRunRequest:SendTestRunMessage: Starting.
TpTrace Verbose: 0 : 13176, 14, 2025/01/19, 20:31:45.292, 21846935476019, vstest.console.dll, MulticastDelegateUtilities.SafeInvoke: TestRun.LogMessages: Invoking callback 1/1 for Microsoft.VisualStudio.TestPlatform.CommandLine.TestRunResultAggregator., took 0 ms.
TpTrace Information: 0 : 13176, 14, 2025/01/19, 20:31:45.292, 21846935476371, vstest.console.dll, TestRunRequest:SendTestRunMessage: Completed.
TpTrace Verbose: 0 : 13176, 14, 2025/01/19, 20:31:45.293, 21846935476783, vstest.console.dll, MulticastDelegateUtilities.SafeInvoke: LengthPrefixCommunicationChannel: MessageReceived: Invoking callback 1/1 for Microsoft.VisualStudio.TestPlatform.CommunicationUtilities.TestRequestSender+<>c__DisplayClass34_0., took 0 ms.
TpTrace Verbose: 0 : 13176, 4, 2025/01/19, 20:31:45.293, 21846935477506, vstest.console.dll, MulticastDelegateUtilities.SafeInvoke: InternalTestLoggerEvents.SendTestRunMessage: Invoking callback 1/1 for Microsoft.VisualStudio.TestPlatform.CommandLine.Internal.ConsoleLogger., took 0 ms.
TpTrace Verbose: 0 : 13176, 14, 2025/01/19, 20:31:45.293, 21846935477670, vstest.console.dll, TcpClientExtensions.MessageLoopAsync: Polling on remoteEndPoint: 127.0.0.1:51676 localEndPoint: 127.0.0.1:51674 after 161 ms
TpTrace Verbose: 0 : 13176, 14, 2025/01/19, 20:31:45.318, 21846935728793, vstest.console.dll, TcpClientExtensions.MessageLoopAsync: NotifyDataAvailable remoteEndPoint: 127.0.0.1:51676 localEndPoint: 127.0.0.1:51674
TpTrace Verbose: 0 : 13176, 14, 2025/01/19, 20:31:45.318, 21846935730398, vstest.console.dll, TestRequestSender.OnExecutionMessageReceived: Received message: {"Version":7,"MessageType":"TestSession.Message","Payload":{"MessageLevel":0,"Message":"Running all tests in C:\\Users\\ahmed\\Desktop\\VVS\\VVSProjekatDio3\\bin\\Debug\\net8.0\\fine-code-coverage\\build-output\\VVSProjekatDio3.dll"}}
TpTrace Verbose: 0 : 13176, 14, 2025/01/19, 20:31:45.318, 21846935731812, vstest.console.dll, TestRunRequest:SendTestRunMessage: Starting.
TpTrace Verbose: 0 : 13176, 14, 2025/01/19, 20:31:45.318, 21846935732400, vstest.console.dll, MulticastDelegateUtilities.SafeInvoke: TestRun.LogMessages: Invoking callback 1/1 for Microsoft.VisualStudio.TestPlatform.CommandLine.TestRunResultAggregator., took 0 ms.
TpTrace Information: 0 : 13176, 14, 2025/01/19, 20:31:45.318, 21846935732714, vstest.console.dll, TestRunRequest:SendTestRunMessage: Completed.
TpTrace Verbose: 0 : 13176, 14, 2025/01/19, 20:31:45.318, 21846935733019, vstest.console.dll, MulticastDelegateUtilities.SafeInvoke: LengthPrefixCommunicationChannel: MessageReceived: Invoking callback 1/1 for Microsoft.VisualStudio.TestPlatform.CommunicationUtilities.TestRequestSender+<>c__DisplayClass34_0., took 0 ms.
TpTrace Verbose: 0 : 13176, 14, 2025/01/19, 20:31:45.318, 21846935733391, vstest.console.dll, TcpClientExtensions.MessageLoopAsync: Polling on remoteEndPoint: 127.0.0.1:51676 localEndPoint: 127.0.0.1:51674 after 25 ms
TpTrace Verbose: 0 : 13176, 4, 2025/01/19, 20:31:45.318, 21846935733602, vstest.console.dll, MulticastDelegateUtilities.SafeInvoke: InternalTestLoggerEvents.SendTestRunMessage: Invoking callback 1/1 for Microsoft.VisualStudio.TestPlatform.CommandLine.Internal.ConsoleLogger., took 0 ms.
TpTrace Verbose: 0 : 13176, 14, 2025/01/19, 20:31:45.431, 21846936860895, vstest.console.dll, TcpClientExtensions.MessageLoopAsync: NotifyDataAvailable remoteEndPoint: 127.0.0.1:51676 localEndPoint: 127.0.0.1:51674
TpTrace Verbose: 0 : 13176, 14, 2025/01/19, 20:31:45.431, 21846936863106, vstest.console.dll, TestRequestSender.OnExecutionMessageReceived: Received message: {"Version":7,"MessageType":"TestSession.Message","Payload":{"MessageLevel":0,"Message":"   NUnit3TestExecutor discovered 9 of 9 NUnit test cases using Current Discovery mode, Non-Explicit run"}}
TpTrace Verbose: 0 : 13176, 14, 2025/01/19, 20:31:45.431, 21846936864863, vstest.console.dll, TestRunRequest:SendTestRunMessage: Starting.
TpTrace Verbose: 0 : 13176, 14, 2025/01/19, 20:31:45.431, 21846936865550, vstest.console.dll, MulticastDelegateUtilities.SafeInvoke: TestRun.LogMessages: Invoking callback 1/1 for Microsoft.VisualStudio.TestPlatform.CommandLine.TestRunResultAggregator., took 0 ms.
TpTrace Information: 0 : 13176, 14, 2025/01/19, 20:31:45.431, 21846936865857, vstest.console.dll, TestRunRequest:SendTestRunMessage: Completed.
TpTrace Verbose: 0 : 13176, 14, 2025/01/19, 20:31:45.431, 21846936866275, vstest.console.dll, MulticastDelegateUtilities.SafeInvoke: LengthPrefixCommunicationChannel: MessageReceived: Invoking callback 1/1 for Microsoft.VisualStudio.TestPlatform.CommunicationUtilities.TestRequestSender+<>c__DisplayClass34_0., took 0 ms.
TpTrace Verbose: 0 : 13176, 14, 2025/01/19, 20:31:45.432, 21846936866601, vstest.console.dll, TcpClientExtensions.MessageLoopAsync: Polling on remoteEndPoint: 127.0.0.1:51676 localEndPoint: 127.0.0.1:51674 after 113 ms
TpTrace Verbose: 0 : 13176, 4, 2025/01/19, 20:31:45.432, 21846936866961, vstest.console.dll, MulticastDelegateUtilities.SafeInvoke: InternalTestLoggerEvents.SendTestRunMessage: Invoking callback 1/1 for Microsoft.VisualStudio.TestPlatform.CommandLine.Internal.ConsoleLogger., took 0 ms.
TpTrace Verbose: 0 : 13176, 12, 2025/01/19, 20:31:45.832, 21846940872008, vstest.console.dll, TestHostManagerCallbacks.StandardOutputReceivedCallback Test host standard output line: Starting ChromeDriver 132.0.6834.83 (03d59cf5ecf1d8444838ff9a1e96231304d4ff9c-refs/branch-heads/6834@{#3390}) on port 51684
TpTrace Verbose: 0 : 13176, 12, 2025/01/19, 20:31:45.832, 21846940875143, vstest.console.dll, MulticastDelegateUtilities.SafeInvoke: TestRunMessageLoggerProxy.SendMessage: Invoking callback 1/1 for Microsoft.VisualStudio.TestPlatform.Common.Logging.InternalTestLoggerEvents., took 0 ms.
TpTrace Verbose: 0 : 13176, 12, 2025/01/19, 20:31:45.832, 21846940875735, vstest.console.dll, TestHostManagerCallbacks.StandardOutputReceivedCallback Test host standard output line: Only local connections are allowed.
TpTrace Verbose: 0 : 13176, 4, 2025/01/19, 20:31:45.832, 21846940875668, vstest.console.dll, MulticastDelegateUtilities.SafeInvoke: InternalTestLoggerEvents.SendMessage: Invoking callback 1/1 for Microsoft.VisualStudio.TestPlatform.CommandLine.Internal.ConsoleLogger., took 0 ms.
TpTrace Verbose: 0 : 13176, 12, 2025/01/19, 20:31:45.832, 21846940876371, vstest.console.dll, MulticastDelegateUtilities.SafeInvoke: TestRunMessageLoggerProxy.SendMessage: Invoking callback 1/1 for Microsoft.VisualStudio.TestPlatform.Common.Logging.InternalTestLoggerEvents., took 0 ms.
TpTrace Verbose: 0 : 13176, 4, 2025/01/19, 20:31:45.833, 21846940877013, vstest.console.dll, MulticastDelegateUtilities.SafeInvoke: InternalTestLoggerEvents.SendMessage: Invoking callback 1/1 for Microsoft.VisualStudio.TestPlatform.CommandLine.Internal.ConsoleLogger., took 0 ms.
TpTrace Verbose: 0 : 13176, 12, 2025/01/19, 20:31:45.833, 21846940877357, vstest.console.dll, TestHostManagerCallbacks.StandardOutputReceivedCallback Test host standard output line: Please see https://chromedriver.chromium.org/security-considerations for suggestions on keeping ChromeDriver safe.
TpTrace Verbose: 0 : 13176, 12, 2025/01/19, 20:31:45.833, 21846940878167, vstest.console.dll, MulticastDelegateUtilities.SafeInvoke: TestRunMessageLoggerProxy.SendMessage: Invoking callback 1/1 for Microsoft.VisualStudio.TestPlatform.Common.Logging.InternalTestLoggerEvents., took 0 ms.
TpTrace Verbose: 0 : 13176, 4, 2025/01/19, 20:31:45.833, 21846940878295, vstest.console.dll, MulticastDelegateUtilities.SafeInvoke: InternalTestLoggerEvents.SendMessage: Invoking callback 1/1 for Microsoft.VisualStudio.TestPlatform.CommandLine.Internal.ConsoleLogger., took 0 ms.
TpTrace Verbose: 0 : 13176, 12, 2025/01/19, 20:31:45.836, 21846940913822, vstest.console.dll, TestHostManagerCallbacks.StandardOutputReceivedCallback Test host standard output line: ChromeDriver was started successfully on port 51684.
TpTrace Verbose: 0 : 13176, 12, 2025/01/19, 20:31:45.836, 21846940914866, vstest.console.dll, MulticastDelegateUtilities.SafeInvoke: TestRunMessageLoggerProxy.SendMessage: Invoking callback 1/1 for Microsoft.VisualStudio.TestPlatform.Common.Logging.InternalTestLoggerEvents., took 0 ms.
TpTrace Verbose: 0 : 13176, 4, 2025/01/19, 20:31:45.836, 21846940915420, vstest.console.dll, MulticastDelegateUtilities.SafeInvoke: InternalTestLoggerEvents.SendMessage: Invoking callback 1/1 for Microsoft.VisualStudio.TestPlatform.CommandLine.Internal.ConsoleLogger., took 0 ms.
TpTrace Verbose: 0 : 13176, 14, 2025/01/19, 20:31:46.431, 21846946865839, vstest.console.dll, TcpClientExtensions.MessageLoopAsync: Polling on remoteEndPoint: 127.0.0.1:51676 localEndPoint: 127.0.0.1:51674 after 999 ms
TpTrace Verbose: 0 : 13176, 14, 2025/01/19, 20:31:46.732, 21846949876145, vstest.console.dll, TcpClientExtensions.MessageLoopAsync: NotifyDataAvailable remoteEndPoint: 127.0.0.1:51676 localEndPoint: 127.0.0.1:51674
TpTrace Verbose: 0 : 13176, 14, 2025/01/19, 20:31:46.733, 21846949878583, vstest.console.dll, TestRequestSender.OnExecutionMessageReceived: Received message: {"Version":7,"MessageType":"TestExecution.StatsChange","Payload":{"NewTestResults":[],"TestRunStatistics":{"ExecutedTests":0,"Stats":{}},"ActiveTests":[{"Id":"d38761f9-2e3a-5ce1-f2a0-e27a12c67565","FullyQualifiedName":"ProjectName.Testovi.KorpaTest.DodavanjeProizvodaUKorpu","DisplayName":"DodavanjeProizvodaUKorpu","ExecutorUri":"executor://NUnit3TestExecutor","Source":"C:\\Users\\ahmed\\Desktop\\VVS\\VVSProjekatDio3\\bin\\Debug\\net8.0\\fine-code-coverage\\build-output\\VVSProjekatDio3.dll","CodeFilePath":null,"LineNumber":0,"Properties":[{"Key":{"Id":"NUnit.Seed","Label":"Seed","Category":"","Description":"","Attributes":0,"ValueType":"System.String"},"Value":"1246455589"}]}]}}
TpTrace Verbose: 0 : 13176, 14, 2025/01/19, 20:31:46.754, 21846950092682, vstest.console.dll, TestRunRequest:SendTestRunStatsChange: Starting.
TpTrace Verbose: 0 : 13176, 14, 2025/01/19, 20:31:46.754, 21846950094488, vstest.console.dll, InProgress is DodavanjeProizvodaUKorpu
TpTrace Verbose: 0 : 13176, 14, 2025/01/19, 20:31:46.754, 21846950095418, vstest.console.dll, MulticastDelegateUtilities.SafeInvoke: TestRun.RunStatsChanged: Invoking callbacks was skipped because there are no subscribers.
TpTrace Information: 0 : 13176, 14, 2025/01/19, 20:31:46.754, 21846950095714, vstest.console.dll, TestRunRequest:SendTestRunStatsChange: Completed.
TpTrace Verbose: 0 : 13176, 14, 2025/01/19, 20:31:46.754, 21846950096080, vstest.console.dll, MulticastDelegateUtilities.SafeInvoke: LengthPrefixCommunicationChannel: MessageReceived: Invoking callback 1/1 for Microsoft.VisualStudio.TestPlatform.CommunicationUtilities.TestRequestSender+<>c__DisplayClass34_0., took 21 ms.
TpTrace Verbose: 0 : 13176, 14, 2025/01/19, 20:31:46.754, 21846950096403, vstest.console.dll, TcpClientExtensions.MessageLoopAsync: Polling on remoteEndPoint: 127.0.0.1:51676 localEndPoint: 127.0.0.1:51674 after 322 ms
TpTrace Verbose: 0 : 13176, 14, 2025/01/19, 20:31:47.765, 21846960203190, vstest.console.dll, TcpClientExtensions.MessageLoopAsync: Polling on remoteEndPoint: 127.0.0.1:51676 localEndPoint: 127.0.0.1:51674 after 1010 ms
TpTrace Verbose: 0 : 13176, 14, 2025/01/19, 20:31:48.766, 21846970214530, vstest.console.dll, TcpClientExtensions.MessageLoopAsync: Polling on remoteEndPoint: 127.0.0.1:51676 localEndPoint: 127.0.0.1:51674 after 1001 ms
TpTrace Verbose: 0 : 13176, 14, 2025/01/19, 20:31:49.767, 21846980219069, vstest.console.dll, TcpClientExtensions.MessageLoopAsync: Polling on remoteEndPoint: 127.0.0.1:51676 localEndPoint: 127.0.0.1:51674 after 1000 ms
TpTrace Verbose: 0 : 13176, 14, 2025/01/19, 20:31:50.781, 21846990359877, vstest.console.dll, TcpClientExtensions.MessageLoopAsync: Polling on remoteEndPoint: 127.0.0.1:51676 localEndPoint: 127.0.0.1:51674 after 1013 ms
TpTrace Verbose: 0 : 13176, 14, 2025/01/19, 20:31:51.794, 21847000492785, vstest.console.dll, TcpClientExtensions.MessageLoopAsync: Polling on remoteEndPoint: 127.0.0.1:51676 localEndPoint: 127.0.0.1:51674 after 1013 ms
TpTrace Verbose: 0 : 13176, 14, 2025/01/19, 20:31:52.807, 21847010621820, vstest.console.dll, TcpClientExtensions.MessageLoopAsync: Polling on remoteEndPoint: 127.0.0.1:51676 localEndPoint: 127.0.0.1:51674 after 1012 ms
TpTrace Verbose: 0 : 13176, 14, 2025/01/19, 20:31:53.821, 21847020762916, vstest.console.dll, TcpClientExtensions.MessageLoopAsync: Polling on remoteEndPoint: 127.0.0.1:51676 localEndPoint: 127.0.0.1:51674 after 1013 ms
TpTrace Verbose: 0 : 13176, 14, 2025/01/19, 20:31:54.826, 21847030814925, vstest.console.dll, TcpClientExtensions.MessageLoopAsync: Polling on remoteEndPoint: 127.0.0.1:51676 localEndPoint: 127.0.0.1:51674 after 1005 ms
TpTrace Verbose: 0 : 13176, 14, 2025/01/19, 20:31:55.832, 21847040871281, vstest.console.dll, TcpClientExtensions.MessageLoopAsync: Polling on remoteEndPoint: 127.0.0.1:51676 localEndPoint: 127.0.0.1:51674 after 1005 ms
TpTrace Verbose: 0 : 13176, 14, 2025/01/19, 20:31:56.840, 21847050953535, vstest.console.dll, TcpClientExtensions.MessageLoopAsync: Polling on remoteEndPoint: 127.0.0.1:51676 localEndPoint: 127.0.0.1:51674 after 1008 ms
TpTrace Verbose: 0 : 13176, 14, 2025/01/19, 20:31:57.852, 21847061069065, vstest.console.dll, TcpClientExtensions.MessageLoopAsync: Polling on remoteEndPoint: 127.0.0.1:51676 localEndPoint: 127.0.0.1:51674 after 1011 ms
TpTrace Verbose: 0 : 13176, 14, 2025/01/19, 20:31:58.050, 21847063054801, vstest.console.dll, TcpClientExtensions.MessageLoopAsync: NotifyDataAvailable remoteEndPoint: 127.0.0.1:51676 localEndPoint: 127.0.0.1:51674
TpTrace Verbose: 0 : 13176, 14, 2025/01/19, 20:31:58.051, 21847063056856, vstest.console.dll, TestRequestSender.OnExecutionMessageReceived: Received message: {"Version":7,"MessageType":"TestExecution.StatsChange","Payload":{"NewTestResults":[{"TestCase":{"Id":"d38761f9-2e3a-5ce1-f2a0-e27a12c67565","FullyQualifiedName":"ProjectName.Testovi.KorpaTest.DodavanjeProizvodaUKorpu","DisplayName":"DodavanjeProizvodaUKorpu","ExecutorUri":"executor://NUnit3TestExecutor","Source":"C:\\Users\\ahmed\\Desktop\\VVS\\VVSProjekatDio3\\bin\\Debug\\net8.0\\fine-code-coverage\\build-output\\VVSProjekatDio3.dll","CodeFilePath":null,"LineNumber":0,"Properties":[{"Key":{"Id":"NUnit.Seed","Label":"Seed","Category":"","Description":"","Attributes":0,"ValueType":"System.String"},"Value":"1246455589"}]},"Attachments":[],"Outcome":1,"ErrorMessage":null,"ErrorStackTrace":null,"DisplayName":"DodavanjeProizvodaUKorpu","Messages":[],"ComputerName":"AHMEDC","Duration":"00:00:12.5438650","StartTime":"2025-01-19T19:31:45.459106+00:00","EndTime":"2025-01-19T19:31:58.0028996+00:00","Properties":[{"Key":{"Id":"NUnit.Seed","Label":"Seed","Category":"","Description":"","Attributes":0,"ValueType":"System.String"},"Value":"1246455589"}]}],"TestRunStatistics":{"ExecutedTests":1,"Stats":{"Passed":1}},"ActiveTests":[{"Id":"46a2d43a-645b-1526-f562-885a953b25d1","FullyQualifiedName":"ProjectName.Testovi.KorpaTest.PraznaKorpa","DisplayName":"PraznaKorpa","ExecutorUri":"executor://NUnit3TestExecutor","Source":"C:\\Users\\ahmed\\Desktop\\VVS\\VVSProjekatDio3\\bin\\Debug\\net8.0\\fine-code-coverage\\build-output\\VVSProjekatDio3.dll","CodeFilePath":null,"LineNumber":0,"Properties":[{"Key":{"Id":"NUnit.Seed","Label":"Seed","Category":"","Description":"","Attributes":0,"ValueType":"System.String"},"Value":"1845747867"}]}]}}
TpTrace Verbose: 0 : 13176, 14, 2025/01/19, 20:31:58.059, 21847063142994, vstest.console.dll, TestRunRequest:SendTestRunStatsChange: Starting.
TpTrace Verbose: 0 : 13176, 14, 2025/01/19, 20:31:58.059, 21847063143878, vstest.console.dll, InProgress is PraznaKorpa
TpTrace Verbose: 0 : 13176, 14, 2025/01/19, 20:31:58.059, 21847063145650, vstest.console.dll, MulticastDelegateUtilities.SafeInvoke: TestRun.RunStatsChanged: Invoking callbacks was skipped because there are no subscribers.
TpTrace Information: 0 : 13176, 14, 2025/01/19, 20:31:58.059, 21847063146033, vstest.console.dll, TestRunRequest:SendTestRunStatsChange: Completed.
TpTrace Verbose: 0 : 13176, 14, 2025/01/19, 20:31:58.059, 21847063146372, vstest.console.dll, MulticastDelegateUtilities.SafeInvoke: LengthPrefixCommunicationChannel: MessageReceived: Invoking callback 1/1 for Microsoft.VisualStudio.TestPlatform.CommunicationUtilities.TestRequestSender+<>c__DisplayClass34_0., took 8 ms.
TpTrace Verbose: 0 : 13176, 14, 2025/01/19, 20:31:58.060, 21847063146642, vstest.console.dll, TcpClientExtensions.MessageLoopAsync: Polling on remoteEndPoint: 127.0.0.1:51676 localEndPoint: 127.0.0.1:51674 after 207 ms
TpTrace Verbose: 0 : 13176, 4, 2025/01/19, 20:31:58.062, 21847063169086, vstest.console.dll, MulticastDelegateUtilities.SafeInvoke: InternalTestLoggerEvents.SendTestResult: Invoking callback 1/1 for Microsoft.VisualStudio.TestPlatform.CommandLine.Internal.ConsoleLogger., took 2 ms.
TpTrace Verbose: 0 : 13176, 12, 2025/01/19, 20:31:58.308, 21847065628173, vstest.console.dll, TestHostManagerCallbacks.StandardOutputReceivedCallback Test host standard output line: Starting ChromeDriver 132.0.6834.83 (03d59cf5ecf1d8444838ff9a1e96231304d4ff9c-refs/branch-heads/6834@{#3390}) on port 56956
TpTrace Verbose: 0 : 13176, 12, 2025/01/19, 20:31:58.308, 21847065629892, vstest.console.dll, MulticastDelegateUtilities.SafeInvoke: TestRunMessageLoggerProxy.SendMessage: Invoking callback 1/1 for Microsoft.VisualStudio.TestPlatform.Common.Logging.InternalTestLoggerEvents., took 0 ms.
TpTrace Verbose: 0 : 13176, 12, 2025/01/19, 20:31:58.308, 21847065630236, vstest.console.dll, TestHostManagerCallbacks.StandardOutputReceivedCallback Test host standard output line: Only local connections are allowed.
TpTrace Verbose: 0 : 13176, 12, 2025/01/19, 20:31:58.308, 21847065630519, vstest.console.dll, MulticastDelegateUtilities.SafeInvoke: TestRunMessageLoggerProxy.SendMessage: Invoking callback 1/1 for Microsoft.VisualStudio.TestPlatform.Common.Logging.InternalTestLoggerEvents., took 0 ms.
TpTrace Verbose: 0 : 13176, 12, 2025/01/19, 20:31:58.308, 21847065630774, vstest.console.dll, TestHostManagerCallbacks.StandardOutputReceivedCallback Test host standard output line: Please see https://chromedriver.chromium.org/security-considerations for suggestions on keeping ChromeDriver safe.
TpTrace Verbose: 0 : 13176, 4, 2025/01/19, 20:31:58.308, 21847065630838, vstest.console.dll, MulticastDelegateUtilities.SafeInvoke: InternalTestLoggerEvents.SendMessage: Invoking callback 1/1 for Microsoft.VisualStudio.TestPlatform.CommandLine.Internal.ConsoleLogger., took 0 ms.
TpTrace Verbose: 0 : 13176, 12, 2025/01/19, 20:31:58.308, 21847065631096, vstest.console.dll, MulticastDelegateUtilities.SafeInvoke: TestRunMessageLoggerProxy.SendMessage: Invoking callback 1/1 for Microsoft.VisualStudio.TestPlatform.Common.Logging.InternalTestLoggerEvents., took 0 ms.
TpTrace Verbose: 0 : 13176, 4, 2025/01/19, 20:31:58.308, 21847065632035, vstest.console.dll, MulticastDelegateUtilities.SafeInvoke: InternalTestLoggerEvents.SendMessage: Invoking callback 1/1 for Microsoft.VisualStudio.TestPlatform.CommandLine.Internal.ConsoleLogger., took 0 ms.
TpTrace Verbose: 0 : 13176, 4, 2025/01/19, 20:31:58.308, 21847065632823, vstest.console.dll, MulticastDelegateUtilities.SafeInvoke: InternalTestLoggerEvents.SendMessage: Invoking callback 1/1 for Microsoft.VisualStudio.TestPlatform.CommandLine.Internal.ConsoleLogger., took 0 ms.
TpTrace Verbose: 0 : 13176, 5, 2025/01/19, 20:31:58.312, 21847065669514, vstest.console.dll, TestHostManagerCallbacks.StandardOutputReceivedCallback Test host standard output line: ChromeDriver was started successfully on port 56956.
TpTrace Verbose: 0 : 13176, 5, 2025/01/19, 20:31:58.312, 21847065670241, vstest.console.dll, MulticastDelegateUtilities.SafeInvoke: TestRunMessageLoggerProxy.SendMessage: Invoking callback 1/1 for Microsoft.VisualStudio.TestPlatform.Common.Logging.InternalTestLoggerEvents., took 0 ms.
TpTrace Verbose: 0 : 13176, 4, 2025/01/19, 20:31:58.312, 21847065670697, vstest.console.dll, MulticastDelegateUtilities.SafeInvoke: InternalTestLoggerEvents.SendMessage: Invoking callback 1/1 for Microsoft.VisualStudio.TestPlatform.CommandLine.Internal.ConsoleLogger., took 0 ms.
TpTrace Verbose: 0 : 13176, 14, 2025/01/19, 20:31:59.067, 21847073218668, vstest.console.dll, TcpClientExtensions.MessageLoopAsync: Polling on remoteEndPoint: 127.0.0.1:51676 localEndPoint: 127.0.0.1:51674 after 1007 ms
TpTrace Verbose: 0 : 13176, 14, 2025/01/19, 20:32:00.069, 21847083237091, vstest.console.dll, TcpClientExtensions.MessageLoopAsync: Polling on remoteEndPoint: 127.0.0.1:51676 localEndPoint: 127.0.0.1:51674 after 1001 ms
TpTrace Verbose: 0 : 13176, 14, 2025/01/19, 20:32:01.073, 21847093279144, vstest.console.dll, TcpClientExtensions.MessageLoopAsync: Polling on remoteEndPoint: 127.0.0.1:51676 localEndPoint: 127.0.0.1:51674 after 1004 ms
TpTrace Verbose: 0 : 13176, 14, 2025/01/19, 20:32:02.074, 21847103291672, vstest.console.dll, TcpClientExtensions.MessageLoopAsync: Polling on remoteEndPoint: 127.0.0.1:51676 localEndPoint: 127.0.0.1:51674 after 1001 ms
TpTrace Verbose: 0 : 13176, 14, 2025/01/19, 20:32:03.075, 21847113300521, vstest.console.dll, TcpClientExtensions.MessageLoopAsync: Polling on remoteEndPoint: 127.0.0.1:51676 localEndPoint: 127.0.0.1:51674 after 1000 ms
TpTrace Verbose: 0 : 13176, 14, 2025/01/19, 20:32:04.088, 21847123436238, vstest.console.dll, TcpClientExtensions.MessageLoopAsync: Polling on remoteEndPoint: 127.0.0.1:51676 localEndPoint: 127.0.0.1:51674 after 1013 ms
TpTrace Verbose: 0 : 13176, 14, 2025/01/19, 20:32:05.103, 21847133584361, vstest.console.dll, TcpClientExtensions.MessageLoopAsync: Polling on remoteEndPoint: 127.0.0.1:51676 localEndPoint: 127.0.0.1:51674 after 1014 ms
TpTrace Verbose: 0 : 13176, 14, 2025/01/19, 20:32:06.114, 21847143695323, vstest.console.dll, TcpClientExtensions.MessageLoopAsync: Polling on remoteEndPoint: 127.0.0.1:51676 localEndPoint: 127.0.0.1:51674 after 1010 ms
TpTrace Verbose: 0 : 13176, 14, 2025/01/19, 20:32:07.125, 21847153804767, vstest.console.dll, TcpClientExtensions.MessageLoopAsync: Polling on remoteEndPoint: 127.0.0.1:51676 localEndPoint: 127.0.0.1:51674 after 1010 ms
TpTrace Verbose: 0 : 13176, 14, 2025/01/19, 20:32:07.692, 21847159468848, vstest.console.dll, TcpClientExtensions.MessageLoopAsync: NotifyDataAvailable remoteEndPoint: 127.0.0.1:51676 localEndPoint: 127.0.0.1:51674
TpTrace Verbose: 0 : 13176, 14, 2025/01/19, 20:32:07.692, 21847159470753, vstest.console.dll, TestRequestSender.OnExecutionMessageReceived: Received message: {"Version":7,"MessageType":"TestExecution.StatsChange","Payload":{"NewTestResults":[{"TestCase":{"Id":"46a2d43a-645b-1526-f562-885a953b25d1","FullyQualifiedName":"ProjectName.Testovi.KorpaTest.PraznaKorpa","DisplayName":"PraznaKorpa","ExecutorUri":"executor://NUnit3TestExecutor","Source":"C:\\Users\\ahmed\\Desktop\\VVS\\VVSProjekatDio3\\bin\\Debug\\net8.0\\fine-code-coverage\\build-output\\VVSProjekatDio3.dll","CodeFilePath":null,"LineNumber":0,"Properties":[{"Key":{"Id":"NUnit.Seed","Label":"Seed","Category":"","Description":"","Attributes":0,"ValueType":"System.String"},"Value":"1845747867"}]},"Attachments":[],"Outcome":1,"ErrorMessage":null,"ErrorStackTrace":null,"DisplayName":"PraznaKorpa","Messages":[],"ComputerName":"AHMEDC","Duration":"00:00:09.6810730","StartTime":"2025-01-19T19:31:58.0044585+00:00","EndTime":"2025-01-19T19:32:07.6855309+00:00","Properties":[{"Key":{"Id":"NUnit.Seed","Label":"Seed","Category":"","Description":"","Attributes":0,"ValueType":"System.String"},"Value":"1845747867"}]}],"TestRunStatistics":{"ExecutedTests":2,"Stats":{"Passed":2}},"ActiveTests":[{"Id":"e922d848-bdfd-1eef-b32e-7d9da4eb9e79","FullyQualifiedName":"ProjectName.Testovi.PretragaTest.NeuspjesnaPretragaZaNasumicniNizZnakova","DisplayName":"NeuspjesnaPretragaZaNasumicniNizZnakova","ExecutorUri":"executor://NUnit3TestExecutor","Source":"C:\\Users\\ahmed\\Desktop\\VVS\\VVSProjekatDio3\\bin\\Debug\\net8.0\\fine-code-coverage\\build-output\\VVSProjekatDio3.dll","CodeFilePath":null,"LineNumber":0,"Properties":[{"Key":{"Id":"NUnit.Seed","Label":"Seed","Category":"","Description":"","Attributes":0,"ValueType":"System.String"},"Value":"202310062"}]}]}}
TpTrace Verbose: 0 : 13176, 14, 2025/01/19, 20:32:07.693, 21847159483859, vstest.console.dll, TestRunRequest:SendTestRunStatsChange: Starting.
TpTrace Verbose: 0 : 13176, 14, 2025/01/19, 20:32:07.693, 21847159484461, vstest.console.dll, InProgress is NeuspjesnaPretragaZaNasumicniNizZnakova
TpTrace Verbose: 0 : 13176, 14, 2025/01/19, 20:32:07.693, 21847159485004, vstest.console.dll, MulticastDelegateUtilities.SafeInvoke: TestRun.RunStatsChanged: Invoking callbacks was skipped because there are no subscribers.
TpTrace Information: 0 : 13176, 14, 2025/01/19, 20:32:07.693, 21847159485219, vstest.console.dll, TestRunRequest:SendTestRunStatsChange: Completed.
TpTrace Verbose: 0 : 13176, 14, 2025/01/19, 20:32:07.693, 21847159485492, vstest.console.dll, MulticastDelegateUtilities.SafeInvoke: LengthPrefixCommunicationChannel: MessageReceived: Invoking callback 1/1 for Microsoft.VisualStudio.TestPlatform.CommunicationUtilities.TestRequestSender+<>c__DisplayClass34_0., took 1 ms.
TpTrace Verbose: 0 : 13176, 14, 2025/01/19, 20:32:07.693, 21847159485751, vstest.console.dll, TcpClientExtensions.MessageLoopAsync: Polling on remoteEndPoint: 127.0.0.1:51676 localEndPoint: 127.0.0.1:51674 after 568 ms
TpTrace Verbose: 0 : 13176, 4, 2025/01/19, 20:32:07.694, 21847159489732, vstest.console.dll, MulticastDelegateUtilities.SafeInvoke: InternalTestLoggerEvents.SendTestResult: Invoking callback 1/1 for Microsoft.VisualStudio.TestPlatform.CommandLine.Internal.ConsoleLogger., took 0 ms.
TpTrace Verbose: 0 : 13176, 5, 2025/01/19, 20:32:07.993, 21847162484776, vstest.console.dll, TestHostManagerCallbacks.StandardOutputReceivedCallback Test host standard output line: Starting ChromeDriver 132.0.6834.83 (03d59cf5ecf1d8444838ff9a1e96231304d4ff9c-refs/branch-heads/6834@{#3390}) on port 65166
TpTrace Verbose: 0 : 13176, 5, 2025/01/19, 20:32:07.993, 21847162486227, vstest.console.dll, MulticastDelegateUtilities.SafeInvoke: TestRunMessageLoggerProxy.SendMessage: Invoking callback 1/1 for Microsoft.VisualStudio.TestPlatform.Common.Logging.InternalTestLoggerEvents., took 0 ms.
TpTrace Verbose: 0 : 13176, 5, 2025/01/19, 20:32:07.994, 21847162486484, vstest.console.dll, TestHostManagerCallbacks.StandardOutputReceivedCallback Test host standard output line: Only local connections are allowed.
TpTrace Verbose: 0 : 13176, 5, 2025/01/19, 20:32:07.994, 21847162486738, vstest.console.dll, MulticastDelegateUtilities.SafeInvoke: TestRunMessageLoggerProxy.SendMessage: Invoking callback 1/1 for Microsoft.VisualStudio.TestPlatform.Common.Logging.InternalTestLoggerEvents., took 0 ms.
TpTrace Verbose: 0 : 13176, 5, 2025/01/19, 20:32:07.994, 21847162486974, vstest.console.dll, TestHostManagerCallbacks.StandardOutputReceivedCallback Test host standard output line: Please see https://chromedriver.chromium.org/security-considerations for suggestions on keeping ChromeDriver safe.
TpTrace Verbose: 0 : 13176, 4, 2025/01/19, 20:32:07.994, 21847162486961, vstest.console.dll, MulticastDelegateUtilities.SafeInvoke: InternalTestLoggerEvents.SendMessage: Invoking callback 1/1 for Microsoft.VisualStudio.TestPlatform.CommandLine.Internal.ConsoleLogger., took 0 ms.
TpTrace Verbose: 0 : 13176, 5, 2025/01/19, 20:32:07.994, 21847162487429, vstest.console.dll, MulticastDelegateUtilities.SafeInvoke: TestRunMessageLoggerProxy.SendMessage: Invoking callback 1/1 for Microsoft.VisualStudio.TestPlatform.Common.Logging.InternalTestLoggerEvents., took 0 ms.
TpTrace Verbose: 0 : 13176, 4, 2025/01/19, 20:32:07.994, 21847162488725, vstest.console.dll, MulticastDelegateUtilities.SafeInvoke: InternalTestLoggerEvents.SendMessage: Invoking callback 1/1 for Microsoft.VisualStudio.TestPlatform.CommandLine.Internal.ConsoleLogger., took 0 ms.
TpTrace Verbose: 0 : 13176, 4, 2025/01/19, 20:32:07.994, 21847162489066, vstest.console.dll, MulticastDelegateUtilities.SafeInvoke: InternalTestLoggerEvents.SendMessage: Invoking callback 1/1 for Microsoft.VisualStudio.TestPlatform.CommandLine.Internal.ConsoleLogger., took 0 ms.
TpTrace Verbose: 0 : 13176, 12, 2025/01/19, 20:32:07.997, 21847162526242, vstest.console.dll, TestHostManagerCallbacks.StandardOutputReceivedCallback Test host standard output line: ChromeDriver was started successfully on port 65166.
TpTrace Verbose: 0 : 13176, 12, 2025/01/19, 20:32:07.998, 21847162527112, vstest.console.dll, MulticastDelegateUtilities.SafeInvoke: TestRunMessageLoggerProxy.SendMessage: Invoking callback 1/1 for Microsoft.VisualStudio.TestPlatform.Common.Logging.InternalTestLoggerEvents., took 0 ms.
TpTrace Verbose: 0 : 13176, 4, 2025/01/19, 20:32:07.998, 21847162527563, vstest.console.dll, MulticastDelegateUtilities.SafeInvoke: InternalTestLoggerEvents.SendMessage: Invoking callback 1/1 for Microsoft.VisualStudio.TestPlatform.CommandLine.Internal.ConsoleLogger., took 0 ms.
TpTrace Verbose: 0 : 13176, 14, 2025/01/19, 20:32:08.702, 21847169571186, vstest.console.dll, TcpClientExtensions.MessageLoopAsync: Polling on remoteEndPoint: 127.0.0.1:51676 localEndPoint: 127.0.0.1:51674 after 1008 ms
TpTrace Verbose: 0 : 13176, 14, 2025/01/19, 20:32:09.715, 21847179697081, vstest.console.dll, TcpClientExtensions.MessageLoopAsync: Polling on remoteEndPoint: 127.0.0.1:51676 localEndPoint: 127.0.0.1:51674 after 1012 ms
TpTrace Verbose: 0 : 13176, 14, 2025/01/19, 20:32:10.721, 21847189760263, vstest.console.dll, TcpClientExtensions.MessageLoopAsync: Polling on remoteEndPoint: 127.0.0.1:51676 localEndPoint: 127.0.0.1:51674 after 1006 ms
TpTrace Verbose: 0 : 13176, 14, 2025/01/19, 20:32:11.730, 21847199847836, vstest.console.dll, TcpClientExtensions.MessageLoopAsync: Polling on remoteEndPoint: 127.0.0.1:51676 localEndPoint: 127.0.0.1:51674 after 1008 ms
TpTrace Verbose: 0 : 13176, 14, 2025/01/19, 20:32:12.731, 21847209864242, vstest.console.dll, TcpClientExtensions.MessageLoopAsync: Polling on remoteEndPoint: 127.0.0.1:51676 localEndPoint: 127.0.0.1:51674 after 1001 ms
TpTrace Verbose: 0 : 13176, 14, 2025/01/19, 20:32:13.743, 21847219981626, vstest.console.dll, TcpClientExtensions.MessageLoopAsync: Polling on remoteEndPoint: 127.0.0.1:51676 localEndPoint: 127.0.0.1:51674 after 1011 ms
TpTrace Verbose: 0 : 13176, 14, 2025/01/19, 20:32:14.743, 21847229983588, vstest.console.dll, TcpClientExtensions.MessageLoopAsync: Polling on remoteEndPoint: 127.0.0.1:51676 localEndPoint: 127.0.0.1:51674 after 1000 ms
TpTrace Verbose: 0 : 13176, 14, 2025/01/19, 20:32:15.758, 21847240130408, vstest.console.dll, TcpClientExtensions.MessageLoopAsync: Polling on remoteEndPoint: 127.0.0.1:51676 localEndPoint: 127.0.0.1:51674 after 1014 ms
TpTrace Verbose: 0 : 13176, 14, 2025/01/19, 20:32:16.769, 21847250245075, vstest.console.dll, TcpClientExtensions.MessageLoopAsync: Polling on remoteEndPoint: 127.0.0.1:51676 localEndPoint: 127.0.0.1:51674 after 1011 ms
TpTrace Verbose: 0 : 13176, 14, 2025/01/19, 20:32:17.775, 21847260300640, vstest.console.dll, TcpClientExtensions.MessageLoopAsync: Polling on remoteEndPoint: 127.0.0.1:51676 localEndPoint: 127.0.0.1:51674 after 1005 ms
TpTrace Verbose: 0 : 13176, 14, 2025/01/19, 20:32:18.785, 21847270399922, vstest.console.dll, TcpClientExtensions.MessageLoopAsync: Polling on remoteEndPoint: 127.0.0.1:51676 localEndPoint: 127.0.0.1:51674 after 1009 ms
TpTrace Verbose: 0 : 13176, 14, 2025/01/19, 20:32:19.794, 21847280492185, vstest.console.dll, TcpClientExtensions.MessageLoopAsync: Polling on remoteEndPoint: 127.0.0.1:51676 localEndPoint: 127.0.0.1:51674 after 1009 ms
TpTrace Verbose: 0 : 13176, 14, 2025/01/19, 20:32:20.798, 21847290532419, vstest.console.dll, TcpClientExtensions.MessageLoopAsync: Polling on remoteEndPoint: 127.0.0.1:51676 localEndPoint: 127.0.0.1:51674 after 1003 ms
TpTrace Verbose: 0 : 13176, 14, 2025/01/19, 20:32:21.801, 21847300557480, vstest.console.dll, TcpClientExtensions.MessageLoopAsync: Polling on remoteEndPoint: 127.0.0.1:51676 localEndPoint: 127.0.0.1:51674 after 1002 ms
TpTrace Verbose: 0 : 13176, 14, 2025/01/19, 20:32:22.809, 21847310641002, vstest.console.dll, TcpClientExtensions.MessageLoopAsync: Polling on remoteEndPoint: 127.0.0.1:51676 localEndPoint: 127.0.0.1:51674 after 1008 ms
TpTrace Verbose: 0 : 13176, 14, 2025/01/19, 20:32:23.816, 21847320709348, vstest.console.dll, TcpClientExtensions.MessageLoopAsync: Polling on remoteEndPoint: 127.0.0.1:51676 localEndPoint: 127.0.0.1:51674 after 1006 ms
TpTrace Verbose: 0 : 13176, 14, 2025/01/19, 20:32:24.825, 21847330799218, vstest.console.dll, TcpClientExtensions.MessageLoopAsync: Polling on remoteEndPoint: 127.0.0.1:51676 localEndPoint: 127.0.0.1:51674 after 1008 ms
TpTrace Verbose: 0 : 13176, 14, 2025/01/19, 20:32:25.834, 21847340889961, vstest.console.dll, TcpClientExtensions.MessageLoopAsync: Polling on remoteEndPoint: 127.0.0.1:51676 localEndPoint: 127.0.0.1:51674 after 1008 ms
TpTrace Verbose: 0 : 13176, 14, 2025/01/19, 20:32:26.841, 21847350963482, vstest.console.dll, TcpClientExtensions.MessageLoopAsync: Polling on remoteEndPoint: 127.0.0.1:51676 localEndPoint: 127.0.0.1:51674 after 1007 ms
TpTrace Verbose: 0 : 13176, 14, 2025/01/19, 20:32:27.529, 21847357838059, vstest.console.dll, TcpClientExtensions.MessageLoopAsync: NotifyDataAvailable remoteEndPoint: 127.0.0.1:51676 localEndPoint: 127.0.0.1:51674
TpTrace Verbose: 0 : 13176, 14, 2025/01/19, 20:32:27.529, 21847357840685, vstest.console.dll, TestRequestSender.OnExecutionMessageReceived: Received message: {"Version":7,"MessageType":"TestExecution.StatsChange","Payload":{"NewTestResults":[{"TestCase":{"Id":"e922d848-bdfd-1eef-b32e-7d9da4eb9e79","FullyQualifiedName":"ProjectName.Testovi.PretragaTest.NeuspjesnaPretragaZaNasumicniNizZnakova","DisplayName":"NeuspjesnaPretragaZaNasumicniNizZnakova","ExecutorUri":"executor://NUnit3TestExecutor","Source":"C:\\Users\\ahmed\\Desktop\\VVS\\VVSProjekatDio3\\bin\\Debug\\net8.0\\fine-code-coverage\\build-output\\VVSProjekatDio3.dll","CodeFilePath":null,"LineNumber":0,"Properties":[{"Key":{"Id":"NUnit.Seed","Label":"Seed","Category":"","Description":"","Attributes":0,"ValueType":"System.String"},"Value":"202310062"}]},"Attachments":[],"Outcome":1,"ErrorMessage":null,"ErrorStackTrace":null,"DisplayName":"NeuspjesnaPretragaZaNasumicniNizZnakova","Messages":[],"ComputerName":"AHMEDC","Duration":"00:00:19.8368970","StartTime":"2025-01-19T19:32:07.6887007+00:00","EndTime":"2025-01-19T19:32:27.5255973+00:00","Properties":[{"Key":{"Id":"NUnit.Seed","Label":"Seed","Category":"","Description":"","Attributes":0,"ValueType":"System.String"},"Value":"202310062"}]}],"TestRunStatistics":{"ExecutedTests":3,"Stats":{"Passed":3}},"ActiveTests":[{"Id":"bc592a10-0af5-c7c4-dcdb-19063fde93e8","FullyQualifiedName":"ProjectName.Testovi.PretragaTest.NeuspjesnaPretragaZaNepostojeciNaziv","DisplayName":"NeuspjesnaPretragaZaNepostojeciNaziv","ExecutorUri":"executor://NUnit3TestExecutor","Source":"C:\\Users\\ahmed\\Desktop\\VVS\\VVSProjekatDio3\\bin\\Debug\\net8.0\\fine-code-coverage\\build-output\\VVSProjekatDio3.dll","CodeFilePath":null,"LineNumber":0,"Properties":[{"Key":{"Id":"NUnit.Seed","Label":"Seed","Category":"","Description":"","Attributes":0,"ValueType":"System.String"},"Value":"1599051873"}]}]}}
TpTrace Verbose: 0 : 13176, 14, 2025/01/19, 20:32:27.530, 21847357849610, vstest.console.dll, TestRunRequest:SendTestRunStatsChange: Starting.
TpTrace Verbose: 0 : 13176, 14, 2025/01/19, 20:32:27.530, 21847357850786, vstest.console.dll, InProgress is NeuspjesnaPretragaZaNepostojeciNaziv
TpTrace Verbose: 0 : 13176, 14, 2025/01/19, 20:32:27.530, 21847357851454, vstest.console.dll, MulticastDelegateUtilities.SafeInvoke: TestRun.RunStatsChanged: Invoking callbacks was skipped because there are no subscribers.
TpTrace Information: 0 : 13176, 14, 2025/01/19, 20:32:27.530, 21847357851865, vstest.console.dll, TestRunRequest:SendTestRunStatsChange: Completed.
TpTrace Verbose: 0 : 13176, 14, 2025/01/19, 20:32:27.530, 21847357852261, vstest.console.dll, MulticastDelegateUtilities.SafeInvoke: LengthPrefixCommunicationChannel: MessageReceived: Invoking callback 1/1 for Microsoft.VisualStudio.TestPlatform.CommunicationUtilities.TestRequestSender+<>c__DisplayClass34_0., took 1 ms.
TpTrace Verbose: 0 : 13176, 14, 2025/01/19, 20:32:27.530, 21847357852680, vstest.console.dll, TcpClientExtensions.MessageLoopAsync: Polling on remoteEndPoint: 127.0.0.1:51676 localEndPoint: 127.0.0.1:51674 after 688 ms
TpTrace Verbose: 0 : 13176, 4, 2025/01/19, 20:32:27.530, 21847357852947, vstest.console.dll, MulticastDelegateUtilities.SafeInvoke: InternalTestLoggerEvents.SendTestResult: Invoking callback 1/1 for Microsoft.VisualStudio.TestPlatform.CommandLine.Internal.ConsoleLogger., took 0 ms.
TpTrace Verbose: 0 : 13176, 12, 2025/01/19, 20:32:27.840, 21847360947307, vstest.console.dll, TestHostManagerCallbacks.StandardOutputReceivedCallback Test host standard output line: Starting ChromeDriver 132.0.6834.83 (03d59cf5ecf1d8444838ff9a1e96231304d4ff9c-refs/branch-heads/6834@{#3390}) on port 63652
TpTrace Verbose: 0 : 13176, 12, 2025/01/19, 20:32:27.840, 21847360948773, vstest.console.dll, MulticastDelegateUtilities.SafeInvoke: TestRunMessageLoggerProxy.SendMessage: Invoking callback 1/1 for Microsoft.VisualStudio.TestPlatform.Common.Logging.InternalTestLoggerEvents., took 0 ms.
TpTrace Verbose: 0 : 13176, 12, 2025/01/19, 20:32:27.840, 21847360949063, vstest.console.dll, TestHostManagerCallbacks.StandardOutputReceivedCallback Test host standard output line: Only local connections are allowed.
TpTrace Verbose: 0 : 13176, 12, 2025/01/19, 20:32:27.840, 21847360949447, vstest.console.dll, MulticastDelegateUtilities.SafeInvoke: TestRunMessageLoggerProxy.SendMessage: Invoking callback 1/1 for Microsoft.VisualStudio.TestPlatform.Common.Logging.InternalTestLoggerEvents., took 0 ms.
TpTrace Verbose: 0 : 13176, 12, 2025/01/19, 20:32:27.840, 21847360949704, vstest.console.dll, TestHostManagerCallbacks.StandardOutputReceivedCallback Test host standard output line: Please see https://chromedriver.chromium.org/security-considerations for suggestions on keeping ChromeDriver safe.
TpTrace Verbose: 0 : 13176, 12, 2025/01/19, 20:32:27.840, 21847360949995, vstest.console.dll, MulticastDelegateUtilities.SafeInvoke: TestRunMessageLoggerProxy.SendMessage: Invoking callback 1/1 for Microsoft.VisualStudio.TestPlatform.Common.Logging.InternalTestLoggerEvents., took 0 ms.
TpTrace Verbose: 0 : 13176, 4, 2025/01/19, 20:32:27.840, 21847360949648, vstest.console.dll, MulticastDelegateUtilities.SafeInvoke: InternalTestLoggerEvents.SendMessage: Invoking callback 1/1 for Microsoft.VisualStudio.TestPlatform.CommandLine.Internal.ConsoleLogger., took 0 ms.
TpTrace Verbose: 0 : 13176, 4, 2025/01/19, 20:32:27.840, 21847360951293, vstest.console.dll, MulticastDelegateUtilities.SafeInvoke: InternalTestLoggerEvents.SendMessage: Invoking callback 1/1 for Microsoft.VisualStudio.TestPlatform.CommandLine.Internal.ConsoleLogger., took 0 ms.
TpTrace Verbose: 0 : 13176, 4, 2025/01/19, 20:32:27.840, 21847360951621, vstest.console.dll, MulticastDelegateUtilities.SafeInvoke: InternalTestLoggerEvents.SendMessage: Invoking callback 1/1 for Microsoft.VisualStudio.TestPlatform.CommandLine.Internal.ConsoleLogger., took 0 ms.
TpTrace Verbose: 0 : 13176, 5, 2025/01/19, 20:32:27.844, 21847360988927, vstest.console.dll, TestHostManagerCallbacks.StandardOutputReceivedCallback Test host standard output line: ChromeDriver was started successfully on port 63652.
TpTrace Verbose: 0 : 13176, 5, 2025/01/19, 20:32:27.844, 21847360989835, vstest.console.dll, MulticastDelegateUtilities.SafeInvoke: TestRunMessageLoggerProxy.SendMessage: Invoking callback 1/1 for Microsoft.VisualStudio.TestPlatform.Common.Logging.InternalTestLoggerEvents., took 0 ms.
TpTrace Verbose: 0 : 13176, 4, 2025/01/19, 20:32:27.844, 21847360990223, vstest.console.dll, MulticastDelegateUtilities.SafeInvoke: InternalTestLoggerEvents.SendMessage: Invoking callback 1/1 for Microsoft.VisualStudio.TestPlatform.CommandLine.Internal.ConsoleLogger., took 0 ms.
TpTrace Verbose: 0 : 13176, 14, 2025/01/19, 20:32:28.540, 21847367949035, vstest.console.dll, TcpClientExtensions.MessageLoopAsync: Polling on remoteEndPoint: 127.0.0.1:51676 localEndPoint: 127.0.0.1:51674 after 1009 ms
TpTrace Verbose: 0 : 13176, 14, 2025/01/19, 20:32:29.547, 21847378018206, vstest.console.dll, TcpClientExtensions.MessageLoopAsync: Polling on remoteEndPoint: 127.0.0.1:51676 localEndPoint: 127.0.0.1:51674 after 1006 ms
TpTrace Verbose: 0 : 13176, 14, 2025/01/19, 20:32:30.552, 21847388076247, vstest.console.dll, TcpClientExtensions.MessageLoopAsync: Polling on remoteEndPoint: 127.0.0.1:51676 localEndPoint: 127.0.0.1:51674 after 1005 ms
TpTrace Verbose: 0 : 13176, 14, 2025/01/19, 20:32:31.558, 21847398130857, vstest.console.dll, TcpClientExtensions.MessageLoopAsync: Polling on remoteEndPoint: 127.0.0.1:51676 localEndPoint: 127.0.0.1:51674 after 1005 ms
TpTrace Verbose: 0 : 13176, 14, 2025/01/19, 20:32:32.567, 21847408225326, vstest.console.dll, TcpClientExtensions.MessageLoopAsync: Polling on remoteEndPoint: 127.0.0.1:51676 localEndPoint: 127.0.0.1:51674 after 1009 ms
TpTrace Verbose: 0 : 13176, 14, 2025/01/19, 20:32:33.573, 21847418278222, vstest.console.dll, TcpClientExtensions.MessageLoopAsync: Polling on remoteEndPoint: 127.0.0.1:51676 localEndPoint: 127.0.0.1:51674 after 1005 ms
TpTrace Verbose: 0 : 13176, 14, 2025/01/19, 20:32:34.578, 21847428328713, vstest.console.dll, TcpClientExtensions.MessageLoopAsync: Polling on remoteEndPoint: 127.0.0.1:51676 localEndPoint: 127.0.0.1:51674 after 1004 ms
TpTrace Verbose: 0 : 13176, 14, 2025/01/19, 20:32:35.580, 21847438347232, vstest.console.dll, TcpClientExtensions.MessageLoopAsync: Polling on remoteEndPoint: 127.0.0.1:51676 localEndPoint: 127.0.0.1:51674 after 1001 ms
TpTrace Verbose: 0 : 13176, 14, 2025/01/19, 20:32:36.591, 21847448462818, vstest.console.dll, TcpClientExtensions.MessageLoopAsync: Polling on remoteEndPoint: 127.0.0.1:51676 localEndPoint: 127.0.0.1:51674 after 1011 ms
TpTrace Verbose: 0 : 13176, 14, 2025/01/19, 20:32:37.596, 21847458510674, vstest.console.dll, TcpClientExtensions.MessageLoopAsync: Polling on remoteEndPoint: 127.0.0.1:51676 localEndPoint: 127.0.0.1:51674 after 1004 ms
TpTrace Verbose: 0 : 13176, 14, 2025/01/19, 20:32:38.605, 21847468604714, vstest.console.dll, TcpClientExtensions.MessageLoopAsync: Polling on remoteEndPoint: 127.0.0.1:51676 localEndPoint: 127.0.0.1:51674 after 1009 ms
TpTrace Verbose: 0 : 13176, 14, 2025/01/19, 20:32:39.607, 21847478617983, vstest.console.dll, TcpClientExtensions.MessageLoopAsync: Polling on remoteEndPoint: 127.0.0.1:51676 localEndPoint: 127.0.0.1:51674 after 1001 ms
TpTrace Verbose: 0 : 13176, 14, 2025/01/19, 20:32:40.608, 21847488636074, vstest.console.dll, TcpClientExtensions.MessageLoopAsync: Polling on remoteEndPoint: 127.0.0.1:51676 localEndPoint: 127.0.0.1:51674 after 1001 ms
TpTrace Verbose: 0 : 13176, 14, 2025/01/19, 20:32:41.610, 21847498653624, vstest.console.dll, TcpClientExtensions.MessageLoopAsync: Polling on remoteEndPoint: 127.0.0.1:51676 localEndPoint: 127.0.0.1:51674 after 1001 ms
TpTrace Verbose: 0 : 13176, 14, 2025/01/19, 20:32:42.615, 21847508699492, vstest.console.dll, TcpClientExtensions.MessageLoopAsync: Polling on remoteEndPoint: 127.0.0.1:51676 localEndPoint: 127.0.0.1:51674 after 1004 ms
TpTrace Verbose: 0 : 13176, 14, 2025/01/19, 20:32:43.630, 21847518846822, vstest.console.dll, TcpClientExtensions.MessageLoopAsync: Polling on remoteEndPoint: 127.0.0.1:51676 localEndPoint: 127.0.0.1:51674 after 1014 ms
TpTrace Verbose: 0 : 13176, 14, 2025/01/19, 20:32:44.640, 21847528955095, vstest.console.dll, TcpClientExtensions.MessageLoopAsync: Polling on remoteEndPoint: 127.0.0.1:51676 localEndPoint: 127.0.0.1:51674 after 1010 ms
TpTrace Verbose: 0 : 13176, 14, 2025/01/19, 20:32:45.652, 21847539068743, vstest.console.dll, TcpClientExtensions.MessageLoopAsync: Polling on remoteEndPoint: 127.0.0.1:51676 localEndPoint: 127.0.0.1:51674 after 1011 ms
TpTrace Verbose: 0 : 13176, 14, 2025/01/19, 20:32:46.659, 21847549144394, vstest.console.dll, TcpClientExtensions.MessageLoopAsync: Polling on remoteEndPoint: 127.0.0.1:51676 localEndPoint: 127.0.0.1:51674 after 1007 ms
TpTrace Verbose: 0 : 13176, 14, 2025/01/19, 20:32:47.359, 21847556146052, vstest.console.dll, TcpClientExtensions.MessageLoopAsync: NotifyDataAvailable remoteEndPoint: 127.0.0.1:51676 localEndPoint: 127.0.0.1:51674
TpTrace Verbose: 0 : 13176, 14, 2025/01/19, 20:32:47.360, 21847556148882, vstest.console.dll, TestRequestSender.OnExecutionMessageReceived: Received message: {"Version":7,"MessageType":"TestExecution.StatsChange","Payload":{"NewTestResults":[{"TestCase":{"Id":"bc592a10-0af5-c7c4-dcdb-19063fde93e8","FullyQualifiedName":"ProjectName.Testovi.PretragaTest.NeuspjesnaPretragaZaNepostojeciNaziv","DisplayName":"NeuspjesnaPretragaZaNepostojeciNaziv","ExecutorUri":"executor://NUnit3TestExecutor","Source":"C:\\Users\\ahmed\\Desktop\\VVS\\VVSProjekatDio3\\bin\\Debug\\net8.0\\fine-code-coverage\\build-output\\VVSProjekatDio3.dll","CodeFilePath":null,"LineNumber":0,"Properties":[{"Key":{"Id":"NUnit.Seed","Label":"Seed","Category":"","Description":"","Attributes":0,"ValueType":"System.String"},"Value":"1599051873"}]},"Attachments":[],"Outcome":1,"ErrorMessage":null,"ErrorStackTrace":null,"DisplayName":"NeuspjesnaPretragaZaNepostojeciNaziv","Messages":[],"ComputerName":"AHMEDC","Duration":"00:00:19.8313170","StartTime":"2025-01-19T19:32:27.5256796+00:00","EndTime":"2025-01-19T19:32:47.3569955+00:00","Properties":[{"Key":{"Id":"NUnit.Seed","Label":"Seed","Category":"","Description":"","Attributes":0,"ValueType":"System.String"},"Value":"1599051873"}]}],"TestRunStatistics":{"ExecutedTests":4,"Stats":{"Passed":4}},"ActiveTests":[{"Id":"831e5dee-adb4-dff2-d66e-27bfb374a1ad","FullyQualifiedName":"ProjectName.Testovi.PretragaTest.NeuspjesnaPretragaZaPrazanString","DisplayName":"NeuspjesnaPretragaZaPrazanString","ExecutorUri":"executor://NUnit3TestExecutor","Source":"C:\\Users\\ahmed\\Desktop\\VVS\\VVSProjekatDio3\\bin\\Debug\\net8.0\\fine-code-coverage\\build-output\\VVSProjekatDio3.dll","CodeFilePath":null,"LineNumber":0,"Properties":[{"Key":{"Id":"NUnit.Seed","Label":"Seed","Category":"","Description":"","Attributes":0,"ValueType":"System.String"},"Value":"1540348495"}]}]}}
TpTrace Verbose: 0 : 13176, 14, 2025/01/19, 20:32:47.361, 21847556158015, vstest.console.dll, TestRunRequest:SendTestRunStatsChange: Starting.
TpTrace Verbose: 0 : 13176, 14, 2025/01/19, 20:32:47.361, 21847556158838, vstest.console.dll, InProgress is NeuspjesnaPretragaZaPrazanString
TpTrace Verbose: 0 : 13176, 14, 2025/01/19, 20:32:47.361, 21847556159464, vstest.console.dll, MulticastDelegateUtilities.SafeInvoke: TestRun.RunStatsChanged: Invoking callbacks was skipped because there are no subscribers.
TpTrace Information: 0 : 13176, 14, 2025/01/19, 20:32:47.361, 21847556159774, vstest.console.dll, TestRunRequest:SendTestRunStatsChange: Completed.
TpTrace Verbose: 0 : 13176, 14, 2025/01/19, 20:32:47.361, 21847556160120, vstest.console.dll, MulticastDelegateUtilities.SafeInvoke: LengthPrefixCommunicationChannel: MessageReceived: Invoking callback 1/1 for Microsoft.VisualStudio.TestPlatform.CommunicationUtilities.TestRequestSender+<>c__DisplayClass34_0., took 1 ms.
TpTrace Verbose: 0 : 13176, 14, 2025/01/19, 20:32:47.361, 21847556160529, vstest.console.dll, TcpClientExtensions.MessageLoopAsync: Polling on remoteEndPoint: 127.0.0.1:51676 localEndPoint: 127.0.0.1:51674 after 701 ms
TpTrace Verbose: 0 : 13176, 4, 2025/01/19, 20:32:47.361, 21847556160666, vstest.console.dll, MulticastDelegateUtilities.SafeInvoke: InternalTestLoggerEvents.SendTestResult: Invoking callback 1/1 for Microsoft.VisualStudio.TestPlatform.CommandLine.Internal.ConsoleLogger., took 0 ms.
TpTrace Verbose: 0 : 13176, 5, 2025/01/19, 20:32:47.666, 21847559210366, vstest.console.dll, TestHostManagerCallbacks.StandardOutputReceivedCallback Test host standard output line: Starting ChromeDriver 132.0.6834.83 (03d59cf5ecf1d8444838ff9a1e96231304d4ff9c-refs/branch-heads/6834@{#3390}) on port 50116
TpTrace Verbose: 0 : 13176, 5, 2025/01/19, 20:32:47.666, 21847559211706, vstest.console.dll, MulticastDelegateUtilities.SafeInvoke: TestRunMessageLoggerProxy.SendMessage: Invoking callback 1/1 for Microsoft.VisualStudio.TestPlatform.Common.Logging.InternalTestLoggerEvents., took 0 ms.
TpTrace Verbose: 0 : 13176, 5, 2025/01/19, 20:32:47.666, 21847559211945, vstest.console.dll, TestHostManagerCallbacks.StandardOutputReceivedCallback Test host standard output line: Only local connections are allowed.
TpTrace Verbose: 0 : 13176, 5, 2025/01/19, 20:32:47.666, 21847559212189, vstest.console.dll, MulticastDelegateUtilities.SafeInvoke: TestRunMessageLoggerProxy.SendMessage: Invoking callback 1/1 for Microsoft.VisualStudio.TestPlatform.Common.Logging.InternalTestLoggerEvents., took 0 ms.
TpTrace Verbose: 0 : 13176, 5, 2025/01/19, 20:32:47.666, 21847559212430, vstest.console.dll, TestHostManagerCallbacks.StandardOutputReceivedCallback Test host standard output line: Please see https://chromedriver.chromium.org/security-considerations for suggestions on keeping ChromeDriver safe.
TpTrace Verbose: 0 : 13176, 4, 2025/01/19, 20:32:47.666, 21847559212411, vstest.console.dll, MulticastDelegateUtilities.SafeInvoke: InternalTestLoggerEvents.SendMessage: Invoking callback 1/1 for Microsoft.VisualStudio.TestPlatform.CommandLine.Internal.ConsoleLogger., took 0 ms.
TpTrace Verbose: 0 : 13176, 5, 2025/01/19, 20:32:47.666, 21847559212687, vstest.console.dll, MulticastDelegateUtilities.SafeInvoke: TestRunMessageLoggerProxy.SendMessage: Invoking callback 1/1 for Microsoft.VisualStudio.TestPlatform.Common.Logging.InternalTestLoggerEvents., took 0 ms.
TpTrace Verbose: 0 : 13176, 4, 2025/01/19, 20:32:47.666, 21847559213303, vstest.console.dll, MulticastDelegateUtilities.SafeInvoke: InternalTestLoggerEvents.SendMessage: Invoking callback 1/1 for Microsoft.VisualStudio.TestPlatform.CommandLine.Internal.ConsoleLogger., took 0 ms.
TpTrace Verbose: 0 : 13176, 4, 2025/01/19, 20:32:47.666, 21847559213880, vstest.console.dll, MulticastDelegateUtilities.SafeInvoke: InternalTestLoggerEvents.SendMessage: Invoking callback 1/1 for Microsoft.VisualStudio.TestPlatform.CommandLine.Internal.ConsoleLogger., took 0 ms.
TpTrace Verbose: 0 : 13176, 12, 2025/01/19, 20:32:47.670, 21847559249943, vstest.console.dll, TestHostManagerCallbacks.StandardOutputReceivedCallback Test host standard output line: ChromeDriver was started successfully on port 50116.
TpTrace Verbose: 0 : 13176, 12, 2025/01/19, 20:32:47.670, 21847559250797, vstest.console.dll, MulticastDelegateUtilities.SafeInvoke: TestRunMessageLoggerProxy.SendMessage: Invoking callback 1/1 for Microsoft.VisualStudio.TestPlatform.Common.Logging.InternalTestLoggerEvents., took 0 ms.
TpTrace Verbose: 0 : 13176, 4, 2025/01/19, 20:32:47.670, 21847559251186, vstest.console.dll, MulticastDelegateUtilities.SafeInvoke: InternalTestLoggerEvents.SendMessage: Invoking callback 1/1 for Microsoft.VisualStudio.TestPlatform.CommandLine.Internal.ConsoleLogger., took 0 ms.
TpTrace Verbose: 0 : 13176, 14, 2025/01/19, 20:32:48.366, 21847566207365, vstest.console.dll, TcpClientExtensions.MessageLoopAsync: Polling on remoteEndPoint: 127.0.0.1:51676 localEndPoint: 127.0.0.1:51674 after 1004 ms
TpTrace Verbose: 0 : 13176, 14, 2025/01/19, 20:32:49.367, 21847576217183, vstest.console.dll, TcpClientExtensions.MessageLoopAsync: Polling on remoteEndPoint: 127.0.0.1:51676 localEndPoint: 127.0.0.1:51674 after 1000 ms
TpTrace Verbose: 0 : 13176, 14, 2025/01/19, 20:32:50.376, 21847586307392, vstest.console.dll, TcpClientExtensions.MessageLoopAsync: Polling on remoteEndPoint: 127.0.0.1:51676 localEndPoint: 127.0.0.1:51674 after 1008 ms
TpTrace Verbose: 0 : 13176, 14, 2025/01/19, 20:32:51.379, 21847596341484, vstest.console.dll, TcpClientExtensions.MessageLoopAsync: Polling on remoteEndPoint: 127.0.0.1:51676 localEndPoint: 127.0.0.1:51674 after 1003 ms
TpTrace Verbose: 0 : 13176, 14, 2025/01/19, 20:32:52.391, 21847606462738, vstest.console.dll, TcpClientExtensions.MessageLoopAsync: Polling on remoteEndPoint: 127.0.0.1:51676 localEndPoint: 127.0.0.1:51674 after 1011 ms
TpTrace Verbose: 0 : 13176, 14, 2025/01/19, 20:32:53.394, 21847616492845, vstest.console.dll, TcpClientExtensions.MessageLoopAsync: Polling on remoteEndPoint: 127.0.0.1:51676 localEndPoint: 127.0.0.1:51674 after 1002 ms
TpTrace Verbose: 0 : 13176, 14, 2025/01/19, 20:32:54.406, 21847626610959, vstest.console.dll, TcpClientExtensions.MessageLoopAsync: Polling on remoteEndPoint: 127.0.0.1:51676 localEndPoint: 127.0.0.1:51674 after 1011 ms
TpTrace Verbose: 0 : 13176, 14, 2025/01/19, 20:32:55.407, 21847636619138, vstest.console.dll, TcpClientExtensions.MessageLoopAsync: Polling on remoteEndPoint: 127.0.0.1:51676 localEndPoint: 127.0.0.1:51674 after 1000 ms
TpTrace Verbose: 0 : 13176, 14, 2025/01/19, 20:32:56.408, 21847646627476, vstest.console.dll, TcpClientExtensions.MessageLoopAsync: Polling on remoteEndPoint: 127.0.0.1:51676 localEndPoint: 127.0.0.1:51674 after 1000 ms
TpTrace Verbose: 0 : 13176, 14, 2025/01/19, 20:32:57.410, 21847656646648, vstest.console.dll, TcpClientExtensions.MessageLoopAsync: Polling on remoteEndPoint: 127.0.0.1:51676 localEndPoint: 127.0.0.1:51674 after 1001 ms
TpTrace Verbose: 0 : 13176, 14, 2025/01/19, 20:32:58.421, 21847666759608, vstest.console.dll, TcpClientExtensions.MessageLoopAsync: Polling on remoteEndPoint: 127.0.0.1:51676 localEndPoint: 127.0.0.1:51674 after 1011 ms
TpTrace Verbose: 0 : 13176, 14, 2025/01/19, 20:32:59.426, 21847676813471, vstest.console.dll, TcpClientExtensions.MessageLoopAsync: Polling on remoteEndPoint: 127.0.0.1:51676 localEndPoint: 127.0.0.1:51674 after 1005 ms
TpTrace Verbose: 0 : 13176, 14, 2025/01/19, 20:33:00.430, 21847686855485, vstest.console.dll, TcpClientExtensions.MessageLoopAsync: Polling on remoteEndPoint: 127.0.0.1:51676 localEndPoint: 127.0.0.1:51674 after 1004 ms
TpTrace Verbose: 0 : 13176, 14, 2025/01/19, 20:33:01.445, 21847696999415, vstest.console.dll, TcpClientExtensions.MessageLoopAsync: Polling on remoteEndPoint: 127.0.0.1:51676 localEndPoint: 127.0.0.1:51674 after 1014 ms
TpTrace Verbose: 0 : 13176, 14, 2025/01/19, 20:33:02.451, 21847707058727, vstest.console.dll, TcpClientExtensions.MessageLoopAsync: Polling on remoteEndPoint: 127.0.0.1:51676 localEndPoint: 127.0.0.1:51674 after 1005 ms
TpTrace Verbose: 0 : 13176, 14, 2025/01/19, 20:33:03.457, 21847717124196, vstest.console.dll, TcpClientExtensions.MessageLoopAsync: Polling on remoteEndPoint: 127.0.0.1:51676 localEndPoint: 127.0.0.1:51674 after 1006 ms
TpTrace Verbose: 0 : 13176, 14, 2025/01/19, 20:33:04.462, 21847727174798, vstest.console.dll, TcpClientExtensions.MessageLoopAsync: Polling on remoteEndPoint: 127.0.0.1:51676 localEndPoint: 127.0.0.1:51674 after 1004 ms
TpTrace Verbose: 0 : 13176, 14, 2025/01/19, 20:33:05.463, 21847737184223, vstest.console.dll, TcpClientExtensions.MessageLoopAsync: Polling on remoteEndPoint: 127.0.0.1:51676 localEndPoint: 127.0.0.1:51674 after 1000 ms
TpTrace Verbose: 0 : 13176, 14, 2025/01/19, 20:33:06.464, 21847747191464, vstest.console.dll, TcpClientExtensions.MessageLoopAsync: Polling on remoteEndPoint: 127.0.0.1:51676 localEndPoint: 127.0.0.1:51674 after 1000 ms
TpTrace Verbose: 0 : 13176, 14, 2025/01/19, 20:33:07.261, 21847755164058, vstest.console.dll, TcpClientExtensions.MessageLoopAsync: NotifyDataAvailable remoteEndPoint: 127.0.0.1:51676 localEndPoint: 127.0.0.1:51674
TpTrace Verbose: 0 : 13176, 14, 2025/01/19, 20:33:07.261, 21847755166179, vstest.console.dll, TestRequestSender.OnExecutionMessageReceived: Received message: {"Version":7,"MessageType":"TestExecution.StatsChange","Payload":{"NewTestResults":[{"TestCase":{"Id":"831e5dee-adb4-dff2-d66e-27bfb374a1ad","FullyQualifiedName":"ProjectName.Testovi.PretragaTest.NeuspjesnaPretragaZaPrazanString","DisplayName":"NeuspjesnaPretragaZaPrazanString","ExecutorUri":"executor://NUnit3TestExecutor","Source":"C:\\Users\\ahmed\\Desktop\\VVS\\VVSProjekatDio3\\bin\\Debug\\net8.0\\fine-code-coverage\\build-output\\VVSProjekatDio3.dll","CodeFilePath":null,"LineNumber":0,"Properties":[{"Key":{"Id":"NUnit.Seed","Label":"Seed","Category":"","Description":"","Attributes":0,"ValueType":"System.String"},"Value":"1540348495"}]},"Attachments":[],"Outcome":1,"ErrorMessage":null,"ErrorStackTrace":null,"DisplayName":"NeuspjesnaPretragaZaPrazanString","Messages":[],"ComputerName":"AHMEDC","Duration":"00:00:19.9019750","StartTime":"2025-01-19T19:32:47.3571596+00:00","EndTime":"2025-01-19T19:33:07.2591336+00:00","Properties":[{"Key":{"Id":"NUnit.Seed","Label":"Seed","Category":"","Description":"","Attributes":0,"ValueType":"System.String"},"Value":"1540348495"}]}],"TestRunStatistics":{"ExecutedTests":5,"Stats":{"Passed":5}},"ActiveTests":[{"Id":"a60a62c0-4bb9-64a2-1591-bcb656814f17","FullyQualifiedName":"ProjectName.Testovi.PretragaTest.UspjesnaPretragaSaPostojecimNazivomProizvoda","DisplayName":"UspjesnaPretragaSaPostojecimNazivomProizvoda","ExecutorUri":"executor://NUnit3TestExecutor","Source":"C:\\Users\\ahmed\\Desktop\\VVS\\VVSProjekatDio3\\bin\\Debug\\net8.0\\fine-code-coverage\\build-output\\VVSProjekatDio3.dll","CodeFilePath":null,"LineNumber":0,"Properties":[{"Key":{"Id":"NUnit.Seed","Label":"Seed","Category":"","Description":"","Attributes":0,"ValueType":"System.String"},"Value":"619666954"}]}]}}
TpTrace Verbose: 0 : 13176, 14, 2025/01/19, 20:33:07.262, 21847755171943, vstest.console.dll, TestRunRequest:SendTestRunStatsChange: Starting.
TpTrace Verbose: 0 : 13176, 14, 2025/01/19, 20:33:07.262, 21847755172538, vstest.console.dll, InProgress is UspjesnaPretragaSaPostojecimNazivomProizvoda
TpTrace Verbose: 0 : 13176, 14, 2025/01/19, 20:33:07.262, 21847755172924, vstest.console.dll, MulticastDelegateUtilities.SafeInvoke: TestRun.RunStatsChanged: Invoking callbacks was skipped because there are no subscribers.
TpTrace Information: 0 : 13176, 14, 2025/01/19, 20:33:07.262, 21847755173203, vstest.console.dll, TestRunRequest:SendTestRunStatsChange: Completed.
TpTrace Verbose: 0 : 13176, 14, 2025/01/19, 20:33:07.262, 21847755173497, vstest.console.dll, MulticastDelegateUtilities.SafeInvoke: LengthPrefixCommunicationChannel: MessageReceived: Invoking callback 1/1 for Microsoft.VisualStudio.TestPlatform.CommunicationUtilities.TestRequestSender+<>c__DisplayClass34_0., took 0 ms.
TpTrace Verbose: 0 : 13176, 14, 2025/01/19, 20:33:07.262, 21847755173740, vstest.console.dll, TcpClientExtensions.MessageLoopAsync: Polling on remoteEndPoint: 127.0.0.1:51676 localEndPoint: 127.0.0.1:51674 after 798 ms
TpTrace Verbose: 0 : 13176, 4, 2025/01/19, 20:33:07.262, 21847755173842, vstest.console.dll, MulticastDelegateUtilities.SafeInvoke: InternalTestLoggerEvents.SendTestResult: Invoking callback 1/1 for Microsoft.VisualStudio.TestPlatform.CommandLine.Internal.ConsoleLogger., took 0 ms.
TpTrace Verbose: 0 : 13176, 12, 2025/01/19, 20:33:07.568, 21847758234669, vstest.console.dll, TestHostManagerCallbacks.StandardOutputReceivedCallback Test host standard output line: Starting ChromeDriver 132.0.6834.83 (03d59cf5ecf1d8444838ff9a1e96231304d4ff9c-refs/branch-heads/6834@{#3390}) on port 59696
TpTrace Verbose: 0 : 13176, 12, 2025/01/19, 20:33:07.568, 21847758235964, vstest.console.dll, MulticastDelegateUtilities.SafeInvoke: TestRunMessageLoggerProxy.SendMessage: Invoking callback 1/1 for Microsoft.VisualStudio.TestPlatform.Common.Logging.InternalTestLoggerEvents., took 0 ms.
TpTrace Verbose: 0 : 13176, 12, 2025/01/19, 20:33:07.568, 21847758236244, vstest.console.dll, TestHostManagerCallbacks.StandardOutputReceivedCallback Test host standard output line: Only local connections are allowed.
TpTrace Verbose: 0 : 13176, 4, 2025/01/19, 20:33:07.569, 21847758236452, vstest.console.dll, MulticastDelegateUtilities.SafeInvoke: InternalTestLoggerEvents.SendMessage: Invoking callback 1/1 for Microsoft.VisualStudio.TestPlatform.CommandLine.Internal.ConsoleLogger., took 0 ms.
TpTrace Verbose: 0 : 13176, 12, 2025/01/19, 20:33:07.569, 21847758236557, vstest.console.dll, MulticastDelegateUtilities.SafeInvoke: TestRunMessageLoggerProxy.SendMessage: Invoking callback 1/1 for Microsoft.VisualStudio.TestPlatform.Common.Logging.InternalTestLoggerEvents., took 0 ms.
TpTrace Verbose: 0 : 13176, 4, 2025/01/19, 20:33:07.569, 21847758237197, vstest.console.dll, MulticastDelegateUtilities.SafeInvoke: InternalTestLoggerEvents.SendMessage: Invoking callback 1/1 for Microsoft.VisualStudio.TestPlatform.CommandLine.Internal.ConsoleLogger., took 0 ms.
TpTrace Verbose: 0 : 13176, 12, 2025/01/19, 20:33:07.569, 21847758237570, vstest.console.dll, TestHostManagerCallbacks.StandardOutputReceivedCallback Test host standard output line: Please see https://chromedriver.chromium.org/security-considerations for suggestions on keeping ChromeDriver safe.
TpTrace Verbose: 0 : 13176, 12, 2025/01/19, 20:33:07.569, 21847758238589, vstest.console.dll, MulticastDelegateUtilities.SafeInvoke: TestRunMessageLoggerProxy.SendMessage: Invoking callback 1/1 for Microsoft.VisualStudio.TestPlatform.Common.Logging.InternalTestLoggerEvents., took 0 ms.
TpTrace Verbose: 0 : 13176, 4, 2025/01/19, 20:33:07.569, 21847758238775, vstest.console.dll, MulticastDelegateUtilities.SafeInvoke: InternalTestLoggerEvents.SendMessage: Invoking callback 1/1 for Microsoft.VisualStudio.TestPlatform.CommandLine.Internal.ConsoleLogger., took 0 ms.
TpTrace Verbose: 0 : 13176, 5, 2025/01/19, 20:33:07.572, 21847758273250, vstest.console.dll, TestHostManagerCallbacks.StandardOutputReceivedCallback Test host standard output line: ChromeDriver was started successfully on port 59696.
TpTrace Verbose: 0 : 13176, 5, 2025/01/19, 20:33:07.572, 21847758273853, vstest.console.dll, MulticastDelegateUtilities.SafeInvoke: TestRunMessageLoggerProxy.SendMessage: Invoking callback 1/1 for Microsoft.VisualStudio.TestPlatform.Common.Logging.InternalTestLoggerEvents., took 0 ms.
TpTrace Verbose: 0 : 13176, 4, 2025/01/19, 20:33:07.572, 21847758274153, vstest.console.dll, MulticastDelegateUtilities.SafeInvoke: InternalTestLoggerEvents.SendMessage: Invoking callback 1/1 for Microsoft.VisualStudio.TestPlatform.CommandLine.Internal.ConsoleLogger., took 0 ms.
TpTrace Verbose: 0 : 13176, 14, 2025/01/19, 20:33:08.265, 21847765204305, vstest.console.dll, TcpClientExtensions.MessageLoopAsync: Polling on remoteEndPoint: 127.0.0.1:51676 localEndPoint: 127.0.0.1:51674 after 1003 ms
TpTrace Verbose: 0 : 13176, 14, 2025/01/19, 20:33:09.266, 21847775212553, vstest.console.dll, TcpClientExtensions.MessageLoopAsync: Polling on remoteEndPoint: 127.0.0.1:51676 localEndPoint: 127.0.0.1:51674 after 1000 ms
TpTrace Verbose: 0 : 13176, 14, 2025/01/19, 20:33:10.271, 21847785262911, vstest.console.dll, TcpClientExtensions.MessageLoopAsync: Polling on remoteEndPoint: 127.0.0.1:51676 localEndPoint: 127.0.0.1:51674 after 1004 ms
TpTrace Verbose: 0 : 13176, 14, 2025/01/19, 20:33:11.286, 21847795407008, vstest.console.dll, TcpClientExtensions.MessageLoopAsync: Polling on remoteEndPoint: 127.0.0.1:51676 localEndPoint: 127.0.0.1:51674 after 1014 ms
TpTrace Verbose: 0 : 13176, 14, 2025/01/19, 20:33:12.299, 21847805545804, vstest.console.dll, TcpClientExtensions.MessageLoopAsync: Polling on remoteEndPoint: 127.0.0.1:51676 localEndPoint: 127.0.0.1:51674 after 1013 ms
TpTrace Verbose: 0 : 13176, 14, 2025/01/19, 20:33:13.301, 21847815562876, vstest.console.dll, TcpClientExtensions.MessageLoopAsync: Polling on remoteEndPoint: 127.0.0.1:51676 localEndPoint: 127.0.0.1:51674 after 1001 ms
TpTrace Verbose: 0 : 13176, 14, 2025/01/19, 20:33:14.308, 21847825627754, vstest.console.dll, TcpClientExtensions.MessageLoopAsync: Polling on remoteEndPoint: 127.0.0.1:51676 localEndPoint: 127.0.0.1:51674 after 1006 ms
TpTrace Verbose: 0 : 13176, 14, 2025/01/19, 20:33:15.310, 21847835655221, vstest.console.dll, TcpClientExtensions.MessageLoopAsync: Polling on remoteEndPoint: 127.0.0.1:51676 localEndPoint: 127.0.0.1:51674 after 1002 ms
TpTrace Verbose: 0 : 13176, 14, 2025/01/19, 20:33:16.325, 21847845800046, vstest.console.dll, TcpClientExtensions.MessageLoopAsync: Polling on remoteEndPoint: 127.0.0.1:51676 localEndPoint: 127.0.0.1:51674 after 1014 ms
TpTrace Verbose: 0 : 13176, 14, 2025/01/19, 20:33:17.339, 21847855945190, vstest.console.dll, TcpClientExtensions.MessageLoopAsync: Polling on remoteEndPoint: 127.0.0.1:51676 localEndPoint: 127.0.0.1:51674 after 1014 ms
TpTrace Verbose: 0 : 13176, 14, 2025/01/19, 20:33:18.054, 21847863090323, vstest.console.dll, TcpClientExtensions.MessageLoopAsync: NotifyDataAvailable remoteEndPoint: 127.0.0.1:51676 localEndPoint: 127.0.0.1:51674
TpTrace Verbose: 0 : 13176, 14, 2025/01/19, 20:33:18.054, 21847863091941, vstest.console.dll, TestRequestSender.OnExecutionMessageReceived: Received message: {"Version":7,"MessageType":"TestExecution.StatsChange","Payload":{"NewTestResults":[{"TestCase":{"Id":"a60a62c0-4bb9-64a2-1591-bcb656814f17","FullyQualifiedName":"ProjectName.Testovi.PretragaTest.UspjesnaPretragaSaPostojecimNazivomProizvoda","DisplayName":"UspjesnaPretragaSaPostojecimNazivomProizvoda","ExecutorUri":"executor://NUnit3TestExecutor","Source":"C:\\Users\\ahmed\\Desktop\\VVS\\VVSProjekatDio3\\bin\\Debug\\net8.0\\fine-code-coverage\\build-output\\VVSProjekatDio3.dll","CodeFilePath":null,"LineNumber":0,"Properties":[{"Key":{"Id":"NUnit.Seed","Label":"Seed","Category":"","Description":"","Attributes":0,"ValueType":"System.String"},"Value":"619666954"}]},"Attachments":[],"Outcome":1,"ErrorMessage":null,"ErrorStackTrace":null,"DisplayName":"UspjesnaPretragaSaPostojecimNazivomProizvoda","Messages":[],"ComputerName":"AHMEDC","Duration":"00:00:10.7925980","StartTime":"2025-01-19T19:33:07.2591951+00:00","EndTime":"2025-01-19T19:33:18.0517923+00:00","Properties":[{"Key":{"Id":"NUnit.Seed","Label":"Seed","Category":"","Description":"","Attributes":0,"ValueType":"System.String"},"Value":"619666954"}]}],"TestRunStatistics":{"ExecutedTests":6,"Stats":{"Passed":6}},"ActiveTests":[{"Id":"8435e48a-0ba9-1416-fbf6-ff91828421e1","FullyQualifiedName":"ProjectName.Testovi.PretragaTest.UspjesnaPretragaZaDjelimicniNazivProizvoda","DisplayName":"UspjesnaPretragaZaDjelimicniNazivProizvoda","ExecutorUri":"executor://NUnit3TestExecutor","Source":"C:\\Users\\ahmed\\Desktop\\VVS\\VVSProjekatDio3\\bin\\Debug\\net8.0\\fine-code-coverage\\build-output\\VVSProjekatDio3.dll","CodeFilePath":null,"LineNumber":0,"Properties":[{"Key":{"Id":"NUnit.Seed","Label":"Seed","Category":"","Description":"","Attributes":0,"ValueType":"System.String"},"Value":"1264861588"}]}]}}
TpTrace Verbose: 0 : 13176, 14, 2025/01/19, 20:33:18.055, 21847863097589, vstest.console.dll, TestRunRequest:SendTestRunStatsChange: Starting.
TpTrace Verbose: 0 : 13176, 14, 2025/01/19, 20:33:18.055, 21847863098185, vstest.console.dll, InProgress is UspjesnaPretragaZaDjelimicniNazivProizvoda
TpTrace Verbose: 0 : 13176, 14, 2025/01/19, 20:33:18.055, 21847863098531, vstest.console.dll, MulticastDelegateUtilities.SafeInvoke: TestRun.RunStatsChanged: Invoking callbacks was skipped because there are no subscribers.
TpTrace Information: 0 : 13176, 14, 2025/01/19, 20:33:18.055, 21847863098748, vstest.console.dll, TestRunRequest:SendTestRunStatsChange: Completed.
TpTrace Verbose: 0 : 13176, 14, 2025/01/19, 20:33:18.055, 21847863098967, vstest.console.dll, MulticastDelegateUtilities.SafeInvoke: LengthPrefixCommunicationChannel: MessageReceived: Invoking callback 1/1 for Microsoft.VisualStudio.TestPlatform.CommunicationUtilities.TestRequestSender+<>c__DisplayClass34_0., took 0 ms.
TpTrace Verbose: 0 : 13176, 14, 2025/01/19, 20:33:18.055, 21847863099226, vstest.console.dll, TcpClientExtensions.MessageLoopAsync: Polling on remoteEndPoint: 127.0.0.1:51676 localEndPoint: 127.0.0.1:51674 after 715 ms
TpTrace Verbose: 0 : 13176, 4, 2025/01/19, 20:33:18.055, 21847863099256, vstest.console.dll, MulticastDelegateUtilities.SafeInvoke: InternalTestLoggerEvents.SendTestResult: Invoking callback 1/1 for Microsoft.VisualStudio.TestPlatform.CommandLine.Internal.ConsoleLogger., took 0 ms.
TpTrace Verbose: 0 : 13176, 14, 2025/01/19, 20:33:19.068, 21847873228429, vstest.console.dll, TcpClientExtensions.MessageLoopAsync: Polling on remoteEndPoint: 127.0.0.1:51676 localEndPoint: 127.0.0.1:51674 after 1012 ms
TpTrace Verbose: 0 : 13176, 14, 2025/01/19, 20:33:20.068, 21847883230138, vstest.console.dll, TcpClientExtensions.MessageLoopAsync: Polling on remoteEndPoint: 127.0.0.1:51676 localEndPoint: 127.0.0.1:51674 after 1000 ms
TpTrace Verbose: 0 : 13176, 14, 2025/01/19, 20:33:21.072, 21847893273315, vstest.console.dll, TcpClientExtensions.MessageLoopAsync: Polling on remoteEndPoint: 127.0.0.1:51676 localEndPoint: 127.0.0.1:51674 after 1004 ms
TpTrace Verbose: 0 : 13176, 5, 2025/01/19, 20:33:21.882, 21847901370503, vstest.console.dll, TestHostManagerCallbacks.StandardOutputReceivedCallback Test host standard output line: Starting ChromeDriver 132.0.6834.83 (03d59cf5ecf1d8444838ff9a1e96231304d4ff9c-refs/branch-heads/6834@{#3390}) on port 57484
TpTrace Verbose: 0 : 13176, 5, 2025/01/19, 20:33:21.882, 21847901371962, vstest.console.dll, MulticastDelegateUtilities.SafeInvoke: TestRunMessageLoggerProxy.SendMessage: Invoking callback 1/1 for Microsoft.VisualStudio.TestPlatform.Common.Logging.InternalTestLoggerEvents., took 0 ms.
TpTrace Verbose: 0 : 13176, 5, 2025/01/19, 20:33:21.882, 21847901372323, vstest.console.dll, TestHostManagerCallbacks.StandardOutputReceivedCallback Test host standard output line: Only local connections are allowed.
TpTrace Verbose: 0 : 13176, 5, 2025/01/19, 20:33:21.882, 21847901372571, vstest.console.dll, MulticastDelegateUtilities.SafeInvoke: TestRunMessageLoggerProxy.SendMessage: Invoking callback 1/1 for Microsoft.VisualStudio.TestPlatform.Common.Logging.InternalTestLoggerEvents., took 0 ms.
TpTrace Verbose: 0 : 13176, 5, 2025/01/19, 20:33:21.882, 21847901372797, vstest.console.dll, TestHostManagerCallbacks.StandardOutputReceivedCallback Test host standard output line: Please see https://chromedriver.chromium.org/security-considerations for suggestions on keeping ChromeDriver safe.
TpTrace Verbose: 0 : 13176, 4, 2025/01/19, 20:33:21.882, 21847901372527, vstest.console.dll, MulticastDelegateUtilities.SafeInvoke: InternalTestLoggerEvents.SendMessage: Invoking callback 1/1 for Microsoft.VisualStudio.TestPlatform.CommandLine.Internal.ConsoleLogger., took 0 ms.
TpTrace Verbose: 0 : 13176, 5, 2025/01/19, 20:33:21.882, 21847901373111, vstest.console.dll, MulticastDelegateUtilities.SafeInvoke: TestRunMessageLoggerProxy.SendMessage: Invoking callback 1/1 for Microsoft.VisualStudio.TestPlatform.Common.Logging.InternalTestLoggerEvents., took 0 ms.
TpTrace Verbose: 0 : 13176, 4, 2025/01/19, 20:33:21.882, 21847901373911, vstest.console.dll, MulticastDelegateUtilities.SafeInvoke: InternalTestLoggerEvents.SendMessage: Invoking callback 1/1 for Microsoft.VisualStudio.TestPlatform.CommandLine.Internal.ConsoleLogger., took 0 ms.
TpTrace Verbose: 0 : 13176, 4, 2025/01/19, 20:33:21.882, 21847901374536, vstest.console.dll, MulticastDelegateUtilities.SafeInvoke: InternalTestLoggerEvents.SendMessage: Invoking callback 1/1 for Microsoft.VisualStudio.TestPlatform.CommandLine.Internal.ConsoleLogger., took 0 ms.
TpTrace Verbose: 0 : 13176, 5, 2025/01/19, 20:33:21.886, 21847901407965, vstest.console.dll, TestHostManagerCallbacks.StandardOutputReceivedCallback Test host standard output line: ChromeDriver was started successfully on port 57484.
TpTrace Verbose: 0 : 13176, 5, 2025/01/19, 20:33:21.886, 21847901408448, vstest.console.dll, MulticastDelegateUtilities.SafeInvoke: TestRunMessageLoggerProxy.SendMessage: Invoking callback 1/1 for Microsoft.VisualStudio.TestPlatform.Common.Logging.InternalTestLoggerEvents., took 0 ms.
TpTrace Verbose: 0 : 13176, 4, 2025/01/19, 20:33:21.886, 21847901408634, vstest.console.dll, MulticastDelegateUtilities.SafeInvoke: InternalTestLoggerEvents.SendMessage: Invoking callback 1/1 for Microsoft.VisualStudio.TestPlatform.CommandLine.Internal.ConsoleLogger., took 0 ms.
TpTrace Verbose: 0 : 13176, 14, 2025/01/19, 20:33:22.079, 21847903341334, vstest.console.dll, TcpClientExtensions.MessageLoopAsync: Polling on remoteEndPoint: 127.0.0.1:51676 localEndPoint: 127.0.0.1:51674 after 1006 ms
TpTrace Verbose: 0 : 13176, 14, 2025/01/19, 20:33:23.081, 21847913360093, vstest.console.dll, TcpClientExtensions.MessageLoopAsync: Polling on remoteEndPoint: 127.0.0.1:51676 localEndPoint: 127.0.0.1:51674 after 1001 ms
TpTrace Verbose: 0 : 13176, 14, 2025/01/19, 20:33:24.081, 21847923364968, vstest.console.dll, TcpClientExtensions.MessageLoopAsync: Polling on remoteEndPoint: 127.0.0.1:51676 localEndPoint: 127.0.0.1:51674 after 1000 ms
TpTrace Verbose: 0 : 13176, 14, 2025/01/19, 20:33:25.084, 21847933395862, vstest.console.dll, TcpClientExtensions.MessageLoopAsync: Polling on remoteEndPoint: 127.0.0.1:51676 localEndPoint: 127.0.0.1:51674 after 1002 ms
TpTrace Verbose: 0 : 13176, 14, 2025/01/19, 20:33:26.098, 21847943528713, vstest.console.dll, TcpClientExtensions.MessageLoopAsync: Polling on remoteEndPoint: 127.0.0.1:51676 localEndPoint: 127.0.0.1:51674 after 1013 ms
TpTrace Verbose: 0 : 13176, 14, 2025/01/19, 20:33:27.111, 21847953658794, vstest.console.dll, TcpClientExtensions.MessageLoopAsync: Polling on remoteEndPoint: 127.0.0.1:51676 localEndPoint: 127.0.0.1:51674 after 1012 ms
TpTrace Verbose: 0 : 13176, 14, 2025/01/19, 20:33:28.120, 21847963752503, vstest.console.dll, TcpClientExtensions.MessageLoopAsync: Polling on remoteEndPoint: 127.0.0.1:51676 localEndPoint: 127.0.0.1:51674 after 1009 ms
TpTrace Verbose: 0 : 13176, 14, 2025/01/19, 20:33:29.133, 21847973884845, vstest.console.dll, TcpClientExtensions.MessageLoopAsync: Polling on remoteEndPoint: 127.0.0.1:51676 localEndPoint: 127.0.0.1:51674 after 1013 ms
TpTrace Verbose: 0 : 13176, 14, 2025/01/19, 20:33:30.148, 21847984031022, vstest.console.dll, TcpClientExtensions.MessageLoopAsync: Polling on remoteEndPoint: 127.0.0.1:51676 localEndPoint: 127.0.0.1:51674 after 1014 ms
TpTrace Verbose: 0 : 13176, 14, 2025/01/19, 20:33:31.163, 21847994178895, vstest.console.dll, TcpClientExtensions.MessageLoopAsync: Polling on remoteEndPoint: 127.0.0.1:51676 localEndPoint: 127.0.0.1:51674 after 1014 ms
TpTrace Verbose: 0 : 13176, 14, 2025/01/19, 20:33:32.177, 21848004317322, vstest.console.dll, TcpClientExtensions.MessageLoopAsync: Polling on remoteEndPoint: 127.0.0.1:51676 localEndPoint: 127.0.0.1:51674 after 1013 ms
TpTrace Verbose: 0 : 13176, 14, 2025/01/19, 20:33:32.525, 21848007805587, vstest.console.dll, TcpClientExtensions.MessageLoopAsync: NotifyDataAvailable remoteEndPoint: 127.0.0.1:51676 localEndPoint: 127.0.0.1:51674
TpTrace Verbose: 0 : 13176, 14, 2025/01/19, 20:33:32.526, 21848007807465, vstest.console.dll, TestRequestSender.OnExecutionMessageReceived: Received message: {"Version":7,"MessageType":"TestExecution.StatsChange","Payload":{"NewTestResults":[{"TestCase":{"Id":"8435e48a-0ba9-1416-fbf6-ff91828421e1","FullyQualifiedName":"ProjectName.Testovi.PretragaTest.UspjesnaPretragaZaDjelimicniNazivProizvoda","DisplayName":"UspjesnaPretragaZaDjelimicniNazivProizvoda","ExecutorUri":"executor://NUnit3TestExecutor","Source":"C:\\Users\\ahmed\\Desktop\\VVS\\VVSProjekatDio3\\bin\\Debug\\net8.0\\fine-code-coverage\\build-output\\VVSProjekatDio3.dll","CodeFilePath":null,"LineNumber":0,"Properties":[{"Key":{"Id":"NUnit.Seed","Label":"Seed","Category":"","Description":"","Attributes":0,"ValueType":"System.String"},"Value":"1264861588"}]},"Attachments":[],"Outcome":1,"ErrorMessage":null,"ErrorStackTrace":null,"DisplayName":"UspjesnaPretragaZaDjelimicniNazivProizvoda","Messages":[],"ComputerName":"AHMEDC","Duration":"00:00:14.4712240","StartTime":"2025-01-19T19:33:18.0518446+00:00","EndTime":"2025-01-19T19:33:32.5230675+00:00","Properties":[{"Key":{"Id":"NUnit.Seed","Label":"Seed","Category":"","Description":"","Attributes":0,"ValueType":"System.String"},"Value":"1264861588"}]}],"TestRunStatistics":{"ExecutedTests":7,"Stats":{"Passed":7}},"ActiveTests":[{"Id":"c6f4031c-8189-5254-28d0-9eae4a53da88","FullyQualifiedName":"ProjectName.Testovi.RegistracijaTest.NeuspjesnaRegistracijaSaSlabomLozinkom","DisplayName":"NeuspjesnaRegistracijaSaSlabomLozinkom","ExecutorUri":"executor://NUnit3TestExecutor","Source":"C:\\Users\\ahmed\\Desktop\\VVS\\VVSProjekatDio3\\bin\\Debug\\net8.0\\fine-code-coverage\\build-output\\VVSProjekatDio3.dll","CodeFilePath":null,"LineNumber":0,"Properties":[{"Key":{"Id":"NUnit.Seed","Label":"Seed","Category":"","Description":"","Attributes":0,"ValueType":"System.String"},"Value":"1403897196"}]}]}}
TpTrace Verbose: 0 : 13176, 14, 2025/01/19, 20:33:32.526, 21848007812518, vstest.console.dll, TestRunRequest:SendTestRunStatsChange: Starting.
TpTrace Verbose: 0 : 13176, 14, 2025/01/19, 20:33:32.526, 21848007812956, vstest.console.dll, InProgress is NeuspjesnaRegistracijaSaSlabomLozinkom
TpTrace Verbose: 0 : 13176, 14, 2025/01/19, 20:33:32.526, 21848007813363, vstest.console.dll, MulticastDelegateUtilities.SafeInvoke: TestRun.RunStatsChanged: Invoking callbacks was skipped because there are no subscribers.
TpTrace Information: 0 : 13176, 14, 2025/01/19, 20:33:32.526, 21848007813574, vstest.console.dll, TestRunRequest:SendTestRunStatsChange: Completed.
TpTrace Verbose: 0 : 13176, 14, 2025/01/19, 20:33:32.526, 21848007813803, vstest.console.dll, MulticastDelegateUtilities.SafeInvoke: LengthPrefixCommunicationChannel: MessageReceived: Invoking callback 1/1 for Microsoft.VisualStudio.TestPlatform.CommunicationUtilities.TestRequestSender+<>c__DisplayClass34_0., took 0 ms.
TpTrace Verbose: 0 : 13176, 14, 2025/01/19, 20:33:32.526, 21848007814051, vstest.console.dll, TcpClientExtensions.MessageLoopAsync: Polling on remoteEndPoint: 127.0.0.1:51676 localEndPoint: 127.0.0.1:51674 after 349 ms
TpTrace Verbose: 0 : 13176, 4, 2025/01/19, 20:33:32.526, 21848007814270, vstest.console.dll, MulticastDelegateUtilities.SafeInvoke: InternalTestLoggerEvents.SendTestResult: Invoking callback 1/1 for Microsoft.VisualStudio.TestPlatform.CommandLine.Internal.ConsoleLogger., took 0 ms.
TpTrace Verbose: 0 : 13176, 5, 2025/01/19, 20:33:32.832, 21848010875639, vstest.console.dll, TestHostManagerCallbacks.StandardOutputReceivedCallback Test host standard output line: Starting ChromeDriver 132.0.6834.83 (03d59cf5ecf1d8444838ff9a1e96231304d4ff9c-refs/branch-heads/6834@{#3390}) on port 49478
TpTrace Verbose: 0 : 13176, 5, 2025/01/19, 20:33:32.833, 21848010877038, vstest.console.dll, MulticastDelegateUtilities.SafeInvoke: TestRunMessageLoggerProxy.SendMessage: Invoking callback 1/1 for Microsoft.VisualStudio.TestPlatform.Common.Logging.InternalTestLoggerEvents., took 0 ms.
TpTrace Verbose: 0 : 13176, 5, 2025/01/19, 20:33:32.833, 21848010877297, vstest.console.dll, TestHostManagerCallbacks.StandardOutputReceivedCallback Test host standard output line: Only local connections are allowed.
TpTrace Verbose: 0 : 13176, 5, 2025/01/19, 20:33:32.833, 21848010877625, vstest.console.dll, MulticastDelegateUtilities.SafeInvoke: TestRunMessageLoggerProxy.SendMessage: Invoking callback 1/1 for Microsoft.VisualStudio.TestPlatform.Common.Logging.InternalTestLoggerEvents., took 0 ms.
TpTrace Verbose: 0 : 13176, 4, 2025/01/19, 20:33:32.833, 21848010877677, vstest.console.dll, MulticastDelegateUtilities.SafeInvoke: InternalTestLoggerEvents.SendMessage: Invoking callback 1/1 for Microsoft.VisualStudio.TestPlatform.CommandLine.Internal.ConsoleLogger., took 0 ms.
TpTrace Verbose: 0 : 13176, 5, 2025/01/19, 20:33:32.833, 21848010877917, vstest.console.dll, TestHostManagerCallbacks.StandardOutputReceivedCallback Test host standard output line: Please see https://chromedriver.chromium.org/security-considerations for suggestions on keeping ChromeDriver safe.
TpTrace Verbose: 0 : 13176, 4, 2025/01/19, 20:33:32.833, 21848010878795, vstest.console.dll, MulticastDelegateUtilities.SafeInvoke: InternalTestLoggerEvents.SendMessage: Invoking callback 1/1 for Microsoft.VisualStudio.TestPlatform.CommandLine.Internal.ConsoleLogger., took 0 ms.
TpTrace Verbose: 0 : 13176, 5, 2025/01/19, 20:33:32.833, 21848010879107, vstest.console.dll, MulticastDelegateUtilities.SafeInvoke: TestRunMessageLoggerProxy.SendMessage: Invoking callback 1/1 for Microsoft.VisualStudio.TestPlatform.Common.Logging.InternalTestLoggerEvents., took 0 ms.
TpTrace Verbose: 0 : 13176, 4, 2025/01/19, 20:33:32.833, 21848010879428, vstest.console.dll, MulticastDelegateUtilities.SafeInvoke: InternalTestLoggerEvents.SendMessage: Invoking callback 1/1 for Microsoft.VisualStudio.TestPlatform.CommandLine.Internal.ConsoleLogger., took 0 ms.
TpTrace Verbose: 0 : 13176, 12, 2025/01/19, 20:33:32.836, 21848010914660, vstest.console.dll, TestHostManagerCallbacks.StandardOutputReceivedCallback Test host standard output line: ChromeDriver was started successfully on port 49478.
TpTrace Verbose: 0 : 13176, 12, 2025/01/19, 20:33:32.836, 21848010915091, vstest.console.dll, MulticastDelegateUtilities.SafeInvoke: TestRunMessageLoggerProxy.SendMessage: Invoking callback 1/1 for Microsoft.VisualStudio.TestPlatform.Common.Logging.InternalTestLoggerEvents., took 0 ms.
TpTrace Verbose: 0 : 13176, 4, 2025/01/19, 20:33:32.836, 21848010915446, vstest.console.dll, MulticastDelegateUtilities.SafeInvoke: InternalTestLoggerEvents.SendMessage: Invoking callback 1/1 for Microsoft.VisualStudio.TestPlatform.CommandLine.Internal.ConsoleLogger., took 0 ms.
TpTrace Verbose: 0 : 13176, 14, 2025/01/19, 20:33:33.526, 21848017807915, vstest.console.dll, TcpClientExtensions.MessageLoopAsync: Polling on remoteEndPoint: 127.0.0.1:51676 localEndPoint: 127.0.0.1:51674 after 999 ms
TpTrace Verbose: 0 : 13176, 14, 2025/01/19, 20:33:34.535, 21848027897323, vstest.console.dll, TcpClientExtensions.MessageLoopAsync: Polling on remoteEndPoint: 127.0.0.1:51676 localEndPoint: 127.0.0.1:51674 after 1008 ms
TpTrace Verbose: 0 : 13176, 14, 2025/01/19, 20:33:35.542, 21848037974547, vstest.console.dll, TcpClientExtensions.MessageLoopAsync: Polling on remoteEndPoint: 127.0.0.1:51676 localEndPoint: 127.0.0.1:51674 after 1007 ms
TpTrace Verbose: 0 : 13176, 14, 2025/01/19, 20:33:36.556, 21848048116279, vstest.console.dll, TcpClientExtensions.MessageLoopAsync: Polling on remoteEndPoint: 127.0.0.1:51676 localEndPoint: 127.0.0.1:51674 after 1014 ms
TpTrace Verbose: 0 : 13176, 14, 2025/01/19, 20:33:37.559, 21848058145412, vstest.console.dll, TcpClientExtensions.MessageLoopAsync: Polling on remoteEndPoint: 127.0.0.1:51676 localEndPoint: 127.0.0.1:51674 after 1002 ms
TpTrace Verbose: 0 : 13176, 14, 2025/01/19, 20:33:37.590, 21848058451885, vstest.console.dll, TcpClientExtensions.MessageLoopAsync: NotifyDataAvailable remoteEndPoint: 127.0.0.1:51676 localEndPoint: 127.0.0.1:51674
TpTrace Verbose: 0 : 13176, 14, 2025/01/19, 20:33:37.590, 21848058454053, vstest.console.dll, TestRequestSender.OnExecutionMessageReceived: Received message: {"Version":7,"MessageType":"TestExecution.StatsChange","Payload":{"NewTestResults":[{"TestCase":{"Id":"c6f4031c-8189-5254-28d0-9eae4a53da88","FullyQualifiedName":"ProjectName.Testovi.RegistracijaTest.NeuspjesnaRegistracijaSaSlabomLozinkom","DisplayName":"NeuspjesnaRegistracijaSaSlabomLozinkom","ExecutorUri":"executor://NUnit3TestExecutor","Source":"C:\\Users\\ahmed\\Desktop\\VVS\\VVSProjekatDio3\\bin\\Debug\\net8.0\\fine-code-coverage\\build-output\\VVSProjekatDio3.dll","CodeFilePath":null,"LineNumber":0,"Properties":[{"Key":{"Id":"NUnit.Seed","Label":"Seed","Category":"","Description":"","Attributes":0,"ValueType":"System.String"},"Value":"1403897196"}]},"Attachments":[],"Outcome":2,"ErrorMessage":"OpenQA.Selenium.NoSuchWindowException : no such window: target window already closed\r\nfrom unknown error: web view not found\r\n  (Session info: chrome=132.0.6834.83)","ErrorStackTrace":"   at OpenQA.Selenium.WebDriver.UnpackAndThrowOnError(Response errorResponse, String commandToExecute)\r\n   at OpenQA.Selenium.WebDriver.ExecuteAsync(String driverCommandToExecute, Dictionary`2 parameters)\r\n   at OpenQA.Selenium.Navigator.GoToUrlAsync(String url)\r\n   at OpenQA.Selenium.Navigator.<>c__DisplayClass6_0.<<GoToUrl>b__0>d.MoveNext()\r\n--- End of stack trace from previous location ---\r\n   at OpenQA.Selenium.Navigator.GoToUrl(String url)\r\n   at ProjectName.Stranice.RegistracijaStranica.OtvoriMojRacunStranicu() in C:\\Users\\ahmed\\Desktop\\VVS\\VVSProjekatDio3\\Stranice\\RegistracijaStranica.cs:line 21\r\n   at ProjectName.Testovi.RegistracijaTest.NeuspjesnaRegistracijaSaSlabomLozinkom() in C:\\Users\\ahmed\\Desktop\\VVS\\VVSProjekatDio3\\Testovi\\RegistracijaTest.cs:line 32\r\n   at System.RuntimeMethodHandle.InvokeMethod(Object target, Void** arguments, Signature sig, Boolean isConstructor)\r\n   at System.Reflection.MethodBaseInvoker.InvokeWithNoArgs(Object obj, BindingFlags invokeAttr)\n","DisplayName":"NeuspjesnaRegistracijaSaSlabomLozinkom","Messages":[],"ComputerName":"AHMEDC","Duration":"00:00:05.0612110","StartTime":"2025-01-19T19:33:32.523536+00:00","EndTime":"2025-01-19T19:33:37.5847464+00:00","Properties":[{"Key":{"Id":"NUnit.Seed","Label":"Seed","Category":"","Description":"","Attributes":0,"ValueType":"System.String"},"Value":"1403897196"}]}],"TestRunStatistics":{"ExecutedTests":8,"Stats":{"Passed":7,"Failed":1}},"ActiveTests":[{"Id":"af5f2ee3-6857-7803-1c38-a285de48a40a","FullyQualifiedName":"ProjectName.Testovi.RegistracijaTest.UspjesnaRegistracijaSaValidnimPodacima","DisplayName":"UspjesnaRegistracijaSaValidnimPodacima","ExecutorUri":"executor://NUnit3TestExecutor","Source":"C:\\Users\\ahmed\\Desktop\\VVS\\VVSProjekatDio3\\bin\\Debug\\net8.0\\fine-code-coverage\\build-output\\VVSProjekatDio3.dll","CodeFilePath":null,"LineNumber":0,"Properties":[{"Key":{"Id":"NUnit.Seed","Label":"Seed","Category":"","Description":"","Attributes":0,"ValueType":"System.String"},"Value":"1300039470"}]}]}}
TpTrace Verbose: 0 : 13176, 14, 2025/01/19, 20:33:37.591, 21848058460776, vstest.console.dll, TestRunRequest:SendTestRunStatsChange: Starting.
TpTrace Verbose: 0 : 13176, 14, 2025/01/19, 20:33:37.591, 21848058461474, vstest.console.dll, InProgress is UspjesnaRegistracijaSaValidnimPodacima
TpTrace Verbose: 0 : 13176, 14, 2025/01/19, 20:33:37.591, 21848058461950, vstest.console.dll, MulticastDelegateUtilities.SafeInvoke: TestRun.RunStatsChanged: Invoking callbacks was skipped because there are no subscribers.
TpTrace Information: 0 : 13176, 14, 2025/01/19, 20:33:37.591, 21848058462256, vstest.console.dll, TestRunRequest:SendTestRunStatsChange: Completed.
TpTrace Verbose: 0 : 13176, 14, 2025/01/19, 20:33:37.591, 21848058462619, vstest.console.dll, MulticastDelegateUtilities.SafeInvoke: LengthPrefixCommunicationChannel: MessageReceived: Invoking callback 1/1 for Microsoft.VisualStudio.TestPlatform.CommunicationUtilities.TestRequestSender+<>c__DisplayClass34_0., took 0 ms.
TpTrace Verbose: 0 : 13176, 14, 2025/01/19, 20:33:37.591, 21848058463066, vstest.console.dll, TcpClientExtensions.MessageLoopAsync: Polling on remoteEndPoint: 127.0.0.1:51676 localEndPoint: 127.0.0.1:51674 after 31 ms
TpTrace Verbose: 0 : 13176, 4, 2025/01/19, 20:33:37.592, 21848058469460, vstest.console.dll, MulticastDelegateUtilities.SafeInvoke: InternalTestLoggerEvents.SendTestResult: Invoking callback 1/1 for Microsoft.VisualStudio.TestPlatform.CommandLine.Internal.ConsoleLogger., took 0 ms.
TpTrace Verbose: 0 : 13176, 12, 2025/01/19, 20:33:37.889, 21848061440280, vstest.console.dll, TestHostManagerCallbacks.StandardOutputReceivedCallback Test host standard output line: Starting ChromeDriver 132.0.6834.83 (03d59cf5ecf1d8444838ff9a1e96231304d4ff9c-refs/branch-heads/6834@{#3390}) on port 58566
TpTrace Verbose: 0 : 13176, 12, 2025/01/19, 20:33:37.889, 21848061441577, vstest.console.dll, MulticastDelegateUtilities.SafeInvoke: TestRunMessageLoggerProxy.SendMessage: Invoking callback 1/1 for Microsoft.VisualStudio.TestPlatform.Common.Logging.InternalTestLoggerEvents., took 0 ms.
TpTrace Verbose: 0 : 13176, 12, 2025/01/19, 20:33:37.889, 21848061441858, vstest.console.dll, TestHostManagerCallbacks.StandardOutputReceivedCallback Test host standard output line: Only local connections are allowed.
TpTrace Verbose: 0 : 13176, 4, 2025/01/19, 20:33:37.889, 21848061441958, vstest.console.dll, MulticastDelegateUtilities.SafeInvoke: InternalTestLoggerEvents.SendMessage: Invoking callback 1/1 for Microsoft.VisualStudio.TestPlatform.CommandLine.Internal.ConsoleLogger., took 0 ms.
TpTrace Verbose: 0 : 13176, 12, 2025/01/19, 20:33:37.889, 21848061442116, vstest.console.dll, MulticastDelegateUtilities.SafeInvoke: TestRunMessageLoggerProxy.SendMessage: Invoking callback 1/1 for Microsoft.VisualStudio.TestPlatform.Common.Logging.InternalTestLoggerEvents., took 0 ms.
TpTrace Verbose: 0 : 13176, 4, 2025/01/19, 20:33:37.889, 21848061443065, vstest.console.dll, MulticastDelegateUtilities.SafeInvoke: InternalTestLoggerEvents.SendMessage: Invoking callback 1/1 for Microsoft.VisualStudio.TestPlatform.CommandLine.Internal.ConsoleLogger., took 0 ms.
TpTrace Verbose: 0 : 13176, 12, 2025/01/19, 20:33:37.889, 21848061443711, vstest.console.dll, TestHostManagerCallbacks.StandardOutputReceivedCallback Test host standard output line: Please see https://chromedriver.chromium.org/security-considerations for suggestions on keeping ChromeDriver safe.
TpTrace Verbose: 0 : 13176, 12, 2025/01/19, 20:33:37.889, 21848061444487, vstest.console.dll, MulticastDelegateUtilities.SafeInvoke: TestRunMessageLoggerProxy.SendMessage: Invoking callback 1/1 for Microsoft.VisualStudio.TestPlatform.Common.Logging.InternalTestLoggerEvents., took 0 ms.
TpTrace Verbose: 0 : 13176, 4, 2025/01/19, 20:33:37.889, 21848061444634, vstest.console.dll, MulticastDelegateUtilities.SafeInvoke: InternalTestLoggerEvents.SendMessage: Invoking callback 1/1 for Microsoft.VisualStudio.TestPlatform.CommandLine.Internal.ConsoleLogger., took 0 ms.
TpTrace Verbose: 0 : 13176, 5, 2025/01/19, 20:33:37.893, 21848061479784, vstest.console.dll, TestHostManagerCallbacks.StandardOutputReceivedCallback Test host standard output line: ChromeDriver was started successfully on port 58566.
TpTrace Verbose: 0 : 13176, 5, 2025/01/19, 20:33:37.893, 21848061480651, vstest.console.dll, MulticastDelegateUtilities.SafeInvoke: TestRunMessageLoggerProxy.SendMessage: Invoking callback 1/1 for Microsoft.VisualStudio.TestPlatform.Common.Logging.InternalTestLoggerEvents., took 0 ms.
TpTrace Verbose: 0 : 13176, 4, 2025/01/19, 20:33:37.893, 21848061481062, vstest.console.dll, MulticastDelegateUtilities.SafeInvoke: InternalTestLoggerEvents.SendMessage: Invoking callback 1/1 for Microsoft.VisualStudio.TestPlatform.CommandLine.Internal.ConsoleLogger., took 0 ms.
TpTrace Verbose: 0 : 13176, 14, 2025/01/19, 20:33:38.605, 21848068601196, vstest.console.dll, TcpClientExtensions.MessageLoopAsync: Polling on remoteEndPoint: 127.0.0.1:51676 localEndPoint: 127.0.0.1:51674 after 1013 ms
TpTrace Verbose: 0 : 13176, 14, 2025/01/19, 20:33:39.609, 21848078642381, vstest.console.dll, TcpClientExtensions.MessageLoopAsync: Polling on remoteEndPoint: 127.0.0.1:51676 localEndPoint: 127.0.0.1:51674 after 1003 ms
TpTrace Verbose: 0 : 13176, 14, 2025/01/19, 20:33:40.624, 21848088793949, vstest.console.dll, TcpClientExtensions.MessageLoopAsync: Polling on remoteEndPoint: 127.0.0.1:51676 localEndPoint: 127.0.0.1:51674 after 1015 ms
TpTrace Verbose: 0 : 13176, 14, 2025/01/19, 20:33:41.627, 21848098825787, vstest.console.dll, TcpClientExtensions.MessageLoopAsync: Polling on remoteEndPoint: 127.0.0.1:51676 localEndPoint: 127.0.0.1:51674 after 1003 ms
TpTrace Verbose: 0 : 13176, 14, 2025/01/19, 20:33:42.639, 21848108944947, vstest.console.dll, TcpClientExtensions.MessageLoopAsync: Polling on remoteEndPoint: 127.0.0.1:51676 localEndPoint: 127.0.0.1:51674 after 1011 ms
TpTrace Verbose: 0 : 13176, 14, 2025/01/19, 20:33:42.750, 21848110056067, vstest.console.dll, TcpClientExtensions.MessageLoopAsync: NotifyDataAvailable remoteEndPoint: 127.0.0.1:51676 localEndPoint: 127.0.0.1:51674
TpTrace Verbose: 0 : 13176, 14, 2025/01/19, 20:33:42.751, 21848110057218, vstest.console.dll, TestRequestSender.OnExecutionMessageReceived: Received message: {"Version":7,"MessageType":"TestSession.Message","Payload":{"MessageLevel":0,"Message":"NUnit Adapter 4.6.0.0: Test execution complete"}}
TpTrace Verbose: 0 : 13176, 14, 2025/01/19, 20:33:42.751, 21848110059407, vstest.console.dll, TestRunRequest:SendTestRunMessage: Starting.
TpTrace Verbose: 0 : 13176, 14, 2025/01/19, 20:33:42.751, 21848110059896, vstest.console.dll, MulticastDelegateUtilities.SafeInvoke: TestRun.LogMessages: Invoking callback 1/1 for Microsoft.VisualStudio.TestPlatform.CommandLine.TestRunResultAggregator., took 0 ms.
TpTrace Information: 0 : 13176, 14, 2025/01/19, 20:33:42.751, 21848110060127, vstest.console.dll, TestRunRequest:SendTestRunMessage: Completed.
TpTrace Verbose: 0 : 13176, 14, 2025/01/19, 20:33:42.751, 21848110060395, vstest.console.dll, MulticastDelegateUtilities.SafeInvoke: LengthPrefixCommunicationChannel: MessageReceived: Invoking callback 1/1 for Microsoft.VisualStudio.TestPlatform.CommunicationUtilities.TestRequestSender+<>c__DisplayClass34_0., took 0 ms.
TpTrace Verbose: 0 : 13176, 4, 2025/01/19, 20:33:42.751, 21848110060518, vstest.console.dll, MulticastDelegateUtilities.SafeInvoke: InternalTestLoggerEvents.SendTestRunMessage: Invoking callback 1/1 for Microsoft.VisualStudio.TestPlatform.CommandLine.Internal.ConsoleLogger., took 0 ms.
TpTrace Verbose: 0 : 13176, 14, 2025/01/19, 20:33:42.751, 21848110060696, vstest.console.dll, TcpClientExtensions.MessageLoopAsync: Polling on remoteEndPoint: 127.0.0.1:51676 localEndPoint: 127.0.0.1:51674 after 111 ms
TpTrace Verbose: 0 : 13176, 14, 2025/01/19, 20:33:42.770, 21848110249813, vstest.console.dll, TcpClientExtensions.MessageLoopAsync: NotifyDataAvailable remoteEndPoint: 127.0.0.1:51676 localEndPoint: 127.0.0.1:51674
TpTrace Verbose: 0 : 13176, 14, 2025/01/19, 20:33:42.770, 21848110251554, vstest.console.dll, TestRequestSender.OnExecutionMessageReceived: Received message: {"Version":7,"MessageType":"TestExecution.Completed","Payload":{"TestRunCompleteArgs":{"TestRunStatistics":{"ExecutedTests":9,"Stats":{"Passed":7,"Failed":2}},"IsCanceled":false,"IsAborted":false,"Error":null,"AttachmentSets":[],"InvokedDataCollectors":[],"ElapsedTimeInRunningTests":"00:01:57.4855487","Metrics":{},"DiscoveredExtensions":{"TestDiscoverers":["NUnit.VisualStudio.TestAdapter.NUnit3TestDiscoverer, NUnit3.TestAdapter, Version=4.6.0.0, Culture=neutral, PublicKeyToken=4cb40d35494691ac"],"TestExecutors":["executor://NUnit3TestExecutor"],"TestExecutors2":[],"TestSettingsProviders":[]}},"LastRunTests":{"NewTestResults":[{"TestCase":{"Id":"af5f2ee3-6857-7803-1c38-a285de48a40a","FullyQualifiedName":"ProjectName.Testovi.RegistracijaTest.UspjesnaRegistracijaSaValidnimPodacima","DisplayName":"UspjesnaRegistracijaSaValidnimPodacima","ExecutorUri":"executor://NUnit3TestExecutor","Source":"C:\\Users\\ahmed\\Desktop\\VVS\\VVSProjekatDio3\\bin\\Debug\\net8.0\\fine-code-coverage\\build-output\\VVSProjekatDio3.dll","CodeFilePath":null,"LineNumber":0,"Properties":[{"Key":{"Id":"NUnit.Seed","Label":"Seed","Category":"","Description":"","Attributes":0,"ValueType":"System.String"},"Value":"1300039470"}]},"Attachments":[],"Outcome":2,"ErrorMessage":"OpenQA.Selenium.NoSuchWindowException : no such window: target window already closed\r\nfrom unknown error: web view not found\r\n  (Session info: chrome=132.0.6834.83)","ErrorStackTrace":"   at OpenQA.Selenium.WebDriver.UnpackAndThrowOnError(Response errorResponse, String commandToExecute)\r\n   at OpenQA.Selenium.WebDriver.ExecuteAsync(String driverCommandToExecute, Dictionary`2 parameters)\r\n   at OpenQA.Selenium.Navigator.GoToUrlAsync(String url)\r\n   at OpenQA.Selenium.Navigator.<>c__DisplayClass6_0.<<GoToUrl>b__0>d.MoveNext()\r\n--- End of stack trace from previous location ---\r\n   at OpenQA.Selenium.Navigator.GoToUrl(String url)\r\n   at ProjectName.Stranice.RegistracijaStranica.OtvoriMojRacunStranicu() in C:\\Users\\ahmed\\Desktop\\VVS\\VVSProjekatDio3\\Stranice\\RegistracijaStranica.cs:line 21\r\n   at ProjectName.Testovi.RegistracijaTest.UspjesnaRegistracijaSaValidnimPodacima() in C:\\Users\\ahmed\\Desktop\\VVS\\VVSProjekatDio3\\Testovi\\RegistracijaTest.cs:line 14\r\n   at System.RuntimeMethodHandle.InvokeMethod(Object target, Void** arguments, Signature sig, Boolean isConstructor)\r\n   at System.Reflection.MethodBaseInvoker.InvokeWithNoArgs(Object obj, BindingFlags invokeAttr)\n","DisplayName":"UspjesnaRegistracijaSaValidnimPodacima","Messages":[],"ComputerName":"AHMEDC","Duration":"00:00:05.1578739","StartTime":"2025-01-19T19:33:37.5851212+00:00","EndTime":"2025-01-19T19:33:42.742995+00:00","Properties":[{"Key":{"Id":"NUnit.Seed","Label":"Seed","Category":"","Description":"","Attributes":0,"ValueType":"System.String"},"Value":"1300039470"}]}],"TestRunStatistics":{"ExecutedTests":9,"Stats":{"Passed":7,"Failed":2}},"ActiveTests":[]},"RunAttachments":[],"ExecutorUris":["executor://nunit3testexecutor/"]}}
TpTrace Verbose: 0 : 13176, 14, 2025/01/19, 20:33:42.770, 21848110252737, vstest.console.dll, TestRequestSender.EndSession: Sending end session.
TpTrace Verbose: 0 : 13176, 14, 2025/01/19, 20:33:42.770, 21848110254706, vstest.console.dll, ProxyOperationManager.Close: waiting for test host to exit for 100 ms
TpTrace Verbose: 0 : 13176, 5, 2025/01/19, 20:33:42.827, 21848110825825, vstest.console.dll, TestHostManagerCallbacks.StandardOutputReceivedCallback Test host standard output line: 
TpTrace Warning: 0 : 13176, 10, 2025/01/19, 20:33:42.827, 21848110826131, vstest.console.dll, TestHostManagerCallbacks.ErrorReceivedCallback Test host standard error line: 
TpTrace Verbose: 0 : 13176, 10, 2025/01/19, 20:33:42.849, 21848111044522, vstest.console.dll, TestHostProvider.ExitCallBack: Host exited starting callback.
TpTrace Information: 0 : 13176, 10, 2025/01/19, 20:33:42.849, 21848111046154, vstest.console.dll, TestHostManagerCallbacks.ExitCallBack: Testhost processId: 19736 exited with exitcode: 0 error: ''
TpTrace Verbose: 0 : 13176, 10, 2025/01/19, 20:33:42.850, 21848111046470, vstest.console.dll, DotnetTestHostManager.OnHostExited: invoking OnHostExited callback
TpTrace Verbose: 0 : 13176, 10, 2025/01/19, 20:33:42.850, 21848111046936, vstest.console.dll, CrossPlatEngine.TestHostManagerHostExited: calling on client process exit callback.
TpTrace Information: 0 : 13176, 10, 2025/01/19, 20:33:42.850, 21848111047401, vstest.console.dll, TestRequestSender.OnClientProcessExit: Test host process exited. Standard error: 
TpTrace Information: 0 : 13176, 10, 2025/01/19, 20:33:42.850, 21848111047730, vstest.console.dll, SocketServer.Stop: Stop server endPoint: 127.0.0.1:51674
TpTrace Information: 0 : 13176, 10, 2025/01/19, 20:33:42.850, 21848111047946, vstest.console.dll, SocketServer.Stop: Cancellation requested. Stopping message loop.
TpTrace Information: 0 : 13176, 14, 2025/01/19, 20:33:42.850, 21848111048152, vstest.console.dll, SocketServer.Stop: Stop server endPoint: 127.0.0.1:51674
TpTrace Information: 0 : 13176, 14, 2025/01/19, 20:33:42.850, 21848111048931, vstest.console.dll, SocketServer.Stop: Cancellation requested. Stopping message loop.
TpTrace Verbose: 0 : 13176, 10, 2025/01/19, 20:33:42.850, 21848111049060, vstest.console.dll, MulticastDelegateUtilities.SafeInvoke: HostProviderEvents.OnHostExited: Invoking callback 1/1 for Microsoft.VisualStudio.TestPlatform.CrossPlatEngine.Client.ProxyOperationManager., took 0 ms.
TpTrace Information: 0 : 13176, 14, 2025/01/19, 20:33:42.850, 21848111049386, vstest.console.dll, Closing the connection
TpTrace Verbose: 0 : 13176, 14, 2025/01/19, 20:33:42.850, 21848111052173, vstest.console.dll, ProxyDataCollectionManager.InvokeDataCollectionServiceAction: Starting.
TpTrace Information: 0 : 13176, 14, 2025/01/19, 20:33:42.850, 21848111052508, vstest.console.dll, ProxyDataCollectionManager.AfterTestRunEnd: Get attachment set and invoked data collectors processId: 15584 port: 51667
TpTrace Verbose: 0 : 13176, 14, 2025/01/19, 20:33:42.850, 21848111053000, vstest.console.dll, DataCollectionRequestSender.SendAfterTestRunStartAndGetResult: Send AfterTestRunEnd message with isCancelled: False
TpTrace Verbose: 0 : 13176, 14, 2025/01/19, 20:33:42.857, 21848111117923, vstest.console.dll, DataCollectionRequestSender.SendAfterTestRunStartAndGetResult: Received message: (DataCollection.AfterTestRunEndResult) -> {"MessageType":"DataCollection.AfterTestRunEndResult","Payload":{"AttachmentSets":[],"InvokedDataCollectors":[{"Uri":"datacollector://Microsoft/TestPlatform/Extensions/Blame/v1","FriendlyName":"Blame","AssemblyQualifiedName":"Microsoft.TestPlatform.Extensions.BlameDataCollector.BlameCollector, Microsoft.TestPlatform.Extensions.BlameDataCollector, Version=15.0.0.0, Culture=neutral, PublicKeyToken=b03f5f7f11d50a3a","FilePath":"C:\\Program Files\\dotnet\\sdk\\9.0.100\\Extensions\\Microsoft.TestPlatform.Extensions.BlameDataCollector.dll","HasAttachmentProcessor":false}],"Metrics":{}}}
TpTrace Information: 0 : 13176, 14, 2025/01/19, 20:33:42.861, 21848111165139, vstest.console.dll, ProxyDataCollectionManager.InvokeDataCollectionServiceAction: Completed.
TpTrace Warning: 0 : 13176, 11, 2025/01/19, 20:33:42.878, 21848111332479, vstest.console.dll, DataCollectionLauncher.ErrorReceivedCallback datacollector standard error line: 
TpTrace Information: 0 : 13176, 11, 2025/01/19, 20:33:42.887, 21848111416998, vstest.console.dll, DataCollectionLauncher.ExitCallBack: Data collector exited with exitcode: 0 error: ''
TpTrace Verbose: 0 : 13176, 14, 2025/01/19, 20:33:42.892, 21848111467588, vstest.console.dll, TestRunRequest:SendTestRunStatsChange: Starting.
TpTrace Verbose: 0 : 13176, 14, 2025/01/19, 20:33:42.892, 21848111468194, vstest.console.dll, MulticastDelegateUtilities.SafeInvoke: TestRun.RunStatsChanged: Invoking callbacks was skipped because there are no subscribers.
TpTrace Information: 0 : 13176, 14, 2025/01/19, 20:33:42.892, 21848111468432, vstest.console.dll, TestRunRequest:SendTestRunStatsChange: Completed.
TpTrace Verbose: 0 : 13176, 14, 2025/01/19, 20:33:42.892, 21848111471465, vstest.console.dll, ParallelProxyExecutionManager: HandlePartialRunComplete: Total workloads = 1, Total started clients = 1 Total completed clients = 1, Run complete = True, Run canceled: False.
TpTrace Verbose: 0 : 13176, 14, 2025/01/19, 20:33:42.892, 21848111471835, vstest.console.dll, ParallelProxyExecutionManager: HandlePartialRunComplete: All runs completed stopping all managers.
TpTrace Verbose: 0 : 13176, 4, 2025/01/19, 20:33:42.892, 21848111471544, vstest.console.dll, MulticastDelegateUtilities.SafeInvoke: InternalTestLoggerEvents.SendTestResult: Invoking callback 1/1 for Microsoft.VisualStudio.TestPlatform.CommandLine.Internal.ConsoleLogger., took 0 ms.
TpTrace Verbose: 0 : 13176, 14, 2025/01/19, 20:33:42.892, 21848111472208, vstest.console.dll, ParallelOperationManager.StopAllManagers: Stopping all managers.
TpTrace Verbose: 0 : 13176, 14, 2025/01/19, 20:33:42.892, 21848111473027, vstest.console.dll, ParallelOperationManager.ClearSlots: Clearing all slots. Slots should accept more work: False
TpTrace Verbose: 0 : 13176, 14, 2025/01/19, 20:33:42.892, 21848111473415, vstest.console.dll, ParallelOperationManager.SetOccupiedSlotCount: Setting slot counts AvailableSlotCount = 1, OccupiedSlotCount = 0.
TpTrace Verbose: 0 : 13176, 14, 2025/01/19, 20:33:42.892, 21848111473804, vstest.console.dll, Occupied slots:

TpTrace Verbose: 0 : 13176, 4, 2025/01/19, 20:33:42.900, 21848111552135, vstest.console.dll, MulticastDelegateUtilities.SafeInvoke: InternalTestLoggerEvents.SendTestRunComplete: Invoking callback 1/2 for Microsoft.TestPlatform.Extensions.BlameDataCollector.BlameLogger., took 0 ms.
TpTrace Verbose: 0 : 13176, 4, 2025/01/19, 20:33:42.905, 21848111603188, vstest.console.dll, MulticastDelegateUtilities.SafeInvoke: InternalTestLoggerEvents.SendTestRunComplete: Invoking callback 2/2 for Microsoft.VisualStudio.TestPlatform.CommandLine.Internal.ConsoleLogger., took 5 ms.
TpTrace Verbose: 0 : 13176, 14, 2025/01/19, 20:33:42.906, 21848111608935, vstest.console.dll, TestRunRequest:TestRunComplete: Starting. IsAborted:False IsCanceled:False.
TpTrace Verbose: 0 : 13176, 14, 2025/01/19, 20:33:42.906, 21848111610407, vstest.console.dll, ParallelOperationManager.DoActionOnAllManagers: Calling an action on all managers.
TpTrace Verbose: 0 : 13176, 14, 2025/01/19, 20:33:42.907, 21848111618463, vstest.console.dll, TestLoggerManager.HandleTestRunComplete: Ignoring as the object is disposed.
TpTrace Verbose: 0 : 13176, 14, 2025/01/19, 20:33:42.907, 21848111620449, vstest.console.dll, MulticastDelegateUtilities.SafeInvoke: TestRun.TestRunComplete: Invoking callback 1/2 for Microsoft.VisualStudio.TestPlatform.CommandLine.TestRunResultAggregator., took 0 ms.
TpTrace Verbose: 0 : 13176, 14, 2025/01/19, 20:33:42.907, 21848111621624, vstest.console.dll, MulticastDelegateUtilities.SafeInvoke: TestRun.TestRunComplete: Invoking callback 2/2 for Microsoft.VisualStudio.TestPlatform.CommandLine.Processors.RunTestsArgumentExecutor+TestRunRequestEventsRegistrar., took 0 ms.
TpTrace Information: 0 : 13176, 14, 2025/01/19, 20:33:42.907, 21848111622319, vstest.console.dll, TestRunRequest:TestRunComplete: Completed.
TpTrace Verbose: 0 : 13176, 14, 2025/01/19, 20:33:42.907, 21848111622579, vstest.console.dll, TestRequestSender.SetOperationComplete: Setting operation complete.
TpTrace Information: 0 : 13176, 14, 2025/01/19, 20:33:42.907, 21848111622789, vstest.console.dll, SocketServer.Stop: Stop server endPoint: 127.0.0.1:51674
TpTrace Information: 0 : 13176, 14, 2025/01/19, 20:33:42.907, 21848111623017, vstest.console.dll, SocketServer.Stop: Cancellation requested. Stopping message loop.
TpTrace Verbose: 0 : 13176, 1, 2025/01/19, 20:33:42.907, 21848111623086, vstest.console.dll, TestRunRequest.Dispose: Starting.
TpTrace Information: 0 : 13176, 1, 2025/01/19, 20:33:42.907, 21848111623812, vstest.console.dll, TestRunRequest.Dispose: Completed.
TpTrace Information: 0 : 13176, 1, 2025/01/19, 20:33:42.907, 21848111624155, vstest.console.dll, TestRequestManager.RunTests: run tests completed.
TpTrace Verbose: 0 : 13176, 14, 2025/01/19, 20:33:42.907, 21848111623229, vstest.console.dll, MulticastDelegateUtilities.SafeInvoke: LengthPrefixCommunicationChannel: MessageReceived: Invoking callback 1/1 for Microsoft.VisualStudio.TestPlatform.CommunicationUtilities.TestRequestSender+<>c__DisplayClass34_0., took 137 ms.
TpTrace Information: 0 : 13176, 1, 2025/01/19, 20:33:42.907, 21848111624908, vstest.console.dll, RunTestsArgumentProcessor:Execute: Test run is completed.
TpTrace Information: 0 : 13176, 14, 2025/01/19, 20:33:42.907, 21848111625076, vstest.console.dll, SocketServer.PrivateStop: Stopping server endPoint: 127.0.0.1:51674 error: 
TpTrace Verbose: 0 : 13176, 1, 2025/01/19, 20:33:42.908, 21848111627345, vstest.console.dll, Executor.Execute: Exiting with exit code of 1
TpTrace Verbose: 0 : 13176, 14, 2025/01/19, 20:33:42.908, 21848111628513, vstest.console.dll, LengthPrefixCommunicationChannel.Dispose: Dispose reader and writer.
TpTrace Information: 0 : 13176, 14, 2025/01/19, 20:33:42.908, 21848111629179, vstest.console.dll, SocketServer.Stop: Raise disconnected event endPoint: 127.0.0.1:51674 error: 
TpTrace Verbose: 0 : 13176, 14, 2025/01/19, 20:33:42.908, 21848111629673, vstest.console.dll, TestRequestSender: OnTestRunAbort: Operation is already complete. Skip error message.
TpTrace Verbose: 0 : 13176, 14, 2025/01/19, 20:33:42.908, 21848111629952, vstest.console.dll, MulticastDelegateUtilities.SafeInvoke: SocketServer: ClientDisconnected: Invoking callback 1/1 for Microsoft.VisualStudio.TestPlatform.CommunicationUtilities.TestRequestSender., took 0 ms.
TpTrace Verbose: 0 : 13176, 14, 2025/01/19, 20:33:42.908, 21848111630170, vstest.console.dll, TcpClientExtensions.MessageLoopAsync: exiting MessageLoopAsync remoteEndPoint: 127.0.0.1:51676 localEndPoint: 127.0.0.1:51674
